2021-07-01 16:13:28  ошибка в бд - Incorrect integer value: '' for column 'id_goods' at row 1  Настольная игра – VIRUS
2021-07-01 16:13:28  ошибка в бд - Incorrect integer value: '' for column 'id_goods' at row 1  Настольная игра – VIRUS
2021-07-01 16:13:28  ошибка в бд - Incorrect integer value: '' for column 'id_goods' at row 1  Настольная игра – VIRUS
2021-07-01 16:13:28  ошибка в бд - Incorrect integer value: '' for column 'id_goods' at row 1  Настольная игра – VIRUS
2021-07-01 16:13:28  ошибка в бд - Incorrect integer value: '' for column 'id_goods' at row 1  Настольная игра – VIRUS
2021-07-01 16:13:28  ошибка в бд - Incorrect integer value: '' for column 'id_goods' at row 1  Настольная игра – VIRUS
2021-07-01 16:13:28  ошибка в бд - Incorrect integer value: '' for column 'id_goods' at row 1  Настольная игра – VIRUS
2021-07-01 16:13:28  ошибка в бд - Incorrect integer value: '' for column 'id_goods' at row 1  Настольная игра – VIRUS
2021-07-01 16:13:28  ошибка в бд - Incorrect integer value: '' for column 'id_goods' at row 1  Настольная игра – VIRUS
2021-07-01 16:13:28  ошибка в бд - Incorrect integer value: '' for column 'id_goods' at row 1  Настольная игра – VIRUS
2021-07-01 16:13:28  ошибка в бд - Incorrect integer value: '' for column 'id_goods' at row 1  Настольная игра – VIRUS
2021-07-01 16:13:28  ошибка в бд - Incorrect integer value: '' for column 'id_goods' at row 1  Настольная игра – VIRUS
2021-07-01 16:13:28  ошибка в бд - Incorrect integer value: '' for column 'id_goods' at row 1  Настольная игра – VIRUS
2021-07-01 16:13:28  ошибка в бд - Incorrect integer value: '' for column 'id_goods' at row 1  Настольная игра – VIRUS
2021-07-01 16:13:28  ошибка в бд - Incorrect integer value: '' for column 'id_goods' at row 1  Настольная игра – VIRUS
2021-07-01 16:13:28  ошибка в бд - Incorrect integer value: '' for column 'id_goods' at row 1  Настольная игра – VIRUS
2021-07-01 16:13:28  ошибка в бд - Incorrect integer value: '' for column 'id_goods' at row 1  Настольная игра – VIRUS
2021-07-01 16:13:28  ошибка в бд - Incorrect integer value: '' for column 'id_goods' at row 1  Настольная игра – VIRUS
2021-07-01 16:13:28  ошибка в бд - Incorrect integer value: '' for column 'id_goods' at row 1  Настольная игра – VIRUS
2021-07-01 16:13:28  ошибка в бд - Incorrect integer value: '' for column 'id_goods' at row 1  Настольная игра – VIRUS
2021-07-01 16:13:28  ошибка в бд - Incorrect integer value: '' for column 'id_goods' at row 1  Настольная игра – VIRUS
2021-07-01 16:13:28  ошибка в бд - Incorrect integer value: '' for column 'id_goods' at row 1  Настольная игра – VIRUS
2021-07-01 16:13:28  ошибка в бд - Incorrect integer value: '' for column 'id_goods' at row 1  Настольная игра – VIRUS
2021-07-01 16:13:28  ошибка в бд - Incorrect integer value: '' for column 'id_goods' at row 1  Настольная игра – VIRUS
2021-07-01 16:13:28  ошибка в бд - Incorrect integer value: '' for column 'id_goods' at row 1  Настольная игра – VIRUS
2021-07-01 16:13:28  ошибка в бд - Incorrect integer value: '' for column 'id_goods' at row 1  Настольная игра – VIRUS
2021-07-01 16:13:28  ошибка в бд - Incorrect integer value: '' for column 'id_goods' at row 1  Настольная игра – VIRUS
2021-07-01 16:13:28  ошибка в бд - Incorrect integer value: '' for column 'id_goods' at row 1  Настольная игра – VIRUS
2021-07-01 16:13:28  ошибка в бд - Incorrect integer value: '' for column 'id_goods' at row 1  Настольная игра – VIRUS
2021-07-01 16:13:28  ошибка в бд - Incorrect integer value: '' for column 'id_goods' at row 1  Настольная игра – VIRUS
2021-07-01 16:13:28  ошибка в бд - Incorrect integer value: '' for column 'id_goods' at row 1  Настольная игра – VIRUS
2021-07-01 16:13:28  ошибка в бд - Incorrect integer value: '' for column 'id_goods' at row 1  Настольная игра – VIRUS
2021-07-01 16:13:28  ошибка в бд - Incorrect integer value: '' for column 'id_goods' at row 1  Настольная игра – VIRUS
2021-07-01 16:13:28  ошибка в бд - Incorrect integer value: '' for column 'id_goods' at row 1  Настольная игра – VIRUS
2021-07-01 16:48:17  ошибка в бд - Incorrect integer value: '' for column 'id_goods' at row 1  Акционный набор игрушек - РАЗНОЦВЕТНЫЕ ШАРИКИ (для сухого бассейна, 100 шт.)
2021-07-01 16:48:17  ошибка в бд - Incorrect integer value: '' for column 'id_goods' at row 1  Акционный набор игрушек - РАЗНОЦВЕТНЫЕ ШАРИКИ (для сухого бассейна, 100 шт.)
2021-07-01 16:48:17  ошибка в бд - Incorrect integer value: '' for column 'id_goods' at row 1  Акционный набор игрушек - РАЗНОЦВЕТНЫЕ ШАРИКИ (для сухого бассейна, 100 шт.)
2021-07-01 16:48:17  ошибка в бд - Incorrect integer value: '' for column 'id_goods' at row 1  Акционный набор игрушек - РАЗНОЦВЕТНЫЕ ШАРИКИ (для сухого бассейна, 100 шт.)
2021-07-01 16:48:17  ошибка в бд - Incorrect integer value: '' for column 'id_goods' at row 1  Акционный набор игрушек - РАЗНОЦВЕТНЫЕ ШАРИКИ (для сухого бассейна, 100 шт.)
2021-07-01 16:48:17  ошибка в бд - Incorrect integer value: '' for column 'id_goods' at row 1  Акционный набор игрушек - РАЗНОЦВЕТНЫЕ ШАРИКИ (для сухого бассейна, 100 шт.)
2021-07-01 16:48:17  ошибка в бд - Incorrect integer value: '' for column 'id_goods' at row 1  Акционный набор игрушек - РАЗНОЦВЕТНЫЕ ШАРИКИ (для сухого бассейна, 100 шт.)
2021-07-01 16:48:17  ошибка в бд - Incorrect integer value: '' for column 'id_goods' at row 1  Акционный набор игрушек - РАЗНОЦВЕТНЫЕ ШАРИКИ (для сухого бассейна, 100 шт.)
2021-07-01 16:48:17  ошибка в бд - Incorrect integer value: '' for column 'id_goods' at row 1  Акционный набор игрушек - РАЗНОЦВЕТНЫЕ ШАРИКИ (для сухого бассейна, 100 шт.)
2021-07-01 16:48:17  ошибка в бд - Incorrect integer value: '' for column 'id_goods' at row 1  Акционный набор игрушек - РАЗНОЦВЕТНЫЕ ШАРИКИ (для сухого бассейна, 100 шт.)
2021-07-01 16:48:17  ошибка в бд - Incorrect integer value: '' for column 'id_goods' at row 1  Акционный набор игрушек - РАЗНОЦВЕТНЫЕ ШАРИКИ (для сухого бассейна, 100 шт.)
2021-07-01 16:48:17  ошибка в бд - Incorrect integer value: '' for column 'id_goods' at row 1  Акционный набор игрушек - РАЗНОЦВЕТНЫЕ ШАРИКИ (для сухого бассейна, 100 шт.)
2021-07-01 16:48:17  ошибка в бд - Incorrect integer value: '' for column 'id_goods' at row 1  Акционный набор игрушек - РАЗНОЦВЕТНЫЕ ШАРИКИ (для сухого бассейна, 100 шт.)
2021-07-01 16:48:17  ошибка в бд - Incorrect integer value: '' for column 'id_goods' at row 1  Акционный набор игрушек - РАЗНОЦВЕТНЫЕ ШАРИКИ (для сухого бассейна, 100 шт.)
2021-07-01 16:48:17  ошибка в бд - Incorrect integer value: '' for column 'id_goods' at row 1  Акционный набор игрушек - РАЗНОЦВЕТНЫЕ ШАРИКИ (для сухого бассейна, 100 шт.)
2021-07-01 16:48:17  ошибка в бд - Incorrect integer value: '' for column 'id_goods' at row 1  Акционный набор игрушек - РАЗНОЦВЕТНЫЕ ШАРИКИ (для сухого бассейна, 100 шт.)
2021-07-01 16:48:17  ошибка в бд - Incorrect integer value: '' for column 'id_goods' at row 1  Акционный набор игрушек - РАЗНОЦВЕТНЫЕ ШАРИКИ (для сухого бассейна, 100 шт.)
2021-07-01 16:48:17  ошибка в бд - Incorrect integer value: '' for column 'id_goods' at row 1  Акционный набор игрушек - РАЗНОЦВЕТНЫЕ ШАРИКИ (для сухого бассейна, 100 шт.)
2021-07-01 16:48:17  ошибка в бд - Incorrect integer value: '' for column 'id_goods' at row 1  Акционный набор игрушек - РАЗНОЦВЕТНЫЕ ШАРИКИ (для сухого бассейна, 100 шт.)
2021-07-01 16:48:17  ошибка в бд - Incorrect integer value: '' for column 'id_goods' at row 1  Акционный набор игрушек - РАЗНОЦВЕТНЫЕ ШАРИКИ (для сухого бассейна, 100 шт.)
2021-07-01 16:48:17  ошибка в бд - Incorrect integer value: '' for column 'id_goods' at row 1  Акционный набор игрушек - РАЗНОЦВЕТНЫЕ ШАРИКИ (для сухого бассейна, 100 шт.)
2021-07-01 16:48:17  ошибка в бд - Incorrect integer value: '' for column 'id_goods' at row 1  Акционный набор игрушек - РАЗНОЦВЕТНЫЕ ШАРИКИ (для сухого бассейна, 100 шт.)
2021-07-01 16:48:17  ошибка в бд - Incorrect integer value: '' for column 'id_goods' at row 1  Акционный набор игрушек - РАЗНОЦВЕТНЫЕ ШАРИКИ (для сухого бассейна, 100 шт.)
2021-07-01 16:48:17  ошибка в бд - Incorrect integer value: '' for column 'id_goods' at row 1  Акционный набор игрушек - РАЗНОЦВЕТНЫЕ ШАРИКИ (для сухого бассейна, 100 шт.)
2021-07-01 16:48:17  ошибка в бд - Incorrect integer value: '' for column 'id_goods' at row 1  Акционный набор игрушек - РАЗНОЦВЕТНЫЕ ШАРИКИ (для сухого бассейна, 100 шт.)
2021-07-01 16:48:17  ошибка в бд - Incorrect integer value: '' for column 'id_goods' at row 1  Акционный набор игрушек - РАЗНОЦВЕТНЫЕ ШАРИКИ (для сухого бассейна, 100 шт.)
2021-07-01 16:48:17  ошибка в бд - Incorrect integer value: '' for column 'id_goods' at row 1  Акционный набор игрушек - РАЗНОЦВЕТНЫЕ ШАРИКИ (для сухого бассейна, 100 шт.)
2021-07-01 16:48:17  ошибка в бд - Incorrect integer value: '' for column 'id_goods' at row 1  Акционный набор игрушек - РАЗНОЦВЕТНЫЕ ШАРИКИ (для сухого бассейна, 100 шт.)
2021-07-01 16:48:17  ошибка в бд - Incorrect integer value: '' for column 'id_goods' at row 1  Акционный набор игрушек - РАЗНОЦВЕТНЫЕ ШАРИКИ (для сухого бассейна, 100 шт.)
2021-07-01 16:48:17  ошибка в бд - Incorrect integer value: '' for column 'id_goods' at row 1  Акционный набор игрушек - РАЗНОЦВЕТНЫЕ ШАРИКИ (для сухого бассейна, 100 шт.)
2021-07-01 16:48:17  ошибка в бд - Incorrect integer value: '' for column 'id_goods' at row 1  Акционный набор игрушек - РАЗНОЦВЕТНЫЕ ШАРИКИ (для сухого бассейна, 100 шт.)
2021-07-01 16:48:17  ошибка в бд - Incorrect integer value: '' for column 'id_goods' at row 1  Акционный набор игрушек - РАЗНОЦВЕТНЫЕ ШАРИКИ (для сухого бассейна, 100 шт.)
2021-07-01 16:48:17  ошибка в бд - Incorrect integer value: '' for column 'id_goods' at row 1  Акционный набор игрушек - РАЗНОЦВЕТНЫЕ ШАРИКИ (для сухого бассейна, 100 шт.)
2021-07-01 16:52:08  ошибка в бд - Incorrect integer value: '' for column 'id_goods' at row 1  Кукла BABY BORN серии \"Нежные объятия\" - ВОЛШЕБНАЯ ДЕВОЧКА (43 cm, с аксессуарами)
2021-07-01 16:52:08  ошибка в бд - Incorrect integer value: '' for column 'id_goods' at row 1  Кукла BABY BORN серии \"Нежные объятия\" - ВОЛШЕБНАЯ ДЕВОЧКА (43 cm, с аксессуарами)
2021-07-01 16:52:08  ошибка в бд - Incorrect integer value: '' for column 'id_goods' at row 1  Кукла BABY BORN серии \"Нежные объятия\" - ВОЛШЕБНАЯ ДЕВОЧКА (43 cm, с аксессуарами)
2021-07-01 16:52:08  ошибка в бд - Incorrect integer value: '' for column 'id_goods' at row 1  Кукла BABY BORN серии \"Нежные объятия\" - ВОЛШЕБНАЯ ДЕВОЧКА (43 cm, с аксессуарами)
2021-07-01 16:52:08  ошибка в бд - Incorrect integer value: '' for column 'id_goods' at row 1  Кукла BABY BORN серии \"Нежные объятия\" - ВОЛШЕБНАЯ ДЕВОЧКА (43 cm, с аксессуарами)
2021-07-01 16:52:08  ошибка в бд - Incorrect integer value: '' for column 'id_goods' at row 1  Кукла BABY BORN серии \"Нежные объятия\" - ВОЛШЕБНАЯ ДЕВОЧКА (43 cm, с аксессуарами)
2021-07-01 16:52:08  ошибка в бд - Incorrect integer value: '' for column 'id_goods' at row 1  Кукла BABY BORN серии \"Нежные объятия\" - ВОЛШЕБНАЯ ДЕВОЧКА (43 cm, с аксессуарами)
2021-07-01 16:52:08  ошибка в бд - Incorrect integer value: '' for column 'id_goods' at row 1  Кукла BABY BORN серии \"Нежные объятия\" - ВОЛШЕБНАЯ ДЕВОЧКА (43 cm, с аксессуарами)
2021-07-01 16:52:08  ошибка в бд - Incorrect integer value: '' for column 'id_goods' at row 1  Кукла BABY BORN серии \"Нежные объятия\" - ВОЛШЕБНАЯ ДЕВОЧКА (43 cm, с аксессуарами)
2021-07-01 16:52:08  ошибка в бд - Incorrect integer value: '' for column 'id_goods' at row 1  Кукла BABY BORN серии \"Нежные объятия\" - ВОЛШЕБНАЯ ДЕВОЧКА (43 cm, с аксессуарами)
2021-07-01 16:52:08  ошибка в бд - Incorrect integer value: '' for column 'id_goods' at row 1  Кукла BABY BORN серии \"Нежные объятия\" - ВОЛШЕБНАЯ ДЕВОЧКА (43 cm, с аксессуарами)
2021-07-01 16:52:08  ошибка в бд - Incorrect integer value: '' for column 'id_goods' at row 1  Кукла BABY BORN серии \"Нежные объятия\" - ВОЛШЕБНАЯ ДЕВОЧКА (43 cm, с аксессуарами)
2021-07-01 16:52:08  ошибка в бд - Incorrect integer value: '' for column 'id_goods' at row 1  Кукла BABY BORN серии \"Нежные объятия\" - ВОЛШЕБНАЯ ДЕВОЧКА (43 cm, с аксессуарами)
2021-07-01 16:52:08  ошибка в бд - Incorrect integer value: '' for column 'id_goods' at row 1  Кукла BABY BORN серии \"Нежные объятия\" - ВОЛШЕБНАЯ ДЕВОЧКА (43 cm, с аксессуарами)
2021-07-01 16:52:08  ошибка в бд - Incorrect integer value: '' for column 'id_goods' at row 1  Кукла BABY BORN серии \"Нежные объятия\" - ВОЛШЕБНАЯ ДЕВОЧКА (43 cm, с аксессуарами)
2021-07-01 16:52:08  ошибка в бд - Incorrect integer value: '' for column 'id_goods' at row 1  Кукла BABY BORN серии \"Нежные объятия\" - ВОЛШЕБНАЯ ДЕВОЧКА (43 cm, с аксессуарами)
2021-07-01 16:52:08  ошибка в бд - Incorrect integer value: '' for column 'id_goods' at row 1  Кукла BABY BORN серии \"Нежные объятия\" - ВОЛШЕБНАЯ ДЕВОЧКА (43 cm, с аксессуарами)
2021-07-01 16:52:08  ошибка в бд - Incorrect integer value: '' for column 'id_goods' at row 1  Кукла BABY BORN серии \"Нежные объятия\" - ВОЛШЕБНАЯ ДЕВОЧКА (43 cm, с аксессуарами)
2021-07-01 16:52:08  ошибка в бд - Incorrect integer value: '' for column 'id_goods' at row 1  Кукла BABY BORN серии \"Нежные объятия\" - ВОЛШЕБНАЯ ДЕВОЧКА (43 cm, с аксессуарами)
2021-07-01 16:52:08  ошибка в бд - Incorrect integer value: '' for column 'id_goods' at row 1  Кукла BABY BORN серии \"Нежные объятия\" - ВОЛШЕБНАЯ ДЕВОЧКА (43 cm, с аксессуарами)
2021-07-01 16:52:08  ошибка в бд - Incorrect integer value: '' for column 'id_goods' at row 1  Кукла BABY BORN серии \"Нежные объятия\" - ВОЛШЕБНАЯ ДЕВОЧКА (43 cm, с аксессуарами)
2021-07-01 16:52:08  ошибка в бд - Incorrect integer value: '' for column 'id_goods' at row 1  Кукла BABY BORN серии \"Нежные объятия\" - ВОЛШЕБНАЯ ДЕВОЧКА (43 cm, с аксессуарами)
2021-07-01 16:52:08  ошибка в бд - Incorrect integer value: '' for column 'id_goods' at row 1  Кукла BABY BORN серии \"Нежные объятия\" - ВОЛШЕБНАЯ ДЕВОЧКА (43 cm, с аксессуарами)
2021-07-01 16:52:08  ошибка в бд - Incorrect integer value: '' for column 'id_goods' at row 1  Кукла BABY BORN серии \"Нежные объятия\" - ВОЛШЕБНАЯ ДЕВОЧКА (43 cm, с аксессуарами)
2021-07-01 16:52:08  ошибка в бд - Incorrect integer value: '' for column 'id_goods' at row 1  Кукла BABY BORN серии \"Нежные объятия\" - ВОЛШЕБНАЯ ДЕВОЧКА (43 cm, с аксессуарами)
2021-07-01 16:52:08  ошибка в бд - Incorrect integer value: '' for column 'id_goods' at row 1  Кукла BABY BORN серии \"Нежные объятия\" - ВОЛШЕБНАЯ ДЕВОЧКА (43 cm, с аксессуарами)
2021-07-01 16:52:08  ошибка в бд - Incorrect integer value: '' for column 'id_goods' at row 1  Кукла BABY BORN серии \"Нежные объятия\" - ВОЛШЕБНАЯ ДЕВОЧКА (43 cm, с аксессуарами)
2021-07-01 16:52:08  ошибка в бд - Incorrect integer value: '' for column 'id_goods' at row 1  Кукла BABY BORN серии \"Нежные объятия\" - ВОЛШЕБНАЯ ДЕВОЧКА (43 cm, с аксессуарами)
2021-07-01 16:52:08  ошибка в бд - Incorrect integer value: '' for column 'id_goods' at row 1  Кукла BABY BORN серии \"Нежные объятия\" - ВОЛШЕБНАЯ ДЕВОЧКА (43 cm, с аксессуарами)
2021-07-01 16:52:08  ошибка в бд - Incorrect integer value: '' for column 'id_goods' at row 1  Кукла BABY BORN серии \"Нежные объятия\" - ВОЛШЕБНАЯ ДЕВОЧКА (43 cm, с аксессуарами)
2021-07-01 16:52:08  ошибка в бд - Incorrect integer value: '' for column 'id_goods' at row 1  Кукла BABY BORN серии \"Нежные объятия\" - ВОЛШЕБНАЯ ДЕВОЧКА (43 cm, с аксессуарами)
2021-07-01 16:52:08  ошибка в бд - Incorrect integer value: '' for column 'id_goods' at row 1  Кукла BABY BORN серии \"Нежные объятия\" - ВОЛШЕБНАЯ ДЕВОЧКА (43 cm, с аксессуарами)
2021-07-01 16:52:08  ошибка в бд - Incorrect integer value: '' for column 'id_goods' at row 1  Кукла BABY BORN серии \"Нежные объятия\" - ВОЛШЕБНАЯ ДЕВОЧКА (43 cm, с аксессуарами)
2021-07-01 16:52:08  ошибка в бд - Incorrect integer value: '' for column 'id_goods' at row 1  Кукла BABY BORN серии \"Нежные объятия\" - ВОЛШЕБНЫЙ МАЛЬЧИК (43 cm, с аксессуарами)
2021-07-01 16:52:08  ошибка в бд - Incorrect integer value: '' for column 'id_goods' at row 1  Кукла BABY BORN серии \"Нежные объятия\" - ВОЛШЕБНЫЙ МАЛЬЧИК (43 cm, с аксессуарами)
2021-07-01 16:52:08  ошибка в бд - Incorrect integer value: '' for column 'id_goods' at row 1  Кукла BABY BORN серии \"Нежные объятия\" - ВОЛШЕБНЫЙ МАЛЬЧИК (43 cm, с аксессуарами)
2021-07-01 16:52:08  ошибка в бд - Incorrect integer value: '' for column 'id_goods' at row 1  Кукла BABY BORN серии \"Нежные объятия\" - ВОЛШЕБНЫЙ МАЛЬЧИК (43 cm, с аксессуарами)
2021-07-01 16:52:08  ошибка в бд - Incorrect integer value: '' for column 'id_goods' at row 1  Кукла BABY BORN серии \"Нежные объятия\" - ВОЛШЕБНЫЙ МАЛЬЧИК (43 cm, с аксессуарами)
2021-07-01 16:52:08  ошибка в бд - Incorrect integer value: '' for column 'id_goods' at row 1  Кукла BABY BORN серии \"Нежные объятия\" - ВОЛШЕБНЫЙ МАЛЬЧИК (43 cm, с аксессуарами)
2021-07-01 16:52:08  ошибка в бд - Incorrect integer value: '' for column 'id_goods' at row 1  Кукла BABY BORN серии \"Нежные объятия\" - ВОЛШЕБНЫЙ МАЛЬЧИК (43 cm, с аксессуарами)
2021-07-01 16:52:08  ошибка в бд - Incorrect integer value: '' for column 'id_goods' at row 1  Кукла BABY BORN серии \"Нежные объятия\" - ВОЛШЕБНЫЙ МАЛЬЧИК (43 cm, с аксессуарами)
2021-07-01 16:52:08  ошибка в бд - Incorrect integer value: '' for column 'id_goods' at row 1  Кукла BABY BORN серии \"Нежные объятия\" - ВОЛШЕБНЫЙ МАЛЬЧИК (43 cm, с аксессуарами)
2021-07-01 16:52:08  ошибка в бд - Incorrect integer value: '' for column 'id_goods' at row 1  Кукла BABY BORN серии \"Нежные объятия\" - ВОЛШЕБНЫЙ МАЛЬЧИК (43 cm, с аксессуарами)
2021-07-01 16:52:08  ошибка в бд - Incorrect integer value: '' for column 'id_goods' at row 1  Кукла BABY BORN серии \"Нежные объятия\" - ВОЛШЕБНЫЙ МАЛЬЧИК (43 cm, с аксессуарами)
2021-07-01 16:52:08  ошибка в бд - Incorrect integer value: '' for column 'id_goods' at row 1  Кукла BABY BORN серии \"Нежные объятия\" - ВОЛШЕБНЫЙ МАЛЬЧИК (43 cm, с аксессуарами)
2021-07-01 16:52:08  ошибка в бд - Incorrect integer value: '' for column 'id_goods' at row 1  Кукла BABY BORN серии \"Нежные объятия\" - ВОЛШЕБНЫЙ МАЛЬЧИК (43 cm, с аксессуарами)
2021-07-01 16:52:08  ошибка в бд - Incorrect integer value: '' for column 'id_goods' at row 1  Кукла BABY BORN серии \"Нежные объятия\" - ВОЛШЕБНЫЙ МАЛЬЧИК (43 cm, с аксессуарами)
2021-07-01 16:52:08  ошибка в бд - Incorrect integer value: '' for column 'id_goods' at row 1  Кукла BABY BORN серии \"Нежные объятия\" - ВОЛШЕБНЫЙ МАЛЬЧИК (43 cm, с аксессуарами)
2021-07-01 16:52:08  ошибка в бд - Incorrect integer value: '' for column 'id_goods' at row 1  Кукла BABY BORN серии \"Нежные объятия\" - ВОЛШЕБНЫЙ МАЛЬЧИК (43 cm, с аксессуарами)
2021-07-01 16:52:08  ошибка в бд - Incorrect integer value: '' for column 'id_goods' at row 1  Кукла BABY BORN серии \"Нежные объятия\" - ВОЛШЕБНЫЙ МАЛЬЧИК (43 cm, с аксессуарами)
2021-07-01 16:52:08  ошибка в бд - Incorrect integer value: '' for column 'id_goods' at row 1  Кукла BABY BORN серии \"Нежные объятия\" - ВОЛШЕБНЫЙ МАЛЬЧИК (43 cm, с аксессуарами)
2021-07-01 16:52:08  ошибка в бд - Incorrect integer value: '' for column 'id_goods' at row 1  Кукла BABY BORN серии \"Нежные объятия\" - ВОЛШЕБНЫЙ МАЛЬЧИК (43 cm, с аксессуарами)
2021-07-01 16:52:08  ошибка в бд - Incorrect integer value: '' for column 'id_goods' at row 1  Кукла BABY BORN серии \"Нежные объятия\" - ВОЛШЕБНЫЙ МАЛЬЧИК (43 cm, с аксессуарами)
2021-07-01 16:52:08  ошибка в бд - Incorrect integer value: '' for column 'id_goods' at row 1  Кукла BABY BORN серии \"Нежные объятия\" - ВОЛШЕБНЫЙ МАЛЬЧИК (43 cm, с аксессуарами)
2021-07-01 16:52:08  ошибка в бд - Incorrect integer value: '' for column 'id_goods' at row 1  Кукла BABY BORN серии \"Нежные объятия\" - ВОЛШЕБНЫЙ МАЛЬЧИК (43 cm, с аксессуарами)
2021-07-01 16:52:08  ошибка в бд - Incorrect integer value: '' for column 'id_goods' at row 1  Кукла BABY BORN серии \"Нежные объятия\" - ВОЛШЕБНЫЙ МАЛЬЧИК (43 cm, с аксессуарами)
2021-07-01 16:52:08  ошибка в бд - Incorrect integer value: '' for column 'id_goods' at row 1  Кукла BABY BORN серии \"Нежные объятия\" - ВОЛШЕБНЫЙ МАЛЬЧИК (43 cm, с аксессуарами)
2021-07-01 16:52:08  ошибка в бд - Incorrect integer value: '' for column 'id_goods' at row 1  Кукла BABY BORN серии \"Нежные объятия\" - ВОЛШЕБНЫЙ МАЛЬЧИК (43 cm, с аксессуарами)
2021-07-01 16:52:08  ошибка в бд - Incorrect integer value: '' for column 'id_goods' at row 1  Кукла BABY BORN серии \"Нежные объятия\" - ВОЛШЕБНЫЙ МАЛЬЧИК (43 cm, с аксессуарами)
2021-07-01 16:52:08  ошибка в бд - Incorrect integer value: '' for column 'id_goods' at row 1  Кукла BABY BORN серии \"Нежные объятия\" - ВОЛШЕБНЫЙ МАЛЬЧИК (43 cm, с аксессуарами)
2021-07-01 16:52:08  ошибка в бд - Incorrect integer value: '' for column 'id_goods' at row 1  Кукла BABY BORN серии \"Нежные объятия\" - ВОЛШЕБНЫЙ МАЛЬЧИК (43 cm, с аксессуарами)
2021-07-01 16:52:08  ошибка в бд - Incorrect integer value: '' for column 'id_goods' at row 1  Кукла BABY BORN серии \"Нежные объятия\" - ВОЛШЕБНЫЙ МАЛЬЧИК (43 cm, с аксессуарами)
2021-07-01 16:52:08  ошибка в бд - Incorrect integer value: '' for column 'id_goods' at row 1  Кукла BABY BORN серии \"Нежные объятия\" - ВОЛШЕБНЫЙ МАЛЬЧИК (43 cm, с аксессуарами)
2021-07-01 16:52:08  ошибка в бд - Incorrect integer value: '' for column 'id_goods' at row 1  Кукла BABY BORN серии \"Нежные объятия\" - ВОЛШЕБНЫЙ МАЛЬЧИК (43 cm, с аксессуарами)
2021-07-01 16:52:08  ошибка в бд - Incorrect integer value: '' for column 'id_goods' at row 1  Кукла BABY BORN серии \"Нежные объятия\" - ВОЛШЕБНЫЙ МАЛЬЧИК (43 cm, с аксессуарами)
2021-07-01 16:52:08  ошибка в бд - Incorrect integer value: '' for column 'id_goods' at row 1  Кукла BABY BORN серии \"Нежные объятия\" - ВОЛШЕБНЫЙ МАЛЬЧИК (43 cm, с аксессуарами)
2021-07-01 16:52:13  ошибка в бд - Incorrect integer value: '' for column 'id_goods' at row 1  Интеракт.пустышка для куклы BABY BORN серии \"День Рождения\" -ВОЛШЕБНАЯ ПУСТЫШКА (свет,звук,для 43cm)
2021-07-01 16:52:13  ошибка в бд - Incorrect integer value: '' for column 'id_goods' at row 1  Интеракт.пустышка для куклы BABY BORN серии \"День Рождения\" -ВОЛШЕБНАЯ ПУСТЫШКА (свет,звук,для 43cm)
2021-07-01 16:52:13  ошибка в бд - Incorrect integer value: '' for column 'id_goods' at row 1  Интеракт.пустышка для куклы BABY BORN серии \"День Рождения\" -ВОЛШЕБНАЯ ПУСТЫШКА (свет,звук,для 43cm)
2021-07-01 16:52:13  ошибка в бд - Incorrect integer value: '' for column 'id_goods' at row 1  Интеракт.пустышка для куклы BABY BORN серии \"День Рождения\" -ВОЛШЕБНАЯ ПУСТЫШКА (свет,звук,для 43cm)
2021-07-01 16:52:13  ошибка в бд - Incorrect integer value: '' for column 'id_goods' at row 1  Интеракт.пустышка для куклы BABY BORN серии \"День Рождения\" -ВОЛШЕБНАЯ ПУСТЫШКА (свет,звук,для 43cm)
2021-07-01 16:52:13  ошибка в бд - Incorrect integer value: '' for column 'id_goods' at row 1  Интеракт.пустышка для куклы BABY BORN серии \"День Рождения\" -ВОЛШЕБНАЯ ПУСТЫШКА (свет,звук,для 43cm)
2021-07-01 16:52:13  ошибка в бд - Incorrect integer value: '' for column 'id_goods' at row 1  Интеракт.пустышка для куклы BABY BORN серии \"День Рождения\" -ВОЛШЕБНАЯ ПУСТЫШКА (свет,звук,для 43cm)
2021-07-01 16:52:13  ошибка в бд - Incorrect integer value: '' for column 'id_goods' at row 1  Интеракт.пустышка для куклы BABY BORN серии \"День Рождения\" -ВОЛШЕБНАЯ ПУСТЫШКА (свет,звук,для 43cm)
2021-07-01 16:52:13  ошибка в бд - Incorrect integer value: '' for column 'id_goods' at row 1  Интеракт.пустышка для куклы BABY BORN серии \"День Рождения\" -ВОЛШЕБНАЯ ПУСТЫШКА (свет,звук,для 43cm)
2021-07-01 16:52:13  ошибка в бд - Incorrect integer value: '' for column 'id_goods' at row 1  Интеракт.пустышка для куклы BABY BORN серии \"День Рождения\" -ВОЛШЕБНАЯ ПУСТЫШКА (свет,звук,для 43cm)
2021-07-01 16:52:13  ошибка в бд - Incorrect integer value: '' for column 'id_goods' at row 1  Интеракт.пустышка для куклы BABY BORN серии \"День Рождения\" -ВОЛШЕБНАЯ ПУСТЫШКА (свет,звук,для 43cm)
2021-07-01 16:52:13  ошибка в бд - Incorrect integer value: '' for column 'id_goods' at row 1  Интеракт.пустышка для куклы BABY BORN серии \"День Рождения\" -ВОЛШЕБНАЯ ПУСТЫШКА (свет,звук,для 43cm)
2021-07-01 16:52:13  ошибка в бд - Incorrect integer value: '' for column 'id_goods' at row 1  Интеракт.пустышка для куклы BABY BORN серии \"День Рождения\" -ВОЛШЕБНАЯ ПУСТЫШКА (свет,звук,для 43cm)
2021-07-01 16:52:13  ошибка в бд - Incorrect integer value: '' for column 'id_goods' at row 1  Интеракт.пустышка для куклы BABY BORN серии \"День Рождения\" -ВОЛШЕБНАЯ ПУСТЫШКА (свет,звук,для 43cm)
2021-07-01 16:52:13  ошибка в бд - Incorrect integer value: '' for column 'id_goods' at row 1  Интеракт.пустышка для куклы BABY BORN серии \"День Рождения\" -ВОЛШЕБНАЯ ПУСТЫШКА (свет,звук,для 43cm)
2021-07-01 16:52:13  ошибка в бд - Incorrect integer value: '' for column 'id_goods' at row 1  Интеракт.пустышка для куклы BABY BORN серии \"День Рождения\" -ВОЛШЕБНАЯ ПУСТЫШКА (свет,звук,для 43cm)
2021-07-01 16:52:13  ошибка в бд - Incorrect integer value: '' for column 'id_goods' at row 1  Интеракт.пустышка для куклы BABY BORN серии \"День Рождения\" -ВОЛШЕБНАЯ ПУСТЫШКА (свет,звук,для 43cm)
2021-07-01 16:52:13  ошибка в бд - Incorrect integer value: '' for column 'id_goods' at row 1  Интеракт.пустышка для куклы BABY BORN серии \"День Рождения\" -ВОЛШЕБНАЯ ПУСТЫШКА (свет,звук,для 43cm)
2021-07-01 16:52:13  ошибка в бд - Incorrect integer value: '' for column 'id_goods' at row 1  Интеракт.пустышка для куклы BABY BORN серии \"День Рождения\" -ВОЛШЕБНАЯ ПУСТЫШКА (свет,звук,для 43cm)
2021-07-01 16:52:13  ошибка в бд - Incorrect integer value: '' for column 'id_goods' at row 1  Интеракт.пустышка для куклы BABY BORN серии \"День Рождения\" -ВОЛШЕБНАЯ ПУСТЫШКА (свет,звук,для 43cm)
2021-07-01 16:52:13  ошибка в бд - Incorrect integer value: '' for column 'id_goods' at row 1  Интеракт.пустышка для куклы BABY BORN серии \"День Рождения\" -ВОЛШЕБНАЯ ПУСТЫШКА (свет,звук,для 43cm)
2021-07-01 16:52:13  ошибка в бд - Incorrect integer value: '' for column 'id_goods' at row 1  Интеракт.пустышка для куклы BABY BORN серии \"День Рождения\" -ВОЛШЕБНАЯ ПУСТЫШКА (свет,звук,для 43cm)
2021-07-01 16:52:13  ошибка в бд - Incorrect integer value: '' for column 'id_goods' at row 1  Интеракт.пустышка для куклы BABY BORN серии \"День Рождения\" -ВОЛШЕБНАЯ ПУСТЫШКА (свет,звук,для 43cm)
2021-07-01 16:52:13  ошибка в бд - Incorrect integer value: '' for column 'id_goods' at row 1  Интеракт.пустышка для куклы BABY BORN серии \"День Рождения\" -ВОЛШЕБНАЯ ПУСТЫШКА (свет,звук,для 43cm)
2021-07-01 16:52:13  ошибка в бд - Incorrect integer value: '' for column 'id_goods' at row 1  Интеракт.пустышка для куклы BABY BORN серии \"День Рождения\" -ВОЛШЕБНАЯ ПУСТЫШКА (свет,звук,для 43cm)
2021-07-01 16:52:13  ошибка в бд - Incorrect integer value: '' for column 'id_goods' at row 1  Интеракт.пустышка для куклы BABY BORN серии \"День Рождения\" -ВОЛШЕБНАЯ ПУСТЫШКА (свет,звук,для 43cm)
2021-07-01 16:52:13  ошибка в бд - Incorrect integer value: '' for column 'id_goods' at row 1  Интеракт.пустышка для куклы BABY BORN серии \"День Рождения\" -ВОЛШЕБНАЯ ПУСТЫШКА (свет,звук,для 43cm)
2021-07-01 16:52:13  ошибка в бд - Incorrect integer value: '' for column 'id_goods' at row 1  Интеракт.пустышка для куклы BABY BORN серии \"День Рождения\" -ВОЛШЕБНАЯ ПУСТЫШКА (свет,звук,для 43cm)
2021-07-01 16:52:13  ошибка в бд - Incorrect integer value: '' for column 'id_goods' at row 1  Интеракт.пустышка для куклы BABY BORN серии \"День Рождения\" -ВОЛШЕБНАЯ ПУСТЫШКА (свет,звук,для 43cm)
2021-07-01 16:52:13  ошибка в бд - Incorrect integer value: '' for column 'id_goods' at row 1  Интеракт.пустышка для куклы BABY BORN серии \"День Рождения\" -ВОЛШЕБНАЯ ПУСТЫШКА (свет,звук,для 43cm)
2021-07-01 16:52:13  ошибка в бд - Incorrect integer value: '' for column 'id_goods' at row 1  Интеракт.пустышка для куклы BABY BORN серии \"День Рождения\" -ВОЛШЕБНАЯ ПУСТЫШКА (свет,звук,для 43cm)
2021-07-01 16:52:13  ошибка в бд - Incorrect integer value: '' for column 'id_goods' at row 1  Интеракт.пустышка для куклы BABY BORN серии \"День Рождения\" -ВОЛШЕБНАЯ ПУСТЫШКА (свет,звук,для 43cm)
2021-07-01 16:52:13  ошибка в бд - Incorrect integer value: '' for column 'id_goods' at row 1  Интеракт.пустышка для куклы BABY BORN серии \"День Рождения\" -ВОЛШЕБНАЯ ПУСТЫШКА (свет,звук,для 43cm)
2021-07-01 16:53:14  ошибка в бд - Incorrect integer value: '' for column 'id_goods' at row 1  Акционный набор игрушек - РАЗНОЦВЕТНЫЕ ШАРИКИ (для сухого бассейна, 100 шт.)
2021-07-01 16:53:14  ошибка в бд - Incorrect integer value: '' for column 'id_goods' at row 1  Акционный набор игрушек - РАЗНОЦВЕТНЫЕ ШАРИКИ (для сухого бассейна, 100 шт.)
2021-07-01 16:53:14  ошибка в бд - Incorrect integer value: '' for column 'id_goods' at row 1  Акционный набор игрушек - РАЗНОЦВЕТНЫЕ ШАРИКИ (для сухого бассейна, 100 шт.)
2021-07-01 16:53:14  ошибка в бд - Incorrect integer value: '' for column 'id_goods' at row 1  Акционный набор игрушек - РАЗНОЦВЕТНЫЕ ШАРИКИ (для сухого бассейна, 100 шт.)
2021-07-01 16:53:14  ошибка в бд - Incorrect integer value: '' for column 'id_goods' at row 1  Акционный набор игрушек - РАЗНОЦВЕТНЫЕ ШАРИКИ (для сухого бассейна, 100 шт.)
2021-07-01 16:53:14  ошибка в бд - Incorrect integer value: '' for column 'id_goods' at row 1  Акционный набор игрушек - РАЗНОЦВЕТНЫЕ ШАРИКИ (для сухого бассейна, 100 шт.)
2021-07-01 16:53:14  ошибка в бд - Incorrect integer value: '' for column 'id_goods' at row 1  Акционный набор игрушек - РАЗНОЦВЕТНЫЕ ШАРИКИ (для сухого бассейна, 100 шт.)
2021-07-01 16:53:14  ошибка в бд - Incorrect integer value: '' for column 'id_goods' at row 1  Акционный набор игрушек - РАЗНОЦВЕТНЫЕ ШАРИКИ (для сухого бассейна, 100 шт.)
2021-07-01 16:53:14  ошибка в бд - Incorrect integer value: '' for column 'id_goods' at row 1  Акционный набор игрушек - РАЗНОЦВЕТНЫЕ ШАРИКИ (для сухого бассейна, 100 шт.)
2021-07-01 16:53:14  ошибка в бд - Incorrect integer value: '' for column 'id_goods' at row 1  Акционный набор игрушек - РАЗНОЦВЕТНЫЕ ШАРИКИ (для сухого бассейна, 100 шт.)
2021-07-01 16:53:14  ошибка в бд - Incorrect integer value: '' for column 'id_goods' at row 1  Акционный набор игрушек - РАЗНОЦВЕТНЫЕ ШАРИКИ (для сухого бассейна, 100 шт.)
2021-07-01 16:53:14  ошибка в бд - Incorrect integer value: '' for column 'id_goods' at row 1  Акционный набор игрушек - РАЗНОЦВЕТНЫЕ ШАРИКИ (для сухого бассейна, 100 шт.)
2021-07-01 16:53:14  ошибка в бд - Incorrect integer value: '' for column 'id_goods' at row 1  Акционный набор игрушек - РАЗНОЦВЕТНЫЕ ШАРИКИ (для сухого бассейна, 100 шт.)
2021-07-01 16:53:14  ошибка в бд - Incorrect integer value: '' for column 'id_goods' at row 1  Акционный набор игрушек - РАЗНОЦВЕТНЫЕ ШАРИКИ (для сухого бассейна, 100 шт.)
2021-07-01 16:53:14  ошибка в бд - Incorrect integer value: '' for column 'id_goods' at row 1  Акционный набор игрушек - РАЗНОЦВЕТНЫЕ ШАРИКИ (для сухого бассейна, 100 шт.)
2021-07-01 16:53:14  ошибка в бд - Incorrect integer value: '' for column 'id_goods' at row 1  Акционный набор игрушек - РАЗНОЦВЕТНЫЕ ШАРИКИ (для сухого бассейна, 100 шт.)
2021-07-01 16:53:14  ошибка в бд - Incorrect integer value: '' for column 'id_goods' at row 1  Акционный набор игрушек - РАЗНОЦВЕТНЫЕ ШАРИКИ (для сухого бассейна, 100 шт.)
2021-07-01 16:53:14  ошибка в бд - Incorrect integer value: '' for column 'id_goods' at row 1  Акционный набор игрушек - РАЗНОЦВЕТНЫЕ ШАРИКИ (для сухого бассейна, 100 шт.)
2021-07-01 16:53:14  ошибка в бд - Incorrect integer value: '' for column 'id_goods' at row 1  Акционный набор игрушек - РАЗНОЦВЕТНЫЕ ШАРИКИ (для сухого бассейна, 100 шт.)
2021-07-01 16:53:14  ошибка в бд - Incorrect integer value: '' for column 'id_goods' at row 1  Акционный набор игрушек - РАЗНОЦВЕТНЫЕ ШАРИКИ (для сухого бассейна, 100 шт.)
2021-07-01 16:53:14  ошибка в бд - Incorrect integer value: '' for column 'id_goods' at row 1  Акционный набор игрушек - РАЗНОЦВЕТНЫЕ ШАРИКИ (для сухого бассейна, 100 шт.)
2021-07-01 16:53:14  ошибка в бд - Incorrect integer value: '' for column 'id_goods' at row 1  Акционный набор игрушек - РАЗНОЦВЕТНЫЕ ШАРИКИ (для сухого бассейна, 100 шт.)
2021-07-01 16:53:14  ошибка в бд - Incorrect integer value: '' for column 'id_goods' at row 1  Акционный набор игрушек - РАЗНОЦВЕТНЫЕ ШАРИКИ (для сухого бассейна, 100 шт.)
2021-07-01 16:53:14  ошибка в бд - Incorrect integer value: '' for column 'id_goods' at row 1  Акционный набор игрушек - РАЗНОЦВЕТНЫЕ ШАРИКИ (для сухого бассейна, 100 шт.)
2021-07-01 16:53:14  ошибка в бд - Incorrect integer value: '' for column 'id_goods' at row 1  Акционный набор игрушек - РАЗНОЦВЕТНЫЕ ШАРИКИ (для сухого бассейна, 100 шт.)
2021-07-01 16:53:14  ошибка в бд - Incorrect integer value: '' for column 'id_goods' at row 1  Акционный набор игрушек - РАЗНОЦВЕТНЫЕ ШАРИКИ (для сухого бассейна, 100 шт.)
2021-07-01 16:53:14  ошибка в бд - Incorrect integer value: '' for column 'id_goods' at row 1  Акционный набор игрушек - РАЗНОЦВЕТНЫЕ ШАРИКИ (для сухого бассейна, 100 шт.)
2021-07-01 16:53:14  ошибка в бд - Incorrect integer value: '' for column 'id_goods' at row 1  Акционный набор игрушек - РАЗНОЦВЕТНЫЕ ШАРИКИ (для сухого бассейна, 100 шт.)
2021-07-01 16:53:14  ошибка в бд - Incorrect integer value: '' for column 'id_goods' at row 1  Акционный набор игрушек - РАЗНОЦВЕТНЫЕ ШАРИКИ (для сухого бассейна, 100 шт.)
2021-07-01 16:53:14  ошибка в бд - Incorrect integer value: '' for column 'id_goods' at row 1  Акционный набор игрушек - РАЗНОЦВЕТНЫЕ ШАРИКИ (для сухого бассейна, 100 шт.)
2021-07-01 16:53:14  ошибка в бд - Incorrect integer value: '' for column 'id_goods' at row 1  Акционный набор игрушек - РАЗНОЦВЕТНЫЕ ШАРИКИ (для сухого бассейна, 100 шт.)
2021-07-01 16:53:14  ошибка в бд - Incorrect integer value: '' for column 'id_goods' at row 1  Акционный набор игрушек - РАЗНОЦВЕТНЫЕ ШАРИКИ (для сухого бассейна, 100 шт.)
2021-07-01 16:53:14  ошибка в бд - Incorrect integer value: '' for column 'id_goods' at row 1  Акционный набор игрушек - РАЗНОЦВЕТНЫЕ ШАРИКИ (для сухого бассейна, 100 шт.)
2021-07-01 16:53:14  ошибка в бд - Incorrect integer value: '' for column 'id_goods' at row 1  Акционный набор игрушек - РАЗНОЦВЕТНЫЕ ШАРИКИ (для сухого бассейна, 100 шт.)
2021-07-01 16:56:57  ошибка в бд - Incorrect integer value: '' for column 'id_goods' at row 1  Кукла BABY BORN серии \"Нежные объятия\" - ВОЛШЕБНАЯ ДЕВОЧКА (43 cm, с аксессуарами)
2021-07-01 16:56:57  ошибка в бд - Incorrect integer value: '' for column 'id_goods' at row 1  Кукла BABY BORN серии \"Нежные объятия\" - ВОЛШЕБНАЯ ДЕВОЧКА (43 cm, с аксессуарами)
2021-07-01 16:56:57  ошибка в бд - Incorrect integer value: '' for column 'id_goods' at row 1  Кукла BABY BORN серии \"Нежные объятия\" - ВОЛШЕБНАЯ ДЕВОЧКА (43 cm, с аксессуарами)
2021-07-01 16:56:57  ошибка в бд - Incorrect integer value: '' for column 'id_goods' at row 1  Кукла BABY BORN серии \"Нежные объятия\" - ВОЛШЕБНАЯ ДЕВОЧКА (43 cm, с аксессуарами)
2021-07-01 16:56:57  ошибка в бд - Incorrect integer value: '' for column 'id_goods' at row 1  Кукла BABY BORN серии \"Нежные объятия\" - ВОЛШЕБНАЯ ДЕВОЧКА (43 cm, с аксессуарами)
2021-07-01 16:56:57  ошибка в бд - Incorrect integer value: '' for column 'id_goods' at row 1  Кукла BABY BORN серии \"Нежные объятия\" - ВОЛШЕБНАЯ ДЕВОЧКА (43 cm, с аксессуарами)
2021-07-01 16:56:57  ошибка в бд - Incorrect integer value: '' for column 'id_goods' at row 1  Кукла BABY BORN серии \"Нежные объятия\" - ВОЛШЕБНАЯ ДЕВОЧКА (43 cm, с аксессуарами)
2021-07-01 16:56:57  ошибка в бд - Incorrect integer value: '' for column 'id_goods' at row 1  Кукла BABY BORN серии \"Нежные объятия\" - ВОЛШЕБНАЯ ДЕВОЧКА (43 cm, с аксессуарами)
2021-07-01 16:56:57  ошибка в бд - Incorrect integer value: '' for column 'id_goods' at row 1  Кукла BABY BORN серии \"Нежные объятия\" - ВОЛШЕБНАЯ ДЕВОЧКА (43 cm, с аксессуарами)
2021-07-01 16:56:57  ошибка в бд - Incorrect integer value: '' for column 'id_goods' at row 1  Кукла BABY BORN серии \"Нежные объятия\" - ВОЛШЕБНАЯ ДЕВОЧКА (43 cm, с аксессуарами)
2021-07-01 16:56:57  ошибка в бд - Incorrect integer value: '' for column 'id_goods' at row 1  Кукла BABY BORN серии \"Нежные объятия\" - ВОЛШЕБНАЯ ДЕВОЧКА (43 cm, с аксессуарами)
2021-07-01 16:56:57  ошибка в бд - Incorrect integer value: '' for column 'id_goods' at row 1  Кукла BABY BORN серии \"Нежные объятия\" - ВОЛШЕБНАЯ ДЕВОЧКА (43 cm, с аксессуарами)
2021-07-01 16:56:57  ошибка в бд - Incorrect integer value: '' for column 'id_goods' at row 1  Кукла BABY BORN серии \"Нежные объятия\" - ВОЛШЕБНАЯ ДЕВОЧКА (43 cm, с аксессуарами)
2021-07-01 16:56:57  ошибка в бд - Incorrect integer value: '' for column 'id_goods' at row 1  Кукла BABY BORN серии \"Нежные объятия\" - ВОЛШЕБНАЯ ДЕВОЧКА (43 cm, с аксессуарами)
2021-07-01 16:56:57  ошибка в бд - Incorrect integer value: '' for column 'id_goods' at row 1  Кукла BABY BORN серии \"Нежные объятия\" - ВОЛШЕБНАЯ ДЕВОЧКА (43 cm, с аксессуарами)
2021-07-01 16:56:57  ошибка в бд - Incorrect integer value: '' for column 'id_goods' at row 1  Кукла BABY BORN серии \"Нежные объятия\" - ВОЛШЕБНАЯ ДЕВОЧКА (43 cm, с аксессуарами)
2021-07-01 16:56:57  ошибка в бд - Incorrect integer value: '' for column 'id_goods' at row 1  Кукла BABY BORN серии \"Нежные объятия\" - ВОЛШЕБНАЯ ДЕВОЧКА (43 cm, с аксессуарами)
2021-07-01 16:56:57  ошибка в бд - Incorrect integer value: '' for column 'id_goods' at row 1  Кукла BABY BORN серии \"Нежные объятия\" - ВОЛШЕБНАЯ ДЕВОЧКА (43 cm, с аксессуарами)
2021-07-01 16:56:57  ошибка в бд - Incorrect integer value: '' for column 'id_goods' at row 1  Кукла BABY BORN серии \"Нежные объятия\" - ВОЛШЕБНАЯ ДЕВОЧКА (43 cm, с аксессуарами)
2021-07-01 16:56:57  ошибка в бд - Incorrect integer value: '' for column 'id_goods' at row 1  Кукла BABY BORN серии \"Нежные объятия\" - ВОЛШЕБНАЯ ДЕВОЧКА (43 cm, с аксессуарами)
2021-07-01 16:56:57  ошибка в бд - Incorrect integer value: '' for column 'id_goods' at row 1  Кукла BABY BORN серии \"Нежные объятия\" - ВОЛШЕБНАЯ ДЕВОЧКА (43 cm, с аксессуарами)
2021-07-01 16:56:57  ошибка в бд - Incorrect integer value: '' for column 'id_goods' at row 1  Кукла BABY BORN серии \"Нежные объятия\" - ВОЛШЕБНАЯ ДЕВОЧКА (43 cm, с аксессуарами)
2021-07-01 16:56:57  ошибка в бд - Incorrect integer value: '' for column 'id_goods' at row 1  Кукла BABY BORN серии \"Нежные объятия\" - ВОЛШЕБНАЯ ДЕВОЧКА (43 cm, с аксессуарами)
2021-07-01 16:56:57  ошибка в бд - Incorrect integer value: '' for column 'id_goods' at row 1  Кукла BABY BORN серии \"Нежные объятия\" - ВОЛШЕБНАЯ ДЕВОЧКА (43 cm, с аксессуарами)
2021-07-01 16:56:57  ошибка в бд - Incorrect integer value: '' for column 'id_goods' at row 1  Кукла BABY BORN серии \"Нежные объятия\" - ВОЛШЕБНАЯ ДЕВОЧКА (43 cm, с аксессуарами)
2021-07-01 16:56:57  ошибка в бд - Incorrect integer value: '' for column 'id_goods' at row 1  Кукла BABY BORN серии \"Нежные объятия\" - ВОЛШЕБНАЯ ДЕВОЧКА (43 cm, с аксессуарами)
2021-07-01 16:56:57  ошибка в бд - Incorrect integer value: '' for column 'id_goods' at row 1  Кукла BABY BORN серии \"Нежные объятия\" - ВОЛШЕБНАЯ ДЕВОЧКА (43 cm, с аксессуарами)
2021-07-01 16:56:57  ошибка в бд - Incorrect integer value: '' for column 'id_goods' at row 1  Кукла BABY BORN серии \"Нежные объятия\" - ВОЛШЕБНАЯ ДЕВОЧКА (43 cm, с аксессуарами)
2021-07-01 16:56:57  ошибка в бд - Incorrect integer value: '' for column 'id_goods' at row 1  Кукла BABY BORN серии \"Нежные объятия\" - ВОЛШЕБНАЯ ДЕВОЧКА (43 cm, с аксессуарами)
2021-07-01 16:56:57  ошибка в бд - Incorrect integer value: '' for column 'id_goods' at row 1  Кукла BABY BORN серии \"Нежные объятия\" - ВОЛШЕБНАЯ ДЕВОЧКА (43 cm, с аксессуарами)
2021-07-01 16:56:57  ошибка в бд - Incorrect integer value: '' for column 'id_goods' at row 1  Кукла BABY BORN серии \"Нежные объятия\" - ВОЛШЕБНАЯ ДЕВОЧКА (43 cm, с аксессуарами)
2021-07-01 16:56:57  ошибка в бд - Incorrect integer value: '' for column 'id_goods' at row 1  Кукла BABY BORN серии \"Нежные объятия\" - ВОЛШЕБНАЯ ДЕВОЧКА (43 cm, с аксессуарами)
2021-07-01 16:56:57  ошибка в бд - Incorrect integer value: '' for column 'id_goods' at row 1  Кукла BABY BORN серии \"Нежные объятия\" - ВОЛШЕБНАЯ ДЕВОЧКА (43 cm, с аксессуарами)
2021-07-01 16:56:57  ошибка в бд - Incorrect integer value: '' for column 'id_goods' at row 1  Кукла BABY BORN серии \"Нежные объятия\" - ВОЛШЕБНАЯ ДЕВОЧКА (43 cm, с аксессуарами)
2021-07-01 16:56:57  ошибка в бд - Incorrect integer value: '' for column 'id_goods' at row 1  Кукла BABY BORN серии \"Нежные объятия\" - ВОЛШЕБНЫЙ МАЛЬЧИК (43 cm, с аксессуарами)
2021-07-01 16:56:57  ошибка в бд - Incorrect integer value: '' for column 'id_goods' at row 1  Кукла BABY BORN серии \"Нежные объятия\" - ВОЛШЕБНЫЙ МАЛЬЧИК (43 cm, с аксессуарами)
2021-07-01 16:56:57  ошибка в бд - Incorrect integer value: '' for column 'id_goods' at row 1  Кукла BABY BORN серии \"Нежные объятия\" - ВОЛШЕБНЫЙ МАЛЬЧИК (43 cm, с аксессуарами)
2021-07-01 16:56:57  ошибка в бд - Incorrect integer value: '' for column 'id_goods' at row 1  Кукла BABY BORN серии \"Нежные объятия\" - ВОЛШЕБНЫЙ МАЛЬЧИК (43 cm, с аксессуарами)
2021-07-01 16:56:57  ошибка в бд - Incorrect integer value: '' for column 'id_goods' at row 1  Кукла BABY BORN серии \"Нежные объятия\" - ВОЛШЕБНЫЙ МАЛЬЧИК (43 cm, с аксессуарами)
2021-07-01 16:56:57  ошибка в бд - Incorrect integer value: '' for column 'id_goods' at row 1  Кукла BABY BORN серии \"Нежные объятия\" - ВОЛШЕБНЫЙ МАЛЬЧИК (43 cm, с аксессуарами)
2021-07-01 16:56:57  ошибка в бд - Incorrect integer value: '' for column 'id_goods' at row 1  Кукла BABY BORN серии \"Нежные объятия\" - ВОЛШЕБНЫЙ МАЛЬЧИК (43 cm, с аксессуарами)
2021-07-01 16:56:57  ошибка в бд - Incorrect integer value: '' for column 'id_goods' at row 1  Кукла BABY BORN серии \"Нежные объятия\" - ВОЛШЕБНЫЙ МАЛЬЧИК (43 cm, с аксессуарами)
2021-07-01 16:56:57  ошибка в бд - Incorrect integer value: '' for column 'id_goods' at row 1  Кукла BABY BORN серии \"Нежные объятия\" - ВОЛШЕБНЫЙ МАЛЬЧИК (43 cm, с аксессуарами)
2021-07-01 16:56:57  ошибка в бд - Incorrect integer value: '' for column 'id_goods' at row 1  Кукла BABY BORN серии \"Нежные объятия\" - ВОЛШЕБНЫЙ МАЛЬЧИК (43 cm, с аксессуарами)
2021-07-01 16:56:57  ошибка в бд - Incorrect integer value: '' for column 'id_goods' at row 1  Кукла BABY BORN серии \"Нежные объятия\" - ВОЛШЕБНЫЙ МАЛЬЧИК (43 cm, с аксессуарами)
2021-07-01 16:56:57  ошибка в бд - Incorrect integer value: '' for column 'id_goods' at row 1  Кукла BABY BORN серии \"Нежные объятия\" - ВОЛШЕБНЫЙ МАЛЬЧИК (43 cm, с аксессуарами)
2021-07-01 16:56:57  ошибка в бд - Incorrect integer value: '' for column 'id_goods' at row 1  Кукла BABY BORN серии \"Нежные объятия\" - ВОЛШЕБНЫЙ МАЛЬЧИК (43 cm, с аксессуарами)
2021-07-01 16:56:57  ошибка в бд - Incorrect integer value: '' for column 'id_goods' at row 1  Кукла BABY BORN серии \"Нежные объятия\" - ВОЛШЕБНЫЙ МАЛЬЧИК (43 cm, с аксессуарами)
2021-07-01 16:56:57  ошибка в бд - Incorrect integer value: '' for column 'id_goods' at row 1  Кукла BABY BORN серии \"Нежные объятия\" - ВОЛШЕБНЫЙ МАЛЬЧИК (43 cm, с аксессуарами)
2021-07-01 16:56:57  ошибка в бд - Incorrect integer value: '' for column 'id_goods' at row 1  Кукла BABY BORN серии \"Нежные объятия\" - ВОЛШЕБНЫЙ МАЛЬЧИК (43 cm, с аксессуарами)
2021-07-01 16:56:57  ошибка в бд - Incorrect integer value: '' for column 'id_goods' at row 1  Кукла BABY BORN серии \"Нежные объятия\" - ВОЛШЕБНЫЙ МАЛЬЧИК (43 cm, с аксессуарами)
2021-07-01 16:56:57  ошибка в бд - Incorrect integer value: '' for column 'id_goods' at row 1  Кукла BABY BORN серии \"Нежные объятия\" - ВОЛШЕБНЫЙ МАЛЬЧИК (43 cm, с аксессуарами)
2021-07-01 16:56:57  ошибка в бд - Incorrect integer value: '' for column 'id_goods' at row 1  Кукла BABY BORN серии \"Нежные объятия\" - ВОЛШЕБНЫЙ МАЛЬЧИК (43 cm, с аксессуарами)
2021-07-01 16:56:57  ошибка в бд - Incorrect integer value: '' for column 'id_goods' at row 1  Кукла BABY BORN серии \"Нежные объятия\" - ВОЛШЕБНЫЙ МАЛЬЧИК (43 cm, с аксессуарами)
2021-07-01 16:56:57  ошибка в бд - Incorrect integer value: '' for column 'id_goods' at row 1  Кукла BABY BORN серии \"Нежные объятия\" - ВОЛШЕБНЫЙ МАЛЬЧИК (43 cm, с аксессуарами)
2021-07-01 16:56:57  ошибка в бд - Incorrect integer value: '' for column 'id_goods' at row 1  Кукла BABY BORN серии \"Нежные объятия\" - ВОЛШЕБНЫЙ МАЛЬЧИК (43 cm, с аксессуарами)
2021-07-01 16:56:57  ошибка в бд - Incorrect integer value: '' for column 'id_goods' at row 1  Кукла BABY BORN серии \"Нежные объятия\" - ВОЛШЕБНЫЙ МАЛЬЧИК (43 cm, с аксессуарами)
2021-07-01 16:56:57  ошибка в бд - Incorrect integer value: '' for column 'id_goods' at row 1  Кукла BABY BORN серии \"Нежные объятия\" - ВОЛШЕБНЫЙ МАЛЬЧИК (43 cm, с аксессуарами)
2021-07-01 16:56:57  ошибка в бд - Incorrect integer value: '' for column 'id_goods' at row 1  Кукла BABY BORN серии \"Нежные объятия\" - ВОЛШЕБНЫЙ МАЛЬЧИК (43 cm, с аксессуарами)
2021-07-01 16:56:57  ошибка в бд - Incorrect integer value: '' for column 'id_goods' at row 1  Кукла BABY BORN серии \"Нежные объятия\" - ВОЛШЕБНЫЙ МАЛЬЧИК (43 cm, с аксессуарами)
2021-07-01 16:56:57  ошибка в бд - Incorrect integer value: '' for column 'id_goods' at row 1  Кукла BABY BORN серии \"Нежные объятия\" - ВОЛШЕБНЫЙ МАЛЬЧИК (43 cm, с аксессуарами)
2021-07-01 16:56:57  ошибка в бд - Incorrect integer value: '' for column 'id_goods' at row 1  Кукла BABY BORN серии \"Нежные объятия\" - ВОЛШЕБНЫЙ МАЛЬЧИК (43 cm, с аксессуарами)
2021-07-01 16:56:57  ошибка в бд - Incorrect integer value: '' for column 'id_goods' at row 1  Кукла BABY BORN серии \"Нежные объятия\" - ВОЛШЕБНЫЙ МАЛЬЧИК (43 cm, с аксессуарами)
2021-07-01 16:56:57  ошибка в бд - Incorrect integer value: '' for column 'id_goods' at row 1  Кукла BABY BORN серии \"Нежные объятия\" - ВОЛШЕБНЫЙ МАЛЬЧИК (43 cm, с аксессуарами)
2021-07-01 16:56:57  ошибка в бд - Incorrect integer value: '' for column 'id_goods' at row 1  Кукла BABY BORN серии \"Нежные объятия\" - ВОЛШЕБНЫЙ МАЛЬЧИК (43 cm, с аксессуарами)
2021-07-01 16:56:57  ошибка в бд - Incorrect integer value: '' for column 'id_goods' at row 1  Кукла BABY BORN серии \"Нежные объятия\" - ВОЛШЕБНЫЙ МАЛЬЧИК (43 cm, с аксессуарами)
2021-07-01 16:56:57  ошибка в бд - Incorrect integer value: '' for column 'id_goods' at row 1  Кукла BABY BORN серии \"Нежные объятия\" - ВОЛШЕБНЫЙ МАЛЬЧИК (43 cm, с аксессуарами)
2021-07-01 16:56:57  ошибка в бд - Incorrect integer value: '' for column 'id_goods' at row 1  Кукла BABY BORN серии \"Нежные объятия\" - ВОЛШЕБНЫЙ МАЛЬЧИК (43 cm, с аксессуарами)
2021-07-01 16:57:03  ошибка в бд - Incorrect integer value: '' for column 'id_goods' at row 1  Интеракт.пустышка для куклы BABY BORN серии \"День Рождения\" -ВОЛШЕБНАЯ ПУСТЫШКА (свет,звук,для 43cm)
2021-07-01 16:57:03  ошибка в бд - Incorrect integer value: '' for column 'id_goods' at row 1  Интеракт.пустышка для куклы BABY BORN серии \"День Рождения\" -ВОЛШЕБНАЯ ПУСТЫШКА (свет,звук,для 43cm)
2021-07-01 16:57:03  ошибка в бд - Incorrect integer value: '' for column 'id_goods' at row 1  Интеракт.пустышка для куклы BABY BORN серии \"День Рождения\" -ВОЛШЕБНАЯ ПУСТЫШКА (свет,звук,для 43cm)
2021-07-01 16:57:03  ошибка в бд - Incorrect integer value: '' for column 'id_goods' at row 1  Интеракт.пустышка для куклы BABY BORN серии \"День Рождения\" -ВОЛШЕБНАЯ ПУСТЫШКА (свет,звук,для 43cm)
2021-07-01 16:57:03  ошибка в бд - Incorrect integer value: '' for column 'id_goods' at row 1  Интеракт.пустышка для куклы BABY BORN серии \"День Рождения\" -ВОЛШЕБНАЯ ПУСТЫШКА (свет,звук,для 43cm)
2021-07-01 16:57:03  ошибка в бд - Incorrect integer value: '' for column 'id_goods' at row 1  Интеракт.пустышка для куклы BABY BORN серии \"День Рождения\" -ВОЛШЕБНАЯ ПУСТЫШКА (свет,звук,для 43cm)
2021-07-01 16:57:03  ошибка в бд - Incorrect integer value: '' for column 'id_goods' at row 1  Интеракт.пустышка для куклы BABY BORN серии \"День Рождения\" -ВОЛШЕБНАЯ ПУСТЫШКА (свет,звук,для 43cm)
2021-07-01 16:57:03  ошибка в бд - Incorrect integer value: '' for column 'id_goods' at row 1  Интеракт.пустышка для куклы BABY BORN серии \"День Рождения\" -ВОЛШЕБНАЯ ПУСТЫШКА (свет,звук,для 43cm)
2021-07-01 16:57:03  ошибка в бд - Incorrect integer value: '' for column 'id_goods' at row 1  Интеракт.пустышка для куклы BABY BORN серии \"День Рождения\" -ВОЛШЕБНАЯ ПУСТЫШКА (свет,звук,для 43cm)
2021-07-01 16:57:03  ошибка в бд - Incorrect integer value: '' for column 'id_goods' at row 1  Интеракт.пустышка для куклы BABY BORN серии \"День Рождения\" -ВОЛШЕБНАЯ ПУСТЫШКА (свет,звук,для 43cm)
2021-07-01 16:57:03  ошибка в бд - Incorrect integer value: '' for column 'id_goods' at row 1  Интеракт.пустышка для куклы BABY BORN серии \"День Рождения\" -ВОЛШЕБНАЯ ПУСТЫШКА (свет,звук,для 43cm)
2021-07-01 16:57:03  ошибка в бд - Incorrect integer value: '' for column 'id_goods' at row 1  Интеракт.пустышка для куклы BABY BORN серии \"День Рождения\" -ВОЛШЕБНАЯ ПУСТЫШКА (свет,звук,для 43cm)
2021-07-01 16:57:03  ошибка в бд - Incorrect integer value: '' for column 'id_goods' at row 1  Интеракт.пустышка для куклы BABY BORN серии \"День Рождения\" -ВОЛШЕБНАЯ ПУСТЫШКА (свет,звук,для 43cm)
2021-07-01 16:57:03  ошибка в бд - Incorrect integer value: '' for column 'id_goods' at row 1  Интеракт.пустышка для куклы BABY BORN серии \"День Рождения\" -ВОЛШЕБНАЯ ПУСТЫШКА (свет,звук,для 43cm)
2021-07-01 16:57:03  ошибка в бд - Incorrect integer value: '' for column 'id_goods' at row 1  Интеракт.пустышка для куклы BABY BORN серии \"День Рождения\" -ВОЛШЕБНАЯ ПУСТЫШКА (свет,звук,для 43cm)
2021-07-01 16:57:03  ошибка в бд - Incorrect integer value: '' for column 'id_goods' at row 1  Интеракт.пустышка для куклы BABY BORN серии \"День Рождения\" -ВОЛШЕБНАЯ ПУСТЫШКА (свет,звук,для 43cm)
2021-07-01 16:57:03  ошибка в бд - Incorrect integer value: '' for column 'id_goods' at row 1  Интеракт.пустышка для куклы BABY BORN серии \"День Рождения\" -ВОЛШЕБНАЯ ПУСТЫШКА (свет,звук,для 43cm)
2021-07-01 16:57:03  ошибка в бд - Incorrect integer value: '' for column 'id_goods' at row 1  Интеракт.пустышка для куклы BABY BORN серии \"День Рождения\" -ВОЛШЕБНАЯ ПУСТЫШКА (свет,звук,для 43cm)
2021-07-01 16:57:03  ошибка в бд - Incorrect integer value: '' for column 'id_goods' at row 1  Интеракт.пустышка для куклы BABY BORN серии \"День Рождения\" -ВОЛШЕБНАЯ ПУСТЫШКА (свет,звук,для 43cm)
2021-07-01 16:57:03  ошибка в бд - Incorrect integer value: '' for column 'id_goods' at row 1  Интеракт.пустышка для куклы BABY BORN серии \"День Рождения\" -ВОЛШЕБНАЯ ПУСТЫШКА (свет,звук,для 43cm)
2021-07-01 16:57:03  ошибка в бд - Incorrect integer value: '' for column 'id_goods' at row 1  Интеракт.пустышка для куклы BABY BORN серии \"День Рождения\" -ВОЛШЕБНАЯ ПУСТЫШКА (свет,звук,для 43cm)
2021-07-01 16:57:03  ошибка в бд - Incorrect integer value: '' for column 'id_goods' at row 1  Интеракт.пустышка для куклы BABY BORN серии \"День Рождения\" -ВОЛШЕБНАЯ ПУСТЫШКА (свет,звук,для 43cm)
2021-07-01 16:57:03  ошибка в бд - Incorrect integer value: '' for column 'id_goods' at row 1  Интеракт.пустышка для куклы BABY BORN серии \"День Рождения\" -ВОЛШЕБНАЯ ПУСТЫШКА (свет,звук,для 43cm)
2021-07-01 16:57:03  ошибка в бд - Incorrect integer value: '' for column 'id_goods' at row 1  Интеракт.пустышка для куклы BABY BORN серии \"День Рождения\" -ВОЛШЕБНАЯ ПУСТЫШКА (свет,звук,для 43cm)
2021-07-01 16:57:03  ошибка в бд - Incorrect integer value: '' for column 'id_goods' at row 1  Интеракт.пустышка для куклы BABY BORN серии \"День Рождения\" -ВОЛШЕБНАЯ ПУСТЫШКА (свет,звук,для 43cm)
2021-07-01 16:57:03  ошибка в бд - Incorrect integer value: '' for column 'id_goods' at row 1  Интеракт.пустышка для куклы BABY BORN серии \"День Рождения\" -ВОЛШЕБНАЯ ПУСТЫШКА (свет,звук,для 43cm)
2021-07-01 16:57:03  ошибка в бд - Incorrect integer value: '' for column 'id_goods' at row 1  Интеракт.пустышка для куклы BABY BORN серии \"День Рождения\" -ВОЛШЕБНАЯ ПУСТЫШКА (свет,звук,для 43cm)
2021-07-01 16:57:03  ошибка в бд - Incorrect integer value: '' for column 'id_goods' at row 1  Интеракт.пустышка для куклы BABY BORN серии \"День Рождения\" -ВОЛШЕБНАЯ ПУСТЫШКА (свет,звук,для 43cm)
2021-07-01 16:57:03  ошибка в бд - Incorrect integer value: '' for column 'id_goods' at row 1  Интеракт.пустышка для куклы BABY BORN серии \"День Рождения\" -ВОЛШЕБНАЯ ПУСТЫШКА (свет,звук,для 43cm)
2021-07-01 16:57:03  ошибка в бд - Incorrect integer value: '' for column 'id_goods' at row 1  Интеракт.пустышка для куклы BABY BORN серии \"День Рождения\" -ВОЛШЕБНАЯ ПУСТЫШКА (свет,звук,для 43cm)
2021-07-01 16:57:03  ошибка в бд - Incorrect integer value: '' for column 'id_goods' at row 1  Интеракт.пустышка для куклы BABY BORN серии \"День Рождения\" -ВОЛШЕБНАЯ ПУСТЫШКА (свет,звук,для 43cm)
2021-07-01 16:57:03  ошибка в бд - Incorrect integer value: '' for column 'id_goods' at row 1  Интеракт.пустышка для куклы BABY BORN серии \"День Рождения\" -ВОЛШЕБНАЯ ПУСТЫШКА (свет,звук,для 43cm)
2021-07-01 16:57:03  ошибка в бд - Incorrect integer value: '' for column 'id_goods' at row 1  Интеракт.пустышка для куклы BABY BORN серии \"День Рождения\" -ВОЛШЕБНАЯ ПУСТЫШКА (свет,звук,для 43cm)
2021-07-01 16:57:03  ошибка в бд - Incorrect integer value: '' for column 'id_goods' at row 1  Интеракт.пустышка для куклы BABY BORN серии \"День Рождения\" -ВОЛШЕБНАЯ ПУСТЫШКА (свет,звук,для 43cm)
2021-07-01 16:57:10  ошибка в бд - Incorrect integer value: '' for column 'id_goods' at row 1  Трусики-подгузники GOO.N для девочек 9-14 кг (размер L, 88 шт)
2021-07-01 16:57:10  ошибка в бд - Incorrect integer value: '' for column 'id_goods' at row 1  Трусики-подгузники GOO.N для девочек 9-14 кг (размер L, 88 шт)
2021-07-01 16:57:10  ошибка в бд - Incorrect integer value: '' for column 'id_goods' at row 1  Трусики-подгузники GOO.N для девочек 9-14 кг (размер L, 88 шт)
2021-07-01 16:57:10  ошибка в бд - Incorrect integer value: '' for column 'id_goods' at row 1  Трусики-подгузники GOO.N для девочек 9-14 кг (размер L, 88 шт)
2021-07-01 16:57:10  ошибка в бд - Incorrect integer value: '' for column 'id_goods' at row 1  Трусики-подгузники GOO.N для девочек 9-14 кг (размер L, 88 шт)
2021-07-01 16:57:10  ошибка в бд - Incorrect integer value: '' for column 'id_goods' at row 1  Трусики-подгузники GOO.N для девочек 9-14 кг (размер L, 88 шт)
2021-07-01 16:57:10  ошибка в бд - Incorrect integer value: '' for column 'id_goods' at row 1  Трусики-подгузники GOO.N для девочек 9-14 кг (размер L, 88 шт)
2021-07-01 16:57:10  ошибка в бд - Incorrect integer value: '' for column 'id_goods' at row 1  Трусики-подгузники GOO.N для девочек 9-14 кг (размер L, 88 шт)
2021-07-01 16:57:10  ошибка в бд - Incorrect integer value: '' for column 'id_goods' at row 1  Трусики-подгузники GOO.N для девочек 9-14 кг (размер L, 88 шт)
2021-07-01 16:57:10  ошибка в бд - Incorrect integer value: '' for column 'id_goods' at row 1  Трусики-подгузники GOO.N для девочек 9-14 кг (размер L, 88 шт)
2021-07-01 16:57:10  ошибка в бд - Incorrect integer value: '' for column 'id_goods' at row 1  Трусики-подгузники GOO.N для девочек 9-14 кг (размер L, 88 шт)
2021-07-01 16:57:10  ошибка в бд - Incorrect integer value: '' for column 'id_goods' at row 1  Трусики-подгузники GOO.N для девочек 9-14 кг (размер L, 88 шт)
2021-07-01 16:57:10  ошибка в бд - Incorrect integer value: '' for column 'id_goods' at row 1  Трусики-подгузники GOO.N для девочек 9-14 кг (размер L, 88 шт)
2021-07-01 16:57:10  ошибка в бд - Incorrect integer value: '' for column 'id_goods' at row 1  Трусики-подгузники GOO.N для девочек 9-14 кг (размер L, 88 шт)
2021-07-01 16:57:10  ошибка в бд - Incorrect integer value: '' for column 'id_goods' at row 1  Трусики-подгузники GOO.N для девочек 9-14 кг (размер L, 88 шт)
2021-07-01 16:57:10  ошибка в бд - Incorrect integer value: '' for column 'id_goods' at row 1  Трусики-подгузники GOO.N для девочек 9-14 кг (размер L, 88 шт)
2021-07-01 16:57:10  ошибка в бд - Incorrect integer value: '' for column 'id_goods' at row 1  Трусики-подгузники GOO.N для девочек 9-14 кг (размер L, 88 шт)
2021-07-01 16:57:10  ошибка в бд - Incorrect integer value: '' for column 'id_goods' at row 1  Трусики-подгузники GOO.N для девочек 9-14 кг (размер L, 88 шт)
2021-07-01 16:57:10  ошибка в бд - Incorrect integer value: '' for column 'id_goods' at row 1  Трусики-подгузники GOO.N для девочек 9-14 кг (размер L, 88 шт)
2021-07-01 16:57:10  ошибка в бд - Incorrect integer value: '' for column 'id_goods' at row 1  Трусики-подгузники GOO.N для девочек 9-14 кг (размер L, 88 шт)
2021-07-01 16:57:10  ошибка в бд - Incorrect integer value: '' for column 'id_goods' at row 1  Трусики-подгузники GOO.N для девочек 9-14 кг (размер L, 88 шт)
2021-07-01 16:57:10  ошибка в бд - Incorrect integer value: '' for column 'id_goods' at row 1  Трусики-подгузники GOO.N для девочек 9-14 кг (размер L, 88 шт)
2021-07-01 16:57:10  ошибка в бд - Incorrect integer value: '' for column 'id_goods' at row 1  Трусики-подгузники GOO.N для девочек 9-14 кг (размер L, 88 шт)
2021-07-01 16:57:10  ошибка в бд - Incorrect integer value: '' for column 'id_goods' at row 1  Трусики-подгузники GOO.N для девочек 9-14 кг (размер L, 88 шт)
2021-07-01 16:57:10  ошибка в бд - Incorrect integer value: '' for column 'id_goods' at row 1  Трусики-подгузники GOO.N для девочек 9-14 кг (размер L, 88 шт)
2021-07-01 16:57:10  ошибка в бд - Incorrect integer value: '' for column 'id_goods' at row 1  Трусики-подгузники GOO.N для девочек 9-14 кг (размер L, 88 шт)
2021-07-01 16:57:10  ошибка в бд - Incorrect integer value: '' for column 'id_goods' at row 1  Трусики-подгузники GOO.N для девочек 9-14 кг (размер L, 88 шт)
2021-07-01 16:57:10  ошибка в бд - Incorrect integer value: '' for column 'id_goods' at row 1  Трусики-подгузники GOO.N для девочек 9-14 кг (размер L, 88 шт)
2021-07-01 16:57:10  ошибка в бд - Incorrect integer value: '' for column 'id_goods' at row 1  Трусики-подгузники GOO.N для девочек 9-14 кг (размер L, 88 шт)
2021-07-01 16:57:10  ошибка в бд - Incorrect integer value: '' for column 'id_goods' at row 1  Трусики-подгузники GOO.N для девочек 9-14 кг (размер L, 88 шт)
2021-07-01 16:57:10  ошибка в бд - Incorrect integer value: '' for column 'id_goods' at row 1  Трусики-подгузники GOO.N для девочек 9-14 кг (размер L, 88 шт)
2021-07-01 16:57:10  ошибка в бд - Incorrect integer value: '' for column 'id_goods' at row 1  Трусики-подгузники GOO.N для девочек 9-14 кг (размер L, 88 шт)
2021-07-01 16:57:10  ошибка в бд - Incorrect integer value: '' for column 'id_goods' at row 1  Трусики-подгузники GOO.N для девочек 9-14 кг (размер L, 88 шт)
2021-07-01 16:57:10  ошибка в бд - Incorrect integer value: '' for column 'id_goods' at row 1  Трусики-подгузники GOO.N для девочек 9-14 кг (размер L, 88 шт)
2021-07-01 16:58:57  ошибка в бд - Incorrect integer value: '' for column 'id_goods' at row 1  Акционный набор игрушек - РАЗНОЦВЕТНЫЕ ШАРИКИ (для сухого бассейна, 100 шт.)
2021-07-01 16:58:57  ошибка в бд - Incorrect integer value: '' for column 'id_goods' at row 1  Акционный набор игрушек - РАЗНОЦВЕТНЫЕ ШАРИКИ (для сухого бассейна, 100 шт.)
2021-07-01 16:58:57  ошибка в бд - Incorrect integer value: '' for column 'id_goods' at row 1  Акционный набор игрушек - РАЗНОЦВЕТНЫЕ ШАРИКИ (для сухого бассейна, 100 шт.)
2021-07-01 16:58:57  ошибка в бд - Incorrect integer value: '' for column 'id_goods' at row 1  Акционный набор игрушек - РАЗНОЦВЕТНЫЕ ШАРИКИ (для сухого бассейна, 100 шт.)
2021-07-01 16:58:57  ошибка в бд - Incorrect integer value: '' for column 'id_goods' at row 1  Акционный набор игрушек - РАЗНОЦВЕТНЫЕ ШАРИКИ (для сухого бассейна, 100 шт.)
2021-07-01 16:58:57  ошибка в бд - Incorrect integer value: '' for column 'id_goods' at row 1  Акционный набор игрушек - РАЗНОЦВЕТНЫЕ ШАРИКИ (для сухого бассейна, 100 шт.)
2021-07-01 16:58:57  ошибка в бд - Incorrect integer value: '' for column 'id_goods' at row 1  Акционный набор игрушек - РАЗНОЦВЕТНЫЕ ШАРИКИ (для сухого бассейна, 100 шт.)
2021-07-01 16:58:57  ошибка в бд - Incorrect integer value: '' for column 'id_goods' at row 1  Акционный набор игрушек - РАЗНОЦВЕТНЫЕ ШАРИКИ (для сухого бассейна, 100 шт.)
2021-07-01 16:58:57  ошибка в бд - Incorrect integer value: '' for column 'id_goods' at row 1  Акционный набор игрушек - РАЗНОЦВЕТНЫЕ ШАРИКИ (для сухого бассейна, 100 шт.)
2021-07-01 16:58:57  ошибка в бд - Incorrect integer value: '' for column 'id_goods' at row 1  Акционный набор игрушек - РАЗНОЦВЕТНЫЕ ШАРИКИ (для сухого бассейна, 100 шт.)
2021-07-01 16:58:57  ошибка в бд - Incorrect integer value: '' for column 'id_goods' at row 1  Акционный набор игрушек - РАЗНОЦВЕТНЫЕ ШАРИКИ (для сухого бассейна, 100 шт.)
2021-07-01 16:58:57  ошибка в бд - Incorrect integer value: '' for column 'id_goods' at row 1  Акционный набор игрушек - РАЗНОЦВЕТНЫЕ ШАРИКИ (для сухого бассейна, 100 шт.)
2021-07-01 16:58:57  ошибка в бд - Incorrect integer value: '' for column 'id_goods' at row 1  Акционный набор игрушек - РАЗНОЦВЕТНЫЕ ШАРИКИ (для сухого бассейна, 100 шт.)
2021-07-01 16:58:57  ошибка в бд - Incorrect integer value: '' for column 'id_goods' at row 1  Акционный набор игрушек - РАЗНОЦВЕТНЫЕ ШАРИКИ (для сухого бассейна, 100 шт.)
2021-07-01 16:58:57  ошибка в бд - Incorrect integer value: '' for column 'id_goods' at row 1  Акционный набор игрушек - РАЗНОЦВЕТНЫЕ ШАРИКИ (для сухого бассейна, 100 шт.)
2021-07-01 16:58:57  ошибка в бд - Incorrect integer value: '' for column 'id_goods' at row 1  Акционный набор игрушек - РАЗНОЦВЕТНЫЕ ШАРИКИ (для сухого бассейна, 100 шт.)
2021-07-01 16:58:57  ошибка в бд - Incorrect integer value: '' for column 'id_goods' at row 1  Акционный набор игрушек - РАЗНОЦВЕТНЫЕ ШАРИКИ (для сухого бассейна, 100 шт.)
2021-07-01 16:58:57  ошибка в бд - Incorrect integer value: '' for column 'id_goods' at row 1  Акционный набор игрушек - РАЗНОЦВЕТНЫЕ ШАРИКИ (для сухого бассейна, 100 шт.)
2021-07-01 16:58:57  ошибка в бд - Incorrect integer value: '' for column 'id_goods' at row 1  Акционный набор игрушек - РАЗНОЦВЕТНЫЕ ШАРИКИ (для сухого бассейна, 100 шт.)
2021-07-01 16:58:57  ошибка в бд - Incorrect integer value: '' for column 'id_goods' at row 1  Акционный набор игрушек - РАЗНОЦВЕТНЫЕ ШАРИКИ (для сухого бассейна, 100 шт.)
2021-07-01 16:58:57  ошибка в бд - Incorrect integer value: '' for column 'id_goods' at row 1  Акционный набор игрушек - РАЗНОЦВЕТНЫЕ ШАРИКИ (для сухого бассейна, 100 шт.)
2021-07-01 16:58:57  ошибка в бд - Incorrect integer value: '' for column 'id_goods' at row 1  Акционный набор игрушек - РАЗНОЦВЕТНЫЕ ШАРИКИ (для сухого бассейна, 100 шт.)
2021-07-01 16:58:57  ошибка в бд - Incorrect integer value: '' for column 'id_goods' at row 1  Акционный набор игрушек - РАЗНОЦВЕТНЫЕ ШАРИКИ (для сухого бассейна, 100 шт.)
2021-07-01 16:58:57  ошибка в бд - Incorrect integer value: '' for column 'id_goods' at row 1  Акционный набор игрушек - РАЗНОЦВЕТНЫЕ ШАРИКИ (для сухого бассейна, 100 шт.)
2021-07-01 16:58:57  ошибка в бд - Incorrect integer value: '' for column 'id_goods' at row 1  Акционный набор игрушек - РАЗНОЦВЕТНЫЕ ШАРИКИ (для сухого бассейна, 100 шт.)
2021-07-01 16:58:57  ошибка в бд - Incorrect integer value: '' for column 'id_goods' at row 1  Акционный набор игрушек - РАЗНОЦВЕТНЫЕ ШАРИКИ (для сухого бассейна, 100 шт.)
2021-07-01 16:58:57  ошибка в бд - Incorrect integer value: '' for column 'id_goods' at row 1  Акционный набор игрушек - РАЗНОЦВЕТНЫЕ ШАРИКИ (для сухого бассейна, 100 шт.)
2021-07-01 16:58:58  ошибка в бд - Incorrect integer value: '' for column 'id_goods' at row 1  Акционный набор игрушек - РАЗНОЦВЕТНЫЕ ШАРИКИ (для сухого бассейна, 100 шт.)
2021-07-01 16:58:58  ошибка в бд - Incorrect integer value: '' for column 'id_goods' at row 1  Акционный набор игрушек - РАЗНОЦВЕТНЫЕ ШАРИКИ (для сухого бассейна, 100 шт.)
2021-07-01 16:58:58  ошибка в бд - Incorrect integer value: '' for column 'id_goods' at row 1  Акционный набор игрушек - РАЗНОЦВЕТНЫЕ ШАРИКИ (для сухого бассейна, 100 шт.)
2021-07-01 16:58:58  ошибка в бд - Incorrect integer value: '' for column 'id_goods' at row 1  Акционный набор игрушек - РАЗНОЦВЕТНЫЕ ШАРИКИ (для сухого бассейна, 100 шт.)
2021-07-01 16:58:58  ошибка в бд - Incorrect integer value: '' for column 'id_goods' at row 1  Акционный набор игрушек - РАЗНОЦВЕТНЫЕ ШАРИКИ (для сухого бассейна, 100 шт.)
2021-07-01 16:58:58  ошибка в бд - Incorrect integer value: '' for column 'id_goods' at row 1  Акционный набор игрушек - РАЗНОЦВЕТНЫЕ ШАРИКИ (для сухого бассейна, 100 шт.)
2021-07-01 16:58:58  ошибка в бд - Incorrect integer value: '' for column 'id_goods' at row 1  Акционный набор игрушек - РАЗНОЦВЕТНЫЕ ШАРИКИ (для сухого бассейна, 100 шт.)
2021-07-01 17:02:50  ошибка в бд - Incorrect integer value: '' for column 'id_goods' at row 1  Кукла BABY BORN серии \"Нежные объятия\" - ВОЛШЕБНАЯ ДЕВОЧКА (43 cm, с аксессуарами)
2021-07-01 17:02:50  ошибка в бд - Incorrect integer value: '' for column 'id_goods' at row 1  Кукла BABY BORN серии \"Нежные объятия\" - ВОЛШЕБНАЯ ДЕВОЧКА (43 cm, с аксессуарами)
2021-07-01 17:02:50  ошибка в бд - Incorrect integer value: '' for column 'id_goods' at row 1  Кукла BABY BORN серии \"Нежные объятия\" - ВОЛШЕБНАЯ ДЕВОЧКА (43 cm, с аксессуарами)
2021-07-01 17:02:50  ошибка в бд - Incorrect integer value: '' for column 'id_goods' at row 1  Кукла BABY BORN серии \"Нежные объятия\" - ВОЛШЕБНАЯ ДЕВОЧКА (43 cm, с аксессуарами)
2021-07-01 17:02:50  ошибка в бд - Incorrect integer value: '' for column 'id_goods' at row 1  Кукла BABY BORN серии \"Нежные объятия\" - ВОЛШЕБНАЯ ДЕВОЧКА (43 cm, с аксессуарами)
2021-07-01 17:02:50  ошибка в бд - Incorrect integer value: '' for column 'id_goods' at row 1  Кукла BABY BORN серии \"Нежные объятия\" - ВОЛШЕБНАЯ ДЕВОЧКА (43 cm, с аксессуарами)
2021-07-01 17:02:50  ошибка в бд - Incorrect integer value: '' for column 'id_goods' at row 1  Кукла BABY BORN серии \"Нежные объятия\" - ВОЛШЕБНАЯ ДЕВОЧКА (43 cm, с аксессуарами)
2021-07-01 17:02:50  ошибка в бд - Incorrect integer value: '' for column 'id_goods' at row 1  Кукла BABY BORN серии \"Нежные объятия\" - ВОЛШЕБНАЯ ДЕВОЧКА (43 cm, с аксессуарами)
2021-07-01 17:02:50  ошибка в бд - Incorrect integer value: '' for column 'id_goods' at row 1  Кукла BABY BORN серии \"Нежные объятия\" - ВОЛШЕБНАЯ ДЕВОЧКА (43 cm, с аксессуарами)
2021-07-01 17:02:50  ошибка в бд - Incorrect integer value: '' for column 'id_goods' at row 1  Кукла BABY BORN серии \"Нежные объятия\" - ВОЛШЕБНАЯ ДЕВОЧКА (43 cm, с аксессуарами)
2021-07-01 17:02:50  ошибка в бд - Incorrect integer value: '' for column 'id_goods' at row 1  Кукла BABY BORN серии \"Нежные объятия\" - ВОЛШЕБНАЯ ДЕВОЧКА (43 cm, с аксессуарами)
2021-07-01 17:02:50  ошибка в бд - Incorrect integer value: '' for column 'id_goods' at row 1  Кукла BABY BORN серии \"Нежные объятия\" - ВОЛШЕБНАЯ ДЕВОЧКА (43 cm, с аксессуарами)
2021-07-01 17:02:50  ошибка в бд - Incorrect integer value: '' for column 'id_goods' at row 1  Кукла BABY BORN серии \"Нежные объятия\" - ВОЛШЕБНАЯ ДЕВОЧКА (43 cm, с аксессуарами)
2021-07-01 17:02:50  ошибка в бд - Incorrect integer value: '' for column 'id_goods' at row 1  Кукла BABY BORN серии \"Нежные объятия\" - ВОЛШЕБНАЯ ДЕВОЧКА (43 cm, с аксессуарами)
2021-07-01 17:02:50  ошибка в бд - Incorrect integer value: '' for column 'id_goods' at row 1  Кукла BABY BORN серии \"Нежные объятия\" - ВОЛШЕБНАЯ ДЕВОЧКА (43 cm, с аксессуарами)
2021-07-01 17:02:50  ошибка в бд - Incorrect integer value: '' for column 'id_goods' at row 1  Кукла BABY BORN серии \"Нежные объятия\" - ВОЛШЕБНАЯ ДЕВОЧКА (43 cm, с аксессуарами)
2021-07-01 17:02:50  ошибка в бд - Incorrect integer value: '' for column 'id_goods' at row 1  Кукла BABY BORN серии \"Нежные объятия\" - ВОЛШЕБНАЯ ДЕВОЧКА (43 cm, с аксессуарами)
2021-07-01 17:02:50  ошибка в бд - Incorrect integer value: '' for column 'id_goods' at row 1  Кукла BABY BORN серии \"Нежные объятия\" - ВОЛШЕБНАЯ ДЕВОЧКА (43 cm, с аксессуарами)
2021-07-01 17:02:50  ошибка в бд - Incorrect integer value: '' for column 'id_goods' at row 1  Кукла BABY BORN серии \"Нежные объятия\" - ВОЛШЕБНАЯ ДЕВОЧКА (43 cm, с аксессуарами)
2021-07-01 17:02:50  ошибка в бд - Incorrect integer value: '' for column 'id_goods' at row 1  Кукла BABY BORN серии \"Нежные объятия\" - ВОЛШЕБНАЯ ДЕВОЧКА (43 cm, с аксессуарами)
2021-07-01 17:02:50  ошибка в бд - Incorrect integer value: '' for column 'id_goods' at row 1  Кукла BABY BORN серии \"Нежные объятия\" - ВОЛШЕБНАЯ ДЕВОЧКА (43 cm, с аксессуарами)
2021-07-01 17:02:50  ошибка в бд - Incorrect integer value: '' for column 'id_goods' at row 1  Кукла BABY BORN серии \"Нежные объятия\" - ВОЛШЕБНАЯ ДЕВОЧКА (43 cm, с аксессуарами)
2021-07-01 17:02:50  ошибка в бд - Incorrect integer value: '' for column 'id_goods' at row 1  Кукла BABY BORN серии \"Нежные объятия\" - ВОЛШЕБНАЯ ДЕВОЧКА (43 cm, с аксессуарами)
2021-07-01 17:02:50  ошибка в бд - Incorrect integer value: '' for column 'id_goods' at row 1  Кукла BABY BORN серии \"Нежные объятия\" - ВОЛШЕБНАЯ ДЕВОЧКА (43 cm, с аксессуарами)
2021-07-01 17:02:50  ошибка в бд - Incorrect integer value: '' for column 'id_goods' at row 1  Кукла BABY BORN серии \"Нежные объятия\" - ВОЛШЕБНАЯ ДЕВОЧКА (43 cm, с аксессуарами)
2021-07-01 17:02:50  ошибка в бд - Incorrect integer value: '' for column 'id_goods' at row 1  Кукла BABY BORN серии \"Нежные объятия\" - ВОЛШЕБНАЯ ДЕВОЧКА (43 cm, с аксессуарами)
2021-07-01 17:02:50  ошибка в бд - Incorrect integer value: '' for column 'id_goods' at row 1  Кукла BABY BORN серии \"Нежные объятия\" - ВОЛШЕБНАЯ ДЕВОЧКА (43 cm, с аксессуарами)
2021-07-01 17:02:50  ошибка в бд - Incorrect integer value: '' for column 'id_goods' at row 1  Кукла BABY BORN серии \"Нежные объятия\" - ВОЛШЕБНАЯ ДЕВОЧКА (43 cm, с аксессуарами)
2021-07-01 17:02:50  ошибка в бд - Incorrect integer value: '' for column 'id_goods' at row 1  Кукла BABY BORN серии \"Нежные объятия\" - ВОЛШЕБНАЯ ДЕВОЧКА (43 cm, с аксессуарами)
2021-07-01 17:02:50  ошибка в бд - Incorrect integer value: '' for column 'id_goods' at row 1  Кукла BABY BORN серии \"Нежные объятия\" - ВОЛШЕБНАЯ ДЕВОЧКА (43 cm, с аксессуарами)
2021-07-01 17:02:50  ошибка в бд - Incorrect integer value: '' for column 'id_goods' at row 1  Кукла BABY BORN серии \"Нежные объятия\" - ВОЛШЕБНАЯ ДЕВОЧКА (43 cm, с аксессуарами)
2021-07-01 17:02:50  ошибка в бд - Incorrect integer value: '' for column 'id_goods' at row 1  Кукла BABY BORN серии \"Нежные объятия\" - ВОЛШЕБНАЯ ДЕВОЧКА (43 cm, с аксессуарами)
2021-07-01 17:02:50  ошибка в бд - Incorrect integer value: '' for column 'id_goods' at row 1  Кукла BABY BORN серии \"Нежные объятия\" - ВОЛШЕБНАЯ ДЕВОЧКА (43 cm, с аксессуарами)
2021-07-01 17:02:50  ошибка в бд - Incorrect integer value: '' for column 'id_goods' at row 1  Кукла BABY BORN серии \"Нежные объятия\" - ВОЛШЕБНАЯ ДЕВОЧКА (43 cm, с аксессуарами)
2021-07-01 17:02:50  ошибка в бд - Incorrect integer value: '' for column 'id_goods' at row 1  Кукла BABY BORN серии \"Нежные объятия\" - ВОЛШЕБНЫЙ МАЛЬЧИК (43 cm, с аксессуарами)
2021-07-01 17:02:50  ошибка в бд - Incorrect integer value: '' for column 'id_goods' at row 1  Кукла BABY BORN серии \"Нежные объятия\" - ВОЛШЕБНЫЙ МАЛЬЧИК (43 cm, с аксессуарами)
2021-07-01 17:02:50  ошибка в бд - Incorrect integer value: '' for column 'id_goods' at row 1  Кукла BABY BORN серии \"Нежные объятия\" - ВОЛШЕБНЫЙ МАЛЬЧИК (43 cm, с аксессуарами)
2021-07-01 17:02:50  ошибка в бд - Incorrect integer value: '' for column 'id_goods' at row 1  Кукла BABY BORN серии \"Нежные объятия\" - ВОЛШЕБНЫЙ МАЛЬЧИК (43 cm, с аксессуарами)
2021-07-01 17:02:50  ошибка в бд - Incorrect integer value: '' for column 'id_goods' at row 1  Кукла BABY BORN серии \"Нежные объятия\" - ВОЛШЕБНЫЙ МАЛЬЧИК (43 cm, с аксессуарами)
2021-07-01 17:02:50  ошибка в бд - Incorrect integer value: '' for column 'id_goods' at row 1  Кукла BABY BORN серии \"Нежные объятия\" - ВОЛШЕБНЫЙ МАЛЬЧИК (43 cm, с аксессуарами)
2021-07-01 17:02:50  ошибка в бд - Incorrect integer value: '' for column 'id_goods' at row 1  Кукла BABY BORN серии \"Нежные объятия\" - ВОЛШЕБНЫЙ МАЛЬЧИК (43 cm, с аксессуарами)
2021-07-01 17:02:50  ошибка в бд - Incorrect integer value: '' for column 'id_goods' at row 1  Кукла BABY BORN серии \"Нежные объятия\" - ВОЛШЕБНЫЙ МАЛЬЧИК (43 cm, с аксессуарами)
2021-07-01 17:02:50  ошибка в бд - Incorrect integer value: '' for column 'id_goods' at row 1  Кукла BABY BORN серии \"Нежные объятия\" - ВОЛШЕБНЫЙ МАЛЬЧИК (43 cm, с аксессуарами)
2021-07-01 17:02:50  ошибка в бд - Incorrect integer value: '' for column 'id_goods' at row 1  Кукла BABY BORN серии \"Нежные объятия\" - ВОЛШЕБНЫЙ МАЛЬЧИК (43 cm, с аксессуарами)
2021-07-01 17:02:50  ошибка в бд - Incorrect integer value: '' for column 'id_goods' at row 1  Кукла BABY BORN серии \"Нежные объятия\" - ВОЛШЕБНЫЙ МАЛЬЧИК (43 cm, с аксессуарами)
2021-07-01 17:02:50  ошибка в бд - Incorrect integer value: '' for column 'id_goods' at row 1  Кукла BABY BORN серии \"Нежные объятия\" - ВОЛШЕБНЫЙ МАЛЬЧИК (43 cm, с аксессуарами)
2021-07-01 17:02:50  ошибка в бд - Incorrect integer value: '' for column 'id_goods' at row 1  Кукла BABY BORN серии \"Нежные объятия\" - ВОЛШЕБНЫЙ МАЛЬЧИК (43 cm, с аксессуарами)
2021-07-01 17:02:50  ошибка в бд - Incorrect integer value: '' for column 'id_goods' at row 1  Кукла BABY BORN серии \"Нежные объятия\" - ВОЛШЕБНЫЙ МАЛЬЧИК (43 cm, с аксессуарами)
2021-07-01 17:02:50  ошибка в бд - Incorrect integer value: '' for column 'id_goods' at row 1  Кукла BABY BORN серии \"Нежные объятия\" - ВОЛШЕБНЫЙ МАЛЬЧИК (43 cm, с аксессуарами)
2021-07-01 17:02:50  ошибка в бд - Incorrect integer value: '' for column 'id_goods' at row 1  Кукла BABY BORN серии \"Нежные объятия\" - ВОЛШЕБНЫЙ МАЛЬЧИК (43 cm, с аксессуарами)
2021-07-01 17:02:50  ошибка в бд - Incorrect integer value: '' for column 'id_goods' at row 1  Кукла BABY BORN серии \"Нежные объятия\" - ВОЛШЕБНЫЙ МАЛЬЧИК (43 cm, с аксессуарами)
2021-07-01 17:02:50  ошибка в бд - Incorrect integer value: '' for column 'id_goods' at row 1  Кукла BABY BORN серии \"Нежные объятия\" - ВОЛШЕБНЫЙ МАЛЬЧИК (43 cm, с аксессуарами)
2021-07-01 17:02:50  ошибка в бд - Incorrect integer value: '' for column 'id_goods' at row 1  Кукла BABY BORN серии \"Нежные объятия\" - ВОЛШЕБНЫЙ МАЛЬЧИК (43 cm, с аксессуарами)
2021-07-01 17:02:50  ошибка в бд - Incorrect integer value: '' for column 'id_goods' at row 1  Кукла BABY BORN серии \"Нежные объятия\" - ВОЛШЕБНЫЙ МАЛЬЧИК (43 cm, с аксессуарами)
2021-07-01 17:02:50  ошибка в бд - Incorrect integer value: '' for column 'id_goods' at row 1  Кукла BABY BORN серии \"Нежные объятия\" - ВОЛШЕБНЫЙ МАЛЬЧИК (43 cm, с аксессуарами)
2021-07-01 17:02:50  ошибка в бд - Incorrect integer value: '' for column 'id_goods' at row 1  Кукла BABY BORN серии \"Нежные объятия\" - ВОЛШЕБНЫЙ МАЛЬЧИК (43 cm, с аксессуарами)
2021-07-01 17:02:50  ошибка в бд - Incorrect integer value: '' for column 'id_goods' at row 1  Кукла BABY BORN серии \"Нежные объятия\" - ВОЛШЕБНЫЙ МАЛЬЧИК (43 cm, с аксессуарами)
2021-07-01 17:02:50  ошибка в бд - Incorrect integer value: '' for column 'id_goods' at row 1  Кукла BABY BORN серии \"Нежные объятия\" - ВОЛШЕБНЫЙ МАЛЬЧИК (43 cm, с аксессуарами)
2021-07-01 17:02:50  ошибка в бд - Incorrect integer value: '' for column 'id_goods' at row 1  Кукла BABY BORN серии \"Нежные объятия\" - ВОЛШЕБНЫЙ МАЛЬЧИК (43 cm, с аксессуарами)
2021-07-01 17:02:50  ошибка в бд - Incorrect integer value: '' for column 'id_goods' at row 1  Кукла BABY BORN серии \"Нежные объятия\" - ВОЛШЕБНЫЙ МАЛЬЧИК (43 cm, с аксессуарами)
2021-07-01 17:02:50  ошибка в бд - Incorrect integer value: '' for column 'id_goods' at row 1  Кукла BABY BORN серии \"Нежные объятия\" - ВОЛШЕБНЫЙ МАЛЬЧИК (43 cm, с аксессуарами)
2021-07-01 17:02:50  ошибка в бд - Incorrect integer value: '' for column 'id_goods' at row 1  Кукла BABY BORN серии \"Нежные объятия\" - ВОЛШЕБНЫЙ МАЛЬЧИК (43 cm, с аксессуарами)
2021-07-01 17:02:50  ошибка в бд - Incorrect integer value: '' for column 'id_goods' at row 1  Кукла BABY BORN серии \"Нежные объятия\" - ВОЛШЕБНЫЙ МАЛЬЧИК (43 cm, с аксессуарами)
2021-07-01 17:02:50  ошибка в бд - Incorrect integer value: '' for column 'id_goods' at row 1  Кукла BABY BORN серии \"Нежные объятия\" - ВОЛШЕБНЫЙ МАЛЬЧИК (43 cm, с аксессуарами)
2021-07-01 17:02:50  ошибка в бд - Incorrect integer value: '' for column 'id_goods' at row 1  Кукла BABY BORN серии \"Нежные объятия\" - ВОЛШЕБНЫЙ МАЛЬЧИК (43 cm, с аксессуарами)
2021-07-01 17:02:50  ошибка в бд - Incorrect integer value: '' for column 'id_goods' at row 1  Кукла BABY BORN серии \"Нежные объятия\" - ВОЛШЕБНЫЙ МАЛЬЧИК (43 cm, с аксессуарами)
2021-07-01 17:02:50  ошибка в бд - Incorrect integer value: '' for column 'id_goods' at row 1  Кукла BABY BORN серии \"Нежные объятия\" - ВОЛШЕБНЫЙ МАЛЬЧИК (43 cm, с аксессуарами)
2021-07-01 17:02:50  ошибка в бд - Incorrect integer value: '' for column 'id_goods' at row 1  Кукла BABY BORN серии \"Нежные объятия\" - ВОЛШЕБНЫЙ МАЛЬЧИК (43 cm, с аксессуарами)
2021-07-01 17:02:54  ошибка в бд - Incorrect integer value: '' for column 'id_goods' at row 1  Интеракт.пустышка для куклы BABY BORN серии \"День Рождения\" -ВОЛШЕБНАЯ ПУСТЫШКА (свет,звук,для 43cm)
2021-07-01 17:02:54  ошибка в бд - Incorrect integer value: '' for column 'id_goods' at row 1  Интеракт.пустышка для куклы BABY BORN серии \"День Рождения\" -ВОЛШЕБНАЯ ПУСТЫШКА (свет,звук,для 43cm)
2021-07-01 17:02:54  ошибка в бд - Incorrect integer value: '' for column 'id_goods' at row 1  Интеракт.пустышка для куклы BABY BORN серии \"День Рождения\" -ВОЛШЕБНАЯ ПУСТЫШКА (свет,звук,для 43cm)
2021-07-01 17:02:54  ошибка в бд - Incorrect integer value: '' for column 'id_goods' at row 1  Интеракт.пустышка для куклы BABY BORN серии \"День Рождения\" -ВОЛШЕБНАЯ ПУСТЫШКА (свет,звук,для 43cm)
2021-07-01 17:02:54  ошибка в бд - Incorrect integer value: '' for column 'id_goods' at row 1  Интеракт.пустышка для куклы BABY BORN серии \"День Рождения\" -ВОЛШЕБНАЯ ПУСТЫШКА (свет,звук,для 43cm)
2021-07-01 17:02:54  ошибка в бд - Incorrect integer value: '' for column 'id_goods' at row 1  Интеракт.пустышка для куклы BABY BORN серии \"День Рождения\" -ВОЛШЕБНАЯ ПУСТЫШКА (свет,звук,для 43cm)
2021-07-01 17:02:54  ошибка в бд - Incorrect integer value: '' for column 'id_goods' at row 1  Интеракт.пустышка для куклы BABY BORN серии \"День Рождения\" -ВОЛШЕБНАЯ ПУСТЫШКА (свет,звук,для 43cm)
2021-07-01 17:02:54  ошибка в бд - Incorrect integer value: '' for column 'id_goods' at row 1  Интеракт.пустышка для куклы BABY BORN серии \"День Рождения\" -ВОЛШЕБНАЯ ПУСТЫШКА (свет,звук,для 43cm)
2021-07-01 17:02:54  ошибка в бд - Incorrect integer value: '' for column 'id_goods' at row 1  Интеракт.пустышка для куклы BABY BORN серии \"День Рождения\" -ВОЛШЕБНАЯ ПУСТЫШКА (свет,звук,для 43cm)
2021-07-01 17:02:54  ошибка в бд - Incorrect integer value: '' for column 'id_goods' at row 1  Интеракт.пустышка для куклы BABY BORN серии \"День Рождения\" -ВОЛШЕБНАЯ ПУСТЫШКА (свет,звук,для 43cm)
2021-07-01 17:02:54  ошибка в бд - Incorrect integer value: '' for column 'id_goods' at row 1  Интеракт.пустышка для куклы BABY BORN серии \"День Рождения\" -ВОЛШЕБНАЯ ПУСТЫШКА (свет,звук,для 43cm)
2021-07-01 17:02:54  ошибка в бд - Incorrect integer value: '' for column 'id_goods' at row 1  Интеракт.пустышка для куклы BABY BORN серии \"День Рождения\" -ВОЛШЕБНАЯ ПУСТЫШКА (свет,звук,для 43cm)
2021-07-01 17:02:54  ошибка в бд - Incorrect integer value: '' for column 'id_goods' at row 1  Интеракт.пустышка для куклы BABY BORN серии \"День Рождения\" -ВОЛШЕБНАЯ ПУСТЫШКА (свет,звук,для 43cm)
2021-07-01 17:02:54  ошибка в бд - Incorrect integer value: '' for column 'id_goods' at row 1  Интеракт.пустышка для куклы BABY BORN серии \"День Рождения\" -ВОЛШЕБНАЯ ПУСТЫШКА (свет,звук,для 43cm)
2021-07-01 17:02:54  ошибка в бд - Incorrect integer value: '' for column 'id_goods' at row 1  Интеракт.пустышка для куклы BABY BORN серии \"День Рождения\" -ВОЛШЕБНАЯ ПУСТЫШКА (свет,звук,для 43cm)
2021-07-01 17:02:54  ошибка в бд - Incorrect integer value: '' for column 'id_goods' at row 1  Интеракт.пустышка для куклы BABY BORN серии \"День Рождения\" -ВОЛШЕБНАЯ ПУСТЫШКА (свет,звук,для 43cm)
2021-07-01 17:02:54  ошибка в бд - Incorrect integer value: '' for column 'id_goods' at row 1  Интеракт.пустышка для куклы BABY BORN серии \"День Рождения\" -ВОЛШЕБНАЯ ПУСТЫШКА (свет,звук,для 43cm)
2021-07-01 17:02:54  ошибка в бд - Incorrect integer value: '' for column 'id_goods' at row 1  Интеракт.пустышка для куклы BABY BORN серии \"День Рождения\" -ВОЛШЕБНАЯ ПУСТЫШКА (свет,звук,для 43cm)
2021-07-01 17:02:54  ошибка в бд - Incorrect integer value: '' for column 'id_goods' at row 1  Интеракт.пустышка для куклы BABY BORN серии \"День Рождения\" -ВОЛШЕБНАЯ ПУСТЫШКА (свет,звук,для 43cm)
2021-07-01 17:02:54  ошибка в бд - Incorrect integer value: '' for column 'id_goods' at row 1  Интеракт.пустышка для куклы BABY BORN серии \"День Рождения\" -ВОЛШЕБНАЯ ПУСТЫШКА (свет,звук,для 43cm)
2021-07-01 17:02:54  ошибка в бд - Incorrect integer value: '' for column 'id_goods' at row 1  Интеракт.пустышка для куклы BABY BORN серии \"День Рождения\" -ВОЛШЕБНАЯ ПУСТЫШКА (свет,звук,для 43cm)
2021-07-01 17:02:54  ошибка в бд - Incorrect integer value: '' for column 'id_goods' at row 1  Интеракт.пустышка для куклы BABY BORN серии \"День Рождения\" -ВОЛШЕБНАЯ ПУСТЫШКА (свет,звук,для 43cm)
2021-07-01 17:02:54  ошибка в бд - Incorrect integer value: '' for column 'id_goods' at row 1  Интеракт.пустышка для куклы BABY BORN серии \"День Рождения\" -ВОЛШЕБНАЯ ПУСТЫШКА (свет,звук,для 43cm)
2021-07-01 17:02:54  ошибка в бд - Incorrect integer value: '' for column 'id_goods' at row 1  Интеракт.пустышка для куклы BABY BORN серии \"День Рождения\" -ВОЛШЕБНАЯ ПУСТЫШКА (свет,звук,для 43cm)
2021-07-01 17:02:54  ошибка в бд - Incorrect integer value: '' for column 'id_goods' at row 1  Интеракт.пустышка для куклы BABY BORN серии \"День Рождения\" -ВОЛШЕБНАЯ ПУСТЫШКА (свет,звук,для 43cm)
2021-07-01 17:02:54  ошибка в бд - Incorrect integer value: '' for column 'id_goods' at row 1  Интеракт.пустышка для куклы BABY BORN серии \"День Рождения\" -ВОЛШЕБНАЯ ПУСТЫШКА (свет,звук,для 43cm)
2021-07-01 17:02:54  ошибка в бд - Incorrect integer value: '' for column 'id_goods' at row 1  Интеракт.пустышка для куклы BABY BORN серии \"День Рождения\" -ВОЛШЕБНАЯ ПУСТЫШКА (свет,звук,для 43cm)
2021-07-01 17:02:54  ошибка в бд - Incorrect integer value: '' for column 'id_goods' at row 1  Интеракт.пустышка для куклы BABY BORN серии \"День Рождения\" -ВОЛШЕБНАЯ ПУСТЫШКА (свет,звук,для 43cm)
2021-07-01 17:02:54  ошибка в бд - Incorrect integer value: '' for column 'id_goods' at row 1  Интеракт.пустышка для куклы BABY BORN серии \"День Рождения\" -ВОЛШЕБНАЯ ПУСТЫШКА (свет,звук,для 43cm)
2021-07-01 17:02:54  ошибка в бд - Incorrect integer value: '' for column 'id_goods' at row 1  Интеракт.пустышка для куклы BABY BORN серии \"День Рождения\" -ВОЛШЕБНАЯ ПУСТЫШКА (свет,звук,для 43cm)
2021-07-01 17:02:54  ошибка в бд - Incorrect integer value: '' for column 'id_goods' at row 1  Интеракт.пустышка для куклы BABY BORN серии \"День Рождения\" -ВОЛШЕБНАЯ ПУСТЫШКА (свет,звук,для 43cm)
2021-07-01 17:02:54  ошибка в бд - Incorrect integer value: '' for column 'id_goods' at row 1  Интеракт.пустышка для куклы BABY BORN серии \"День Рождения\" -ВОЛШЕБНАЯ ПУСТЫШКА (свет,звук,для 43cm)
2021-07-01 17:02:54  ошибка в бд - Incorrect integer value: '' for column 'id_goods' at row 1  Интеракт.пустышка для куклы BABY BORN серии \"День Рождения\" -ВОЛШЕБНАЯ ПУСТЫШКА (свет,звук,для 43cm)
2021-07-01 17:02:54  ошибка в бд - Incorrect integer value: '' for column 'id_goods' at row 1  Интеракт.пустышка для куклы BABY BORN серии \"День Рождения\" -ВОЛШЕБНАЯ ПУСТЫШКА (свет,звук,для 43cm)
2021-07-01 17:02:59  ошибка в бд - Incorrect integer value: '' for column 'id_goods' at row 1  Трусики-подгузники GOO.N для девочек 9-14 кг (размер L, 88 шт)
2021-07-01 17:02:59  ошибка в бд - Incorrect integer value: '' for column 'id_goods' at row 1  Трусики-подгузники GOO.N для девочек 9-14 кг (размер L, 88 шт)
2021-07-01 17:02:59  ошибка в бд - Incorrect integer value: '' for column 'id_goods' at row 1  Трусики-подгузники GOO.N для девочек 9-14 кг (размер L, 88 шт)
2021-07-01 17:02:59  ошибка в бд - Incorrect integer value: '' for column 'id_goods' at row 1  Трусики-подгузники GOO.N для девочек 9-14 кг (размер L, 88 шт)
2021-07-01 17:02:59  ошибка в бд - Incorrect integer value: '' for column 'id_goods' at row 1  Трусики-подгузники GOO.N для девочек 9-14 кг (размер L, 88 шт)
2021-07-01 17:02:59  ошибка в бд - Incorrect integer value: '' for column 'id_goods' at row 1  Трусики-подгузники GOO.N для девочек 9-14 кг (размер L, 88 шт)
2021-07-01 17:02:59  ошибка в бд - Incorrect integer value: '' for column 'id_goods' at row 1  Трусики-подгузники GOO.N для девочек 9-14 кг (размер L, 88 шт)
2021-07-01 17:02:59  ошибка в бд - Incorrect integer value: '' for column 'id_goods' at row 1  Трусики-подгузники GOO.N для девочек 9-14 кг (размер L, 88 шт)
2021-07-01 17:02:59  ошибка в бд - Incorrect integer value: '' for column 'id_goods' at row 1  Трусики-подгузники GOO.N для девочек 9-14 кг (размер L, 88 шт)
2021-07-01 17:02:59  ошибка в бд - Incorrect integer value: '' for column 'id_goods' at row 1  Трусики-подгузники GOO.N для девочек 9-14 кг (размер L, 88 шт)
2021-07-01 17:02:59  ошибка в бд - Incorrect integer value: '' for column 'id_goods' at row 1  Трусики-подгузники GOO.N для девочек 9-14 кг (размер L, 88 шт)
2021-07-01 17:02:59  ошибка в бд - Incorrect integer value: '' for column 'id_goods' at row 1  Трусики-подгузники GOO.N для девочек 9-14 кг (размер L, 88 шт)
2021-07-01 17:02:59  ошибка в бд - Incorrect integer value: '' for column 'id_goods' at row 1  Трусики-подгузники GOO.N для девочек 9-14 кг (размер L, 88 шт)
2021-07-01 17:02:59  ошибка в бд - Incorrect integer value: '' for column 'id_goods' at row 1  Трусики-подгузники GOO.N для девочек 9-14 кг (размер L, 88 шт)
2021-07-01 17:02:59  ошибка в бд - Incorrect integer value: '' for column 'id_goods' at row 1  Трусики-подгузники GOO.N для девочек 9-14 кг (размер L, 88 шт)
2021-07-01 17:02:59  ошибка в бд - Incorrect integer value: '' for column 'id_goods' at row 1  Трусики-подгузники GOO.N для девочек 9-14 кг (размер L, 88 шт)
2021-07-01 17:02:59  ошибка в бд - Incorrect integer value: '' for column 'id_goods' at row 1  Трусики-подгузники GOO.N для девочек 9-14 кг (размер L, 88 шт)
2021-07-01 17:02:59  ошибка в бд - Incorrect integer value: '' for column 'id_goods' at row 1  Трусики-подгузники GOO.N для девочек 9-14 кг (размер L, 88 шт)
2021-07-01 17:02:59  ошибка в бд - Incorrect integer value: '' for column 'id_goods' at row 1  Трусики-подгузники GOO.N для девочек 9-14 кг (размер L, 88 шт)
2021-07-01 17:02:59  ошибка в бд - Incorrect integer value: '' for column 'id_goods' at row 1  Трусики-подгузники GOO.N для девочек 9-14 кг (размер L, 88 шт)
2021-07-01 17:02:59  ошибка в бд - Incorrect integer value: '' for column 'id_goods' at row 1  Трусики-подгузники GOO.N для девочек 9-14 кг (размер L, 88 шт)
2021-07-01 17:02:59  ошибка в бд - Incorrect integer value: '' for column 'id_goods' at row 1  Трусики-подгузники GOO.N для девочек 9-14 кг (размер L, 88 шт)
2021-07-01 17:02:59  ошибка в бд - Incorrect integer value: '' for column 'id_goods' at row 1  Трусики-подгузники GOO.N для девочек 9-14 кг (размер L, 88 шт)
2021-07-01 17:02:59  ошибка в бд - Incorrect integer value: '' for column 'id_goods' at row 1  Трусики-подгузники GOO.N для девочек 9-14 кг (размер L, 88 шт)
2021-07-01 17:02:59  ошибка в бд - Incorrect integer value: '' for column 'id_goods' at row 1  Трусики-подгузники GOO.N для девочек 9-14 кг (размер L, 88 шт)
2021-07-01 17:02:59  ошибка в бд - Incorrect integer value: '' for column 'id_goods' at row 1  Трусики-подгузники GOO.N для девочек 9-14 кг (размер L, 88 шт)
2021-07-01 17:02:59  ошибка в бд - Incorrect integer value: '' for column 'id_goods' at row 1  Трусики-подгузники GOO.N для девочек 9-14 кг (размер L, 88 шт)
2021-07-01 17:02:59  ошибка в бд - Incorrect integer value: '' for column 'id_goods' at row 1  Трусики-подгузники GOO.N для девочек 9-14 кг (размер L, 88 шт)
2021-07-01 17:02:59  ошибка в бд - Incorrect integer value: '' for column 'id_goods' at row 1  Трусики-подгузники GOO.N для девочек 9-14 кг (размер L, 88 шт)
2021-07-01 17:02:59  ошибка в бд - Incorrect integer value: '' for column 'id_goods' at row 1  Трусики-подгузники GOO.N для девочек 9-14 кг (размер L, 88 шт)
2021-07-01 17:02:59  ошибка в бд - Incorrect integer value: '' for column 'id_goods' at row 1  Трусики-подгузники GOO.N для девочек 9-14 кг (размер L, 88 шт)
2021-07-01 17:02:59  ошибка в бд - Incorrect integer value: '' for column 'id_goods' at row 1  Трусики-подгузники GOO.N для девочек 9-14 кг (размер L, 88 шт)
2021-07-01 17:02:59  ошибка в бд - Incorrect integer value: '' for column 'id_goods' at row 1  Трусики-подгузники GOO.N для девочек 9-14 кг (размер L, 88 шт)
2021-07-01 17:02:59  ошибка в бд - Incorrect integer value: '' for column 'id_goods' at row 1  Трусики-подгузники GOO.N для девочек 9-14 кг (размер L, 88 шт)
