2021-06-01 14:51:52  создания заказа -  ошибки по заказу Отсутствует тип доставки
2021-06-01 14:51:52  создания заказа -  ошибки по заказу Поле город не может быть пустым
2021-06-01 14:51:52  создания заказа -  ошибки по заказу Поле адрес не может быть пустым
2021-06-01 14:51:52  создания заказа -  ошибки по заказу Некорректно указано минимальное время доставки
2021-06-01 14:51:52  создания заказа -  ошибки по заказу Некорректно указано максимальное время доставки
2021-06-01 14:51:52  создания заказа -  ошибки по заказу Некорректно указан временной интервал доставки
2021-06-01 14:53:53  создания заказа -  ошибки по заказу Отсутствует тип доставки
2021-06-01 14:53:53  создания заказа -  ошибки по заказу Поле город не может быть пустым
2021-06-01 14:53:53  создания заказа -  ошибки по заказу Поле адрес не может быть пустым
2021-06-01 14:53:53  создания заказа -  ошибки по заказу Некорректно указано минимальное время доставки
2021-06-01 14:53:53  создания заказа -  ошибки по заказу Некорректно указано максимальное время доставки
2021-06-01 14:53:53  создания заказа -  ошибки по заказу Некорректно указан временной интервал доставки
2021-06-01 14:54:29  создания заказа - 00076 ошибки по заказу Отсутствует тип доставки
2021-06-01 14:54:29  создания заказа - 00076 ошибки по заказу Поле город не может быть пустым
2021-06-01 14:54:29  создания заказа - 00076 ошибки по заказу Поле адрес не может быть пустым
2021-06-01 14:54:29  создания заказа - 00076 ошибки по заказу Некорректно указано минимальное время доставки
2021-06-01 14:54:29  создания заказа - 00076 ошибки по заказу Некорректно указано максимальное время доставки
2021-06-01 14:54:29  создания заказа - 00076 ошибки по заказу Некорректно указан временной интервал доставки
2021-06-03 09:57:02  создания заказа - 00068 ошибки по заказу Указанный номер заказа уже есть в системе
2021-06-03 15:53:28  создания заказа - 888887 ошибки по заказу Указанный номер заказа уже есть в системе
2021-06-03 15:53:28  создания заказа - 888887 ошибки по заказу Отсутствует тип доставки
2021-06-03 15:53:28  создания заказа - 888887 ошибки по заказу Поле город не может быть пустым
2021-06-03 15:53:28  создания заказа - 888887 ошибки по заказу Поле адрес не может быть пустым
2021-06-03 15:53:28  создания заказа - 888887 ошибки по заказу Некорректно указано минимальное время доставки
2021-06-03 15:53:28  создания заказа - 888887 ошибки по заказу Некорректно указано максимальное время доставки
2021-06-03 15:53:28  создания заказа - 888887 ошибки по заказу Некорректно указан временной интервал доставки
2021-06-03 15:59:09  создания заказа - 00068 ошибки по заказу Указанный номер заказа уже есть в системе
2021-06-03 16:00:45  создания заказа - 00068 ошибки по заказу Указанный номер заказа уже есть в системе
2021-06-03 16:01:23  создания заказа - 00092 ошибки по заказу Отсутствует тип доставки
2021-06-03 16:01:23  создания заказа - 00092 ошибки по заказу Поле адрес не может быть пустым
2021-06-03 16:02:32  создания заказа - 00068 ошибки по заказу Указанный номер заказа уже есть в системе
2021-06-03 16:03:02  создания заказа - 00092 ошибки по заказу Отсутствует тип доставки
2021-06-03 16:03:02  создания заказа - 00092 ошибки по заказу Поле адрес не может быть пустым
2021-06-03 16:03:02  создания заказа - 00068 ошибки по заказу Указанный номер заказа уже есть в системе
2021-06-03 16:04:46  создания заказа - 00092 ошибки по заказу Отсутствует тип доставки
2021-06-03 16:04:46  создания заказа - 00092 ошибки по заказу Поле адрес не может быть пустым
2021-06-03 16:04:55  создания заказа - 00068 ошибки по заказу Указанный номер заказа уже есть в системе
2021-06-03 16:05:17  создания заказа - 00092 ошибки по заказу Отсутствует тип доставки
2021-06-03 16:05:17  создания заказа - 00092 ошибки по заказу Поле адрес не может быть пустым
2021-06-03 16:06:21  создания заказа - 00092 ошибки по заказу Отсутствует тип доставки
2021-06-03 16:06:21  создания заказа - 00092 ошибки по заказу Поле город не может быть пустым
2021-06-03 16:06:21  создания заказа - 00092 ошибки по заказу Поле адрес не может быть пустым
2021-06-03 16:06:21  создания заказа - 00092 ошибки по заказу Некорректно указано минимальное время доставки
2021-06-03 16:06:21  создания заказа - 00092 ошибки по заказу Некорректно указано максимальное время доставки
2021-06-03 16:06:21  создания заказа - 00092 ошибки по заказу Некорректно указан временной интервал доставки
2021-06-03 16:09:27  создания заказа - 00068 ошибки по заказу Указанный номер заказа уже есть в системе
2021-06-03 16:11:40  создания заказа - 00092 ошибки по заказу Отсутствует тип доставки
2021-06-03 16:11:40  создания заказа - 00092 ошибки по заказу Поле адрес не может быть пустым
2021-06-03 16:11:53  создания заказа - 00068 ошибки по заказу Указанный номер заказа уже есть в системе
2021-06-03 16:11:53  создания заказа - 00068 ошибки по заказу Некорректно указано минимальное время доставки
2021-06-03 16:11:53  создания заказа - 00068 ошибки по заказу Некорректно указано максимальное время доставки
2021-06-03 16:11:53  создания заказа - 00068 ошибки по заказу Некорректно указан временной интервал доставки
2021-06-03 16:14:05  создания заказа - 00092 ошибки по заказу Отсутствует тип доставки
2021-06-03 16:14:05  создания заказа - 00092 ошибки по заказу Поле адрес не может быть пустым
2021-06-03 16:14:05  создания заказа - 00092 ошибки по заказу Некорректно указано минимальное время доставки
2021-06-03 16:14:05  создания заказа - 00092 ошибки по заказу Некорректно указано максимальное время доставки
2021-06-03 16:14:05  создания заказа - 00092 ошибки по заказу Некорректно указан временной интервал доставки
2021-06-25 12:22:03  создания заказа - 00125 ошибки по заказу Отсутствует тип доставки
2021-06-25 12:22:03  создания заказа - 00125 ошибки по заказу Поле адрес не может быть пустым
2021-06-25 12:22:03  создания заказа - 00125 ошибки по заказу Некорректно указано минимальное время доставки
2021-06-25 12:22:03  создания заказа - 00125 ошибки по заказу Некорректно указано максимальное время доставки
2021-06-25 12:22:03  создания заказа - 00125 ошибки по заказу Некорректно указан временной интервал доставки
2021-06-25 12:22:03  создания заказа - 00125 ошибки по заказу Сумма объявленной ценности должна быть больше нуля
2021-06-25 15:01:49  создания заказа - 00125 ошибки по заказу Отсутствует тип доставки
2021-06-25 15:01:49  создания заказа - 00125 ошибки по заказу Поле адрес не может быть пустым
2021-06-25 15:01:49  создания заказа - 00125 ошибки по заказу Сумма объявленной ценности должна быть больше нуля
2021-06-25 15:02:15  создания заказа - 00125 ошибки по заказу Поле адрес не может быть пустым
2021-06-25 15:02:15  создания заказа - 00125 ошибки по заказу Сумма объявленной ценности должна быть больше нуля
2021-06-25 15:02:43  создания заказа - 00125 ошибки по заказу Поле адрес не может быть пустым
2021-06-25 15:02:43  создания заказа - 00125 ошибки по заказу Сумма объявленной ценности должна быть больше нуля
2021-06-25 15:06:27  создания заказа - 00125 ошибки по заказу Поле адрес не может быть пустым
2021-06-25 15:06:53  создания заказа - 00125 ошибки по заказу Поле адрес не может быть пустым
2021-06-25 15:08:38  создания заказа - 00125 ошибки по заказу Поле адрес не может быть пустым
2021-06-25 15:24:53  создания заказа - 888889 ошибки по заказу Наложенный платеж не совпадает со стоимостью товарных позиций + стоимость доставки Ожидалось 900
2021-06-25 15:24:53  создания заказа - 888889 ошибки по заказу Сумма наложенного платежа не может быть больше объявленной ценности
2021-06-25 15:27:44  создания заказа - 888889 ошибки по заказу Сумма наложенного платежа не может быть больше объявленной ценности
2021-06-25 15:34:29  создания заказа - 888889 ошибки по заказу Указанный номер заказа уже есть в корзине
2021-06-25 15:34:37  создания заказа - 888889 ошибки по заказу Указанный номер заказа уже есть в корзине
