2021-07-13 07:42:47 нет связей - 10860  AUTO-DRAFT
2021-07-13 07:42:47 нет связей - 10859  AUTO-DRAFT
2021-07-13 07:42:47 нет связей - 10841  Стеклянные баночки для специй с крышками-насадками
2021-07-13 07:42:47 нет связей - 10821  Подвесная сумка-органайзер
2021-07-13 07:42:47 нет связей - 10820  Подвесная сумка-органайзер универсальная
2021-07-13 07:42:47 нет связей - 10763  Дорожная подушка-рогалик под шею
2021-07-13 07:42:47 нет связей - 10521  кресло-кравчучка
2021-07-13 07:42:47 нет связей - 10473  Скамейка-подставка под колени
2021-07-13 07:42:47 нет связей - 10336  Треугольная подушка против пролежней
2021-07-13 07:42:47 нет связей - 10329  Шар для полива растений
2021-07-13 07:42:47 нет связей - 10328  Кравчучка-кресло с одинарным колесом
2021-07-13 07:42:47 нет связей - 10327  Кресло-кравчучка с двойным колесом
2021-07-13 07:42:47 нет связей - 10176  Pop It: Игрушка антистресс
2021-07-13 07:42:47 нет связей - 10113  Тарелка для закусок
2021-07-13 07:42:47 нет связей - 9502  Большой бокс для медикаментов
2021-07-13 07:42:47 нет связей - 9259  Столовый набор для людей с тремором или артритом
2021-07-13 07:42:47 нет связей - 9253  Вилка для людей с тремором или артритом
2021-07-13 07:42:47 нет связей - 9246  Прибор для нарезки чеснока
2021-07-13 07:42:47 нет связей - 9243  Ручной мини измельчитель
2021-07-13 07:42:47 нет связей - 9239  Ложка для людей с тремором или артритом
2021-07-13 07:42:47 нет связей - 9133  Ходунки складные алюминиевые
2021-07-13 07:42:47 нет связей - 9132  Стульчик для ванной и душа со спинкой
2021-07-13 07:42:47 нет связей - 9131  Стульчик для ванной и душа
2021-07-13 07:42:47 нет связей - 9130  Стул-туалет складной стальной
2021-07-13 07:42:47 нет связей - 9108  Бандаж для фиксации пальцев правой / левой руки
2021-07-13 07:42:47 нет связей - 9106  Бандаж на лучезапястный сустав с фиксацией пальца
2021-07-13 07:42:47 нет связей - 9105  Напульсник неопреновый
2021-07-13 07:42:47 нет связей - 9104  Бандаж для лучезапястного сустава неопреновый
2021-07-13 07:42:47 нет связей - 9103  Бандаж для голени неопреновый
2021-07-13 07:42:47 нет связей - 9102  Бандаж для голеностопного сустава жесткий
2021-07-13 07:42:47 нет связей - 9100  Бандаж противогрыжевой "паховый"
2021-07-13 07:42:47 нет связей - 9056  Чехол на гипс для кисти руки
2021-07-13 07:42:47 нет связей - 9054  Чехол на гипс до локтя широкий
2021-07-13 07:42:47 нет связей - 9053  Чехол на гипс до локтя
2021-07-13 07:42:47 нет связей - 9048  Защитный чехол на колено
2021-07-13 07:42:47 нет связей - 9027  Чехол до колена
2021-07-13 07:42:47 нет связей - 9025  Чехол до колена широкий
2021-07-13 07:42:47 нет связей - 9024  Чехол на гипс на всю ногу
2021-07-13 07:42:47 нет связей - 9020  Чехол до средины руки для детей / подростков
2021-07-13 07:42:47 нет связей - 9018  Чехол до колена для детей / подростков
2021-07-13 07:42:47 нет связей - 8817  Ленточный ручной массажер
2021-07-13 07:42:47 нет связей - 8805  Таблетница с таймером на неделю: 4 приема
2021-07-13 07:42:47 нет связей - 8798  Кухонные весы с чашей
2021-07-13 07:42:47 нет связей - 8785  Лупа с подсветкой
2021-07-13 07:42:47 нет связей - 8762  Чехол для стопы для детей / подростков
2021-07-13 07:42:47 нет связей - 8760  Защитный чехол на колено для детей / подростков
2021-07-13 07:42:47 нет связей - 8517  Бандаж для шейных позвонков
2021-07-13 07:42:47 нет связей - 8515  Бандаж для фиксации плечевых суставов
2021-07-13 07:42:47 нет связей - 8513  Бандаж для фиксации плечевого сустава
2021-07-13 07:42:47 нет связей - 8511  Бандаж для коленного сустава с открытой чашечкой
2021-07-13 07:42:47 нет связей - 8509  Бандаж для коленного сустава (тутор)
2021-07-13 07:42:47 нет связей - 8507  Бандаж на коленный сустав неопреновый
2021-07-13 07:42:47 нет связей - 8504  Бандаж для голеностопного сустава неопреновый
2021-07-13 07:42:47 нет связей - 8491  Трость с опорой при вставании
2021-07-13 07:42:47 нет связей - 8479  Батлер для надевания компрессионного трикотажа
2021-07-13 07:42:47 нет связей - 8468  Органайзер для носков и белья
2021-07-13 07:42:47 нет связей - 8422  Столик для завтрака
2021-07-13 07:42:47 нет связей - 8374  Роликовый массажер с 4-мя пальцами
2021-07-13 07:42:47 нет связей - 8364  Разделочная доска на мойку 4 в 1
2021-07-13 07:42:47 нет связей - 8358  Органайзер для документов
2021-07-13 07:42:47 нет связей - 8315  Ходунки складные шагающие
2021-07-13 07:42:47 нет связей - 8311  Пульсометр
2021-07-13 07:42:47 нет связей - 8305  Послеоперационная обувь с разгрузкой переднего отдела
2021-07-13 07:42:47 нет связей - 8297  Послеоперационная обувь
2021-07-13 07:42:47 нет связей - 8292  Костыли подмышечные деревянные (пара)
2021-07-13 07:42:47 нет связей - 7904  Бандаж фиксирующий на тазовое кольцо
2021-07-13 07:42:47 нет связей - 7863  Бандаж пористый с ребрами жесткости
2021-07-13 07:42:47 нет связей - 7853  Бандаж послеоперационный Люкс
2021-07-13 07:42:47 нет связей - 7845  Бандаж поддерживающий послеоперационный
2021-07-13 07:42:47 нет связей - 7835  Бандаж послеоперационный поддерживающий
2021-07-13 07:42:47 нет связей - 7824  Бандаж послеоперационный с отверстием для стомы
2021-07-13 07:42:47 нет связей - 7811  Бандаж на грудную клетку женский
2021-07-13 07:42:47 нет связей - 7792  Бандаж на грудную клетку мужской
2021-07-13 07:42:47 нет связей - 7788  Бандаж лучезапястного сустава
2021-07-13 07:42:47 нет связей - 7774  Бандаж - подушка для фиксации бедер
2021-07-13 07:42:47 нет связей - 7769  Бандаж для локтевого сустава
2021-07-13 07:42:47 нет связей - 7763  Бандаж для голеностопного сустава эластичный
2021-07-13 07:42:47 нет связей - 7755  Бандаж для голеностопного сустава
2021-07-13 07:42:47 нет связей - 7462  Ходунки со столиком на 4-х колесах
2021-07-13 07:42:47 нет связей - 7460  Ходунки шагающие складные
2021-07-13 07:42:47 нет связей - 7455  Ходунки не складные регулируемые
2021-07-13 07:42:47 нет связей - 7449  Ходунки базовые
2021-07-13 07:42:47 нет связей - 7070  Трость на 4 опорах
2021-07-13 07:42:47 нет связей - 7068  Ручная лупа
2021-07-13 07:42:47 нет связей - 7066  Подушка от геморроя
2021-07-13 07:42:47 нет связей - 7056  Коробка для таблеток
2021-07-13 07:42:47 нет связей - 6859  Подушка-кольцо от пролежней на пятке и руках
2021-07-13 07:42:47 нет связей - 6775  Чехол на гипс для стопы
2021-07-13 07:42:47 нет связей - 6761  Чехол на гипс на всю руку
2021-07-13 07:42:47 нет связей - 6753  Ортопедическая подушка под ногу
2021-07-13 07:42:47 нет связей - 6742  Переносной подголовник
2021-07-13 07:42:47 нет связей - 6740  Подставка к ванной
2021-07-13 07:42:47 нет связей - 6736  Ступеньки для ванной двойные
2021-07-13 07:42:47 нет связей - 6734  Ступеньки для ванной
2021-07-13 07:42:47 нет связей - 6731  Настенная опора для умывальника
2021-07-13 07:42:47 нет связей - 6726  Опоры угловые внешние
2021-07-13 07:42:47 нет связей - 6724  Опора напольная
2021-07-13 07:42:47 нет связей - 6714  Опора на стену и пол
2021-07-13 07:42:47 нет связей - 6708  Опора откидная
2021-07-13 07:42:47 нет связей - 6695  Настенные поручни для ванной
2021-07-13 07:42:47 нет связей - 6692  Консольная настенная опора
2021-07-13 07:42:47 нет связей - 6686  Поручни изогнутые
2021-07-13 07:42:47 нет связей - 6652  Поручни прямые
2021-07-13 07:42:47 нет связей - 6647  Лупа нашейная
2021-07-13 07:42:47 нет связей - 6541  Подлокотный костыль с мягкой ручкой
2021-07-13 07:42:47 нет связей - 6539  Подлокотный костыль
2021-07-13 07:42:47 нет связей - 6534  Костыль с мягкой анатомической ручкой (1 шт)
2021-07-13 07:42:47 нет связей - 6530  Костыль с механизмом против скольжения (1 шт)
2021-07-13 07:42:47 нет связей - 6527  Трость регулируемая с устройством противоскольжения
2021-07-13 07:42:47 нет связей - 6524  Трость с устройством противоскольжения
2021-07-13 07:42:47 нет связей - 6519  Трость телескопическая
2021-07-13 07:42:47 нет связей - 6517  Трость деревянная конусная
2021-07-13 07:42:47 нет связей - 6483  Трость из стеклопластика
2021-07-13 07:42:47 нет связей - 6480  Костыль металлический (1 шт)
2021-07-13 07:42:47 нет связей - 6476  Трость алюминиевая
2021-07-13 07:42:47 нет связей - 6473  Трость деревянная
2021-07-13 07:42:47 нет связей - 6468  Трость деревянная с анатомической ручкой
2021-07-13 07:42:47 нет связей - 6451  Туалетное сидение высокое
2021-07-13 07:42:47 нет связей - 6427  Запястный тонометр
2021-07-13 07:42:47 нет связей - 6420  Стул-туалет складной со спинкой
2021-07-13 07:42:47 нет связей - 6416  Ходунки двухуровневые складные
2021-07-13 07:42:47 нет связей - 6414  Алюминиевая трость на 4-х опорах с малой базой
2021-07-13 07:42:47 нет связей - 6372  Ячейки для таблеток
2021-07-13 07:42:47 нет связей - 6368  Таблетница пенал
2021-07-13 07:42:47 нет связей - 6359  Круглая таблетница брелок
2021-07-13 07:42:47 нет связей - 6357  Кейс для лекарств
2021-07-13 07:42:47 нет связей - 6355  Контейнер для таблеток Пилюля
2021-07-13 07:42:47 нет связей - 6348  Таблетница Чемодан
2021-07-13 07:42:47 нет связей - 6346  Кейс для хранения таблеток
2021-07-13 07:42:47 нет связей - 6343  Двухуровневая трость
2021-07-13 07:42:47 нет связей - 6340  Трость с изогнутой ручкой
2021-07-13 07:42:47 нет связей - 6338  Трость с регулируемой высотой
2021-07-13 07:42:47 нет связей - 6287  Трость с зонтом
2021-07-13 07:42:47 нет связей - 6283  Силиконовый коврик для массажа ног
2021-07-13 07:42:47 нет связей - 6275  Трость с опорой для руки
2021-07-13 07:42:47 нет связей - 6269  Сидячая ванночка на унитаз
2021-07-13 07:42:47 нет связей - 6266  Подушка для колен
2021-07-13 07:42:47 нет связей - 6262  Открывашка для крышек
2021-07-13 07:42:47 нет связей - 6260  Электронные кухонные весы
2021-07-13 07:42:47 нет связей - 6255  Швейная машинка 4 в 1
2021-07-13 07:42:48 нет связей - 6238  Пеленка одноразовая
2021-07-13 07:42:48 нет связей - 6236  Силиконовая щетка для спины
2021-07-13 07:42:48 нет связей - 6234  Писсуар для лежачих больных
2021-07-13 07:42:48 нет связей - 6232  Яичный сепаратор
2021-07-13 07:42:48 нет связей - 6166  Тачка сумка с металлическими колесами
2021-07-13 07:42:48 нет связей - 6146  Тачка кравчучка с сиденьем
2021-07-13 07:42:48 нет связей - 6132  Сумка с колесиками
2021-07-13 07:42:48 нет связей - 6125  Тачка сумка с колесиками
2021-07-13 07:42:48 нет связей - 6116  Кравчучка с тройным колесом
2021-07-13 07:42:48 нет связей - 6114  Ложка весы
2021-07-13 07:42:48 нет связей - 6112  Отпариватель
2021-07-13 07:42:48 нет связей - 6099  Ходунки на 2-х колесах складные
2021-07-13 07:42:48 нет связей - 6096  Алюминиевая трость на 4-х опорах
2021-07-13 07:42:48 нет связей - 6085  Костыли алюминиевые (пара)
2021-07-13 07:42:48 нет связей - 6083  Туалетное сиденье с поручнями
2021-07-13 07:42:48 нет связей - 6075  Туалетное сидение
2021-07-13 07:42:48 нет связей - 6066  Ирригатор
2021-07-13 07:42:48 нет связей - 6064  Инфракрасный термометр
2021-07-13 07:42:48 нет связей - 6061  Термометр инфракрасный
2021-07-13 07:42:48 нет связей - 6058  Электронный термометр
2021-07-13 07:42:48 нет связей - 6056  Компрессорный небулайзер
2021-07-13 07:42:48 нет связей - 6053  Автоматический тонометр
2021-07-13 07:42:48 нет связей - 5982  Бандаж для лучезапястного сустава
2021-07-13 07:42:48 нет связей - 5973  Бандаж для шейных позвонков
2021-07-13 07:42:48 нет связей - 5970  Бандаж для плечевого сустава
2021-07-13 07:42:48 нет связей - 5969  Бандаж для фиксации пальцев
2021-07-13 07:42:48 нет связей - 5966  Бандаж на палец
2021-07-13 07:42:48 нет связей - 5965  Бандаж на большой палец
2021-07-13 07:42:48 нет связей - 5961  Бандаж для руки
2021-07-13 07:42:48 нет связей - 5947  Бандаж на колено
2021-07-13 07:42:48 нет связей - 5943  Бандаж голено-стопного сустава
2021-07-13 07:42:48 нет связей - 5933  Бандаж для пупочной грыжи
2021-07-13 07:42:48 нет связей - 5927  Бандаж для паховой грыжи
2021-07-13 07:42:48 нет связей - 5922  Бандаж для тазобедренного сустава
2021-07-13 07:42:48 нет связей - 5886  Послеоперационный бандаж
2021-07-13 07:42:48 нет связей - 5875  Сидение для ванны
2021-07-13 07:42:48 нет связей - 5873  Стул-туалет
2021-07-13 07:42:48 нет связей - 5870  Ходунки на 2-х колесах не складные
2021-07-13 07:42:48 нет связей - 5868  Костыль локтевой с регулируемой высотой
2021-07-13 07:42:48 нет связей - 5864  Костыль локтевой
2021-07-13 07:42:48 нет связей - 5862  Деревянный костыль (1 штука)
2021-07-13 07:42:48 нет связей - 5860  Трость 4-х опорная
2021-07-13 07:42:48 нет связей - 5858  Стальная трость
2021-07-13 07:42:48 нет связей - 5855  Трость для слепых
2021-07-13 07:42:48 нет связей - 5825  Ортопедическая стелька
2021-07-13 07:42:48 нет связей - 5705  Изогнутая ложка для пожилых
2021-07-13 07:42:48 нет связей - 5700  Дышащая игрушка собака
2021-07-13 07:42:48 нет связей - 5633  Трость стул на 4 ножках
2021-07-13 07:42:48 нет связей - 5582  Складная лопатка для обуви
2021-07-13 07:42:48 нет связей - 5578  Захват для надевания носков
2021-07-13 07:42:48 нет связей - 5569  Таблетница с напоминанием на неделю: в 2 приема
2021-07-13 07:42:48 нет связей - 5565  Таблетница с таймером на неделю
2021-07-13 07:42:48 нет связей - 5561  Таблетница с таймером на сутки
2021-07-13 07:42:48 нет связей - 5553  Контейнер для таблеток на 7 дней: утро и вечер
2021-07-13 07:42:48 нет связей - 5545  Контейнер для таблеток на неделю
2021-07-13 07:42:48 нет связей - 5538  Таблетница на день
2021-07-13 07:42:48 нет связей - 5505  Вешалка на присосках
2021-07-13 07:42:48 нет связей - 5499  Коробочка макарон
2021-07-13 07:42:48 нет связей - 5472  Электросушилка для обуви
2021-07-13 07:42:51 нет связей - 5469  Комнатные тапочки с пено-гелевой стелькой
2021-07-13 07:42:51 нет связей - 5466  Фиксатор коленного сустава
2021-07-13 07:42:51 нет связей - 5462  Компрессионные носки
2021-07-13 07:42:51 нет связей - 5459  Электрическая массажная щетка
2021-07-13 07:42:51 нет связей - 5457  Дырокол для кожи
2021-07-13 07:42:51 нет связей - 5449  Поильник для лежачих больных
2021-07-13 07:42:51 нет связей - 5443  Одеяло для людей в инвалидной коляске
2021-07-13 07:42:51 нет связей - 5441  Противоскользящая миска на присосках
2021-07-13 07:42:51 нет связей - 5435  Столовый набор для инвалидов и пожилых
2021-07-13 07:42:51 нет связей - 5432  Чашка для пожилых
2021-07-13 07:42:51 нет связей - 5428  Складное ведро
2021-07-13 07:42:51 нет связей - 5424  Приспособление для застегивания браслетов
2021-07-13 07:42:51 нет связей - 5419  Крючок для застегивания пуговиц и молний
2021-07-13 07:42:51 нет связей - 5333  Бутылка-таблетница
2021-07-13 07:42:51 нет связей - 5325  Москитная сетка
2021-07-13 07:42:51 нет связей - 5318  Силиконовые перчатки с щеткой
2021-07-13 07:42:51 нет связей - 5301  Ванночка для мытья головы
2021-07-13 07:42:51 нет связей - 5295  Фиксатор запястья
2021-07-13 07:42:51 нет связей - 5291  Перчатки от артрита
2021-07-13 07:42:51 нет связей - 5287  Наколенник
2021-07-13 07:42:51 нет связей - 5247  Щетка-массажер для ног
2021-07-13 07:42:51 нет связей - 5243  Массажер для спины
2021-07-13 07:42:51 нет связей - 5237  Ходунки для взрослых складные
2021-07-13 07:42:51 нет связей - 5232  Овощерезка Nicer Dicer Quick 5 в 1
2021-07-13 07:42:51 нет связей - 5227  Нагрудник для взрослых
2021-07-13 07:42:51 нет связей - 5184  Ручная швейная машинка
2021-07-13 07:42:51 нет связей - 5139  Каркас туалетный
2021-07-13 07:42:51 нет связей - 5132  Машинка для удаления катышков
2021-07-13 07:42:51 нет связей - 4969  Настольная регулируемая лупа с подсветкой
2021-07-13 07:42:51 нет связей - 4827  Тележка на колесиках складная
2021-07-13 07:42:51 нет связей - 4573  Резак для таблеток
2021-07-13 07:42:51 нет связей - 4354  Настольная лампа с лупой
2021-07-13 07:42:51 нет связей - 4183  Зонт наоборот
2021-07-13 07:42:51 нет связей - 4177  Круглый кухонный нож
2021-07-13 07:42:51 нет связей - 4173  Ортопедическая подушка для сидения
2021-07-13 07:42:51 нет связей - 4168  Устройство для прочистки засоров
2021-07-13 07:42:52 нет связей - 4142  Силиконовые крышки
2021-07-13 07:42:52 нет связей - 4139  Швабра с распылителем
2021-07-13 07:42:52 нет связей - 4133  Механический кухонный таймер
2021-07-13 07:42:52 нет связей - 4129  Светильник с датчиком движения
2021-07-13 07:42:52 нет связей - 4091  Кухонные ножницы
2021-07-13 07:42:52 нет связей - 4088  Овощерезка Nicer Dicer
2021-07-13 07:42:52 нет связей - 4083  Садовые перчатки
2021-07-13 07:42:52 нет связей - 4079  Складная хозяйственная сумка
2021-07-13 07:42:52 нет связей - 3924  Настольная лупа с подсветкой
2021-07-13 07:42:52 нет связей - 3920  Женские домашние тапочки
2021-07-13 07:42:52 нет связей - 3841  Сепаратор для яиц
2021-07-13 07:42:52 нет связей - 3837  Игрушка  «Дышащий кот»
2021-07-13 07:42:52 нет связей - 3832  Органайзер для таблеток со встроенным таймером
2021-07-13 07:42:52 нет связей - 3576  Хозяйственная сумка на колесах
2021-07-13 07:42:52 нет связей - 3574  Накроватный столик-подушка
2021-07-13 07:42:52 нет связей - 3572  Ручная лупа с подсветкой
2021-07-13 07:42:52 нет связей - 3569  Ручная лупа 3 в 1
2021-07-13 07:42:52 нет связей - 3534  Трехкратное увеличительное стекло
2021-07-13 07:42:52 нет связей - 3481  Стул-трость с фонариком
2021-07-13 07:42:52 нет связей - 3475  Стул-трость с четырьмя ножками
2021-07-13 07:42:52 нет связей - 3411  Плед с капюшоном Санта
2021-07-13 07:42:52 нет связей - 3410  Домашние Тапочки
2021-07-13 07:42:52 нет связей - 3405  Чесалка для спины телескопическая
2021-07-13 07:42:52 нет связей - 3321  Педикюрные ножницы с длинными ручками
2021-07-13 07:42:52 нет связей - 3122  Таймер для кухни
2021-07-13 07:42:52 нет связей - 3119  Сумка-трансформер на колесиках
2021-07-13 07:42:52 нет связей - 3091  Сумка аптечка
2021-07-13 07:42:52 нет связей - 3086  Складная трость-стул
2021-07-13 07:42:52 нет связей - 2957  Контейнер для таблеток с таймером
2021-07-13 07:42:52 нет связей - 2905  Сумка хозяйственная на колесах (кравчучка)
2021-07-13 07:42:52 нет связей - 2702  Брелок на ключи со звуковым/световым сигналом
2021-07-13 07:42:52 нет связей - 2596  Приспособление для захвата, зажима и поднятия предметов
2021-07-13 07:42:52 нет связей - 2593  Брелок-сигнализация анти-атака
2021-07-13 07:42:52 нет связей - 2591  Приспособление для захвата и поднятия предметов
2021-07-13 07:42:52 нет связей - 2588  Домашние тапочки-сапожки с новогодним рисунком
2021-07-13 07:42:52 нет связей - 2462  Лопатка для обуви телескопическая
2021-07-13 07:42:52 нет связей - 2250  Расческа с длинной ручкой
2021-07-13 07:42:52 нет связей - 2248  Палка для надевания и снятия одежды и обуви
2021-07-13 07:42:53 нет связей - 1875  Устройство для захвата и поднятия небольших предметов
2021-07-13 07:42:53 нет связей - 1870  Складной стул-унитаз
2021-07-13 07:42:53 нет связей - 1866  Приспособление для надевания носков
2021-07-13 07:42:53 нет связей - 1862  Держатель для туалетной бумаги
2021-07-13 07:42:53 нет связей - 1652  Контейнер для Таблеток на 7 Отсеков
2021-07-13 07:42:53 нет связей - 1650  Ручка на Присосках для Ванной Комнаты
2021-07-13 07:42:53 нет связей - 1645  Перчатка для Шерсти
2021-07-13 07:42:53 нет связей - 1643  Компактная Коробочка Кексик
2021-07-13 07:42:53 нет связей - 1354  Металлическая коробочка Фламинго
2021-07-13 07:42:53 нет связей - 1351  Ручка для переноса пакетов
2021-07-13 07:42:53 нет связей - 1349  Недельный органайзер для приема лекарств и витаминов
2021-07-13 07:42:53 нет связей - 1340  Ручной захват (Grab it)
2021-07-13 07:42:53 нет связей - 879  Трость-стул складная
2021-07-13 07:42:53 нет связей - 877  Таблетница с таймером
2021-07-13 07:42:53 нет связей - 875  Щетка для тела деревянная
2021-07-13 07:42:53 нет связей - 869  Контейнер для таблеток на 7 дней
2021-07-13 07:42:53 нет связей - 867  Водонепроницаемая таблетница-брелок
2021-07-13 07:42:53 нет связей - 864  Таблетница с будильником
2021-07-13 07:42:53 нет связей - 618  Трость с фонариком, звуковым сигналом и подлокотником
2021-07-13 07:42:53 нет связей - 616  Складная трость
2021-07-13 07:42:53 нет связей - 614  Массажёр для головы Антистресс
2021-07-13 07:42:53 нет связей - 480  Массажная щетка для тела
2021-07-13 07:42:53 нет связей - 475  Щетка для ванны с длинной ручкой
2021-07-13 07:42:53 нет связей - 473  Измельчитель таблеток
2021-07-13 07:42:53 нет связей - 470  Трость-стул с сиденьем
2021-07-13 07:42:53 нет связей - 468  Таблетница
2021-07-13 07:42:53 нет связей - 466  Таблетница Неделя
2021-07-13 07:42:53 нет связей - 55  Палка хваталка (ручной захват)
2021-07-13 07:42:53 нет связей - 52  Зажим для ключей (ключница)
2021-07-13 07:42:53 нет связей - 34  Устройство для надевания носков
2021-07-13 07:45:16 нет связей - 10860  AUTO-DRAFT
2021-07-13 07:50:10 нет связей - 10860  AUTO-DRAFT
2021-07-13 07:50:10 нет связей - 10859  AUTO-DRAFT
2021-07-13 07:50:10 нет связей - 10841  Стеклянные баночки для специй с крышками-насадками
2021-07-13 07:50:10 нет связей - 10821  Подвесная сумка-органайзер
2021-07-13 07:50:10 нет связей - 10820  Подвесная сумка-органайзер универсальная
2021-07-13 07:50:10 нет связей - 10763  Дорожная подушка-рогалик под шею
2021-07-13 07:50:10 нет связей - 10521  кресло-кравчучка
2021-07-13 07:50:10 нет связей - 10473  Скамейка-подставка под колени
2021-07-13 07:50:10 нет связей - 10336  Треугольная подушка против пролежней
2021-07-13 07:50:10 нет связей - 10329  Шар для полива растений
2021-07-13 07:50:10 нет связей - 10328  Кравчучка-кресло с одинарным колесом
2021-07-13 07:50:10 нет связей - 10327  Кресло-кравчучка с двойным колесом
2021-07-13 07:50:10 нет связей - 10176  Pop It: Игрушка антистресс
2021-07-13 07:50:10 нет связей - 10113  Тарелка для закусок
2021-07-13 07:50:10 нет связей - 9502  Большой бокс для медикаментов
2021-07-13 07:50:10 нет связей - 9259  Столовый набор для людей с тремором или артритом
2021-07-13 07:50:10 нет связей - 9253  Вилка для людей с тремором или артритом
2021-07-13 07:50:10 нет связей - 9246  Прибор для нарезки чеснока
2021-07-13 07:50:10 нет связей - 9243  Ручной мини измельчитель
2021-07-13 07:50:10 нет связей - 9239  Ложка для людей с тремором или артритом
2021-07-13 07:50:10 нет связей - 9133  Ходунки складные алюминиевые
2021-07-13 07:50:10 нет связей - 9132  Стульчик для ванной и душа со спинкой
2021-07-13 07:50:10 нет связей - 9131  Стульчик для ванной и душа
2021-07-13 07:50:10 нет связей - 9130  Стул-туалет складной стальной
2021-07-13 07:50:10 нет связей - 9108  Бандаж для фиксации пальцев правой / левой руки
2021-07-13 07:50:10 нет связей - 9106  Бандаж на лучезапястный сустав с фиксацией пальца
2021-07-13 07:50:10 нет связей - 9105  Напульсник неопреновый
2021-07-13 07:50:10 нет связей - 9104  Бандаж для лучезапястного сустава неопреновый
2021-07-13 07:50:10 нет связей - 9103  Бандаж для голени неопреновый
2021-07-13 07:50:10 нет связей - 9102  Бандаж для голеностопного сустава жесткий
2021-07-13 07:50:10 нет связей - 9100  Бандаж противогрыжевой "паховый"
2021-07-13 07:50:10 нет связей - 9056  Чехол на гипс для кисти руки
2021-07-13 07:50:10 нет связей - 9054  Чехол на гипс до локтя широкий
2021-07-13 07:50:10 нет связей - 9053  Чехол на гипс до локтя
2021-07-13 07:50:10 нет связей - 9048  Защитный чехол на колено
2021-07-13 07:50:10 нет связей - 9027  Чехол до колена
2021-07-13 07:50:10 нет связей - 9025  Чехол до колена широкий
2021-07-13 07:50:10 нет связей - 9024  Чехол на гипс на всю ногу
2021-07-13 07:50:10 нет связей - 9020  Чехол до средины руки для детей / подростков
2021-07-13 07:50:10 нет связей - 9018  Чехол до колена для детей / подростков
2021-07-13 07:50:10 нет связей - 8817  Ленточный ручной массажер
2021-07-13 07:50:10 нет связей - 8805  Таблетница с таймером на неделю: 4 приема
2021-07-13 07:50:10 нет связей - 8798  Кухонные весы с чашей
2021-07-13 07:50:10 нет связей - 8785  Лупа с подсветкой
2021-07-13 07:50:10 нет связей - 8762  Чехол для стопы для детей / подростков
2021-07-13 07:50:10 нет связей - 8760  Защитный чехол на колено для детей / подростков
2021-07-13 07:50:10 нет связей - 8517  Бандаж для шейных позвонков
2021-07-13 07:50:10 нет связей - 8515  Бандаж для фиксации плечевых суставов
2021-07-13 07:50:10 нет связей - 8513  Бандаж для фиксации плечевого сустава
2021-07-13 07:50:10 нет связей - 8511  Бандаж для коленного сустава с открытой чашечкой
2021-07-13 07:50:10 нет связей - 8509  Бандаж для коленного сустава (тутор)
2021-07-13 07:50:10 нет связей - 8507  Бандаж на коленный сустав неопреновый
2021-07-13 07:50:10 нет связей - 8504  Бандаж для голеностопного сустава неопреновый
2021-07-13 07:50:10 нет связей - 8491  Трость с опорой при вставании
2021-07-13 07:50:10 нет связей - 8479  Батлер для надевания компрессионного трикотажа
2021-07-13 07:50:10 нет связей - 8468  Органайзер для носков и белья
2021-07-13 07:50:10 нет связей - 8422  Столик для завтрака
2021-07-13 07:50:10 нет связей - 8374  Роликовый массажер с 4-мя пальцами
2021-07-13 07:50:10 нет связей - 8364  Разделочная доска на мойку 4 в 1
2021-07-13 07:50:10 нет связей - 8358  Органайзер для документов
2021-07-13 07:50:10 нет связей - 8315  Ходунки складные шагающие
2021-07-13 07:50:10 нет связей - 8311  Пульсометр
2021-07-13 07:50:10 нет связей - 8305  Послеоперационная обувь с разгрузкой переднего отдела
2021-07-13 07:50:10 нет связей - 8297  Послеоперационная обувь
2021-07-13 07:50:10 нет связей - 8292  Костыли подмышечные деревянные (пара)
2021-07-13 07:50:10 нет связей - 7904  Бандаж фиксирующий на тазовое кольцо
2021-07-13 07:50:10 нет связей - 7863  Бандаж пористый с ребрами жесткости
2021-07-13 07:50:10 нет связей - 7853  Бандаж послеоперационный Люкс
2021-07-13 07:50:10 нет связей - 7845  Бандаж поддерживающий послеоперационный
2021-07-13 07:50:10 нет связей - 7835  Бандаж послеоперационный поддерживающий
2021-07-13 07:50:10 нет связей - 7824  Бандаж послеоперационный с отверстием для стомы
2021-07-13 07:50:10 нет связей - 7811  Бандаж на грудную клетку женский
2021-07-13 07:50:10 нет связей - 7792  Бандаж на грудную клетку мужской
2021-07-13 07:50:10 нет связей - 7788  Бандаж лучезапястного сустава
2021-07-13 07:50:10 нет связей - 7774  Бандаж - подушка для фиксации бедер
2021-07-13 07:50:10 нет связей - 7769  Бандаж для локтевого сустава
2021-07-13 07:50:10 нет связей - 7763  Бандаж для голеностопного сустава эластичный
2021-07-13 07:50:10 нет связей - 7755  Бандаж для голеностопного сустава
2021-07-13 07:50:10 нет связей - 7462  Ходунки со столиком на 4-х колесах
2021-07-13 07:50:10 нет связей - 7460  Ходунки шагающие складные
2021-07-13 07:50:10 нет связей - 7455  Ходунки не складные регулируемые
2021-07-13 07:50:10 нет связей - 7449  Ходунки базовые
2021-07-13 07:50:10 нет связей - 7070  Трость на 4 опорах
2021-07-13 07:50:10 нет связей - 7068  Ручная лупа
2021-07-13 07:50:10 нет связей - 7066  Подушка от геморроя
2021-07-13 07:50:10 нет связей - 7056  Коробка для таблеток
2021-07-13 07:50:10 нет связей - 6859  Подушка-кольцо от пролежней на пятке и руках
2021-07-13 07:50:10 нет связей - 6775  Чехол на гипс для стопы
2021-07-13 07:50:10 нет связей - 6761  Чехол на гипс на всю руку
2021-07-13 07:50:10 нет связей - 6753  Ортопедическая подушка под ногу
2021-07-13 07:50:10 нет связей - 6742  Переносной подголовник
2021-07-13 07:50:10 нет связей - 6740  Подставка к ванной
2021-07-13 07:50:10 нет связей - 6736  Ступеньки для ванной двойные
2021-07-13 07:50:10 нет связей - 6734  Ступеньки для ванной
2021-07-13 07:50:10 нет связей - 6731  Настенная опора для умывальника
2021-07-13 07:50:10 нет связей - 6726  Опоры угловые внешние
2021-07-13 07:50:10 нет связей - 6724  Опора напольная
2021-07-13 07:50:10 нет связей - 6714  Опора на стену и пол
2021-07-13 07:50:10 нет связей - 6708  Опора откидная
2021-07-13 07:50:10 нет связей - 6695  Настенные поручни для ванной
2021-07-13 07:50:10 нет связей - 6692  Консольная настенная опора
2021-07-13 07:50:10 нет связей - 6686  Поручни изогнутые
2021-07-13 07:50:10 нет связей - 6652  Поручни прямые
2021-07-13 07:50:10 нет связей - 6647  Лупа нашейная
2021-07-13 07:50:10 нет связей - 6541  Подлокотный костыль с мягкой ручкой
2021-07-13 07:50:10 нет связей - 6539  Подлокотный костыль
2021-07-13 07:50:10 нет связей - 6534  Костыль с мягкой анатомической ручкой (1 шт)
2021-07-13 07:50:10 нет связей - 6530  Костыль с механизмом против скольжения (1 шт)
2021-07-13 07:50:10 нет связей - 6527  Трость регулируемая с устройством противоскольжения
2021-07-13 07:50:10 нет связей - 6524  Трость с устройством противоскольжения
2021-07-13 07:50:10 нет связей - 6519  Трость телескопическая
2021-07-13 07:50:10 нет связей - 6517  Трость деревянная конусная
2021-07-13 07:50:10 нет связей - 6483  Трость из стеклопластика
2021-07-13 07:50:10 нет связей - 6480  Костыль металлический (1 шт)
2021-07-13 07:50:10 нет связей - 6476  Трость алюминиевая
2021-07-13 07:50:10 нет связей - 6473  Трость деревянная
2021-07-13 07:50:10 нет связей - 6468  Трость деревянная с анатомической ручкой
2021-07-13 07:50:10 нет связей - 6451  Туалетное сидение высокое
2021-07-13 07:50:10 нет связей - 6427  Запястный тонометр
2021-07-13 07:50:10 нет связей - 6420  Стул-туалет складной со спинкой
2021-07-13 07:50:10 нет связей - 6416  Ходунки двухуровневые складные
2021-07-13 07:50:10 нет связей - 6414  Алюминиевая трость на 4-х опорах с малой базой
2021-07-13 07:50:10 нет связей - 6372  Ячейки для таблеток
2021-07-13 07:50:10 нет связей - 6368  Таблетница пенал
2021-07-13 07:50:10 нет связей - 6359  Круглая таблетница брелок
2021-07-13 07:50:10 нет связей - 6357  Кейс для лекарств
2021-07-13 07:50:10 нет связей - 6355  Контейнер для таблеток Пилюля
2021-07-13 07:50:10 нет связей - 6348  Таблетница Чемодан
2021-07-13 07:50:10 нет связей - 6346  Кейс для хранения таблеток
2021-07-13 07:50:10 нет связей - 6343  Двухуровневая трость
2021-07-13 07:50:10 нет связей - 6340  Трость с изогнутой ручкой
2021-07-13 07:50:10 нет связей - 6338  Трость с регулируемой высотой
2021-07-13 07:50:10 нет связей - 6287  Трость с зонтом
2021-07-13 07:50:10 нет связей - 6283  Силиконовый коврик для массажа ног
2021-07-13 07:50:10 нет связей - 6275  Трость с опорой для руки
2021-07-13 07:50:10 нет связей - 6269  Сидячая ванночка на унитаз
2021-07-13 07:50:10 нет связей - 6266  Подушка для колен
2021-07-13 07:50:10 нет связей - 6262  Открывашка для крышек
2021-07-13 07:50:10 нет связей - 6260  Электронные кухонные весы
2021-07-13 07:50:10 нет связей - 6255  Швейная машинка 4 в 1
2021-07-13 07:50:10 нет связей - 6238  Пеленка одноразовая
2021-07-13 07:50:10 нет связей - 6236  Силиконовая щетка для спины
2021-07-13 07:50:10 нет связей - 6234  Писсуар для лежачих больных
2021-07-13 07:50:10 нет связей - 6232  Яичный сепаратор
2021-07-13 07:50:10 нет связей - 6166  Тачка сумка с металлическими колесами
2021-07-13 07:50:10 нет связей - 6146  Тачка кравчучка с сиденьем
2021-07-13 07:50:10 нет связей - 6132  Сумка с колесиками
2021-07-13 07:50:10 нет связей - 6125  Тачка сумка с колесиками
2021-07-13 07:50:10 нет связей - 6116  Кравчучка с тройным колесом
2021-07-13 07:50:10 нет связей - 6114  Ложка весы
2021-07-13 07:50:10 нет связей - 6112  Отпариватель
2021-07-13 07:50:10 нет связей - 6099  Ходунки на 2-х колесах складные
2021-07-13 07:50:10 нет связей - 6096  Алюминиевая трость на 4-х опорах
2021-07-13 07:50:10 нет связей - 6085  Костыли алюминиевые (пара)
2021-07-13 07:50:10 нет связей - 6083  Туалетное сиденье с поручнями
2021-07-13 07:50:10 нет связей - 6075  Туалетное сидение
2021-07-13 07:50:10 нет связей - 6066  Ирригатор
2021-07-13 07:50:10 нет связей - 6064  Инфракрасный термометр
2021-07-13 07:50:10 нет связей - 6061  Термометр инфракрасный
2021-07-13 07:50:11 нет связей - 6058  Электронный термометр
2021-07-13 07:50:11 нет связей - 6056  Компрессорный небулайзер
2021-07-13 07:50:11 нет связей - 6053  Автоматический тонометр
2021-07-13 07:50:11 нет связей - 5982  Бандаж для лучезапястного сустава
2021-07-13 07:50:11 нет связей - 5973  Бандаж для шейных позвонков
2021-07-13 07:50:11 нет связей - 5970  Бандаж для плечевого сустава
2021-07-13 07:50:11 нет связей - 5969  Бандаж для фиксации пальцев
2021-07-13 07:50:11 нет связей - 5966  Бандаж на палец
2021-07-13 07:50:11 нет связей - 5965  Бандаж на большой палец
2021-07-13 07:50:11 нет связей - 5961  Бандаж для руки
2021-07-13 07:50:11 нет связей - 5947  Бандаж на колено
2021-07-13 07:50:11 нет связей - 5943  Бандаж голено-стопного сустава
2021-07-13 07:50:11 нет связей - 5933  Бандаж для пупочной грыжи
2021-07-13 07:50:11 нет связей - 5927  Бандаж для паховой грыжи
2021-07-13 07:50:11 нет связей - 5922  Бандаж для тазобедренного сустава
2021-07-13 07:50:11 нет связей - 5886  Послеоперационный бандаж
2021-07-13 07:50:11 нет связей - 5875  Сидение для ванны
2021-07-13 07:50:11 нет связей - 5873  Стул-туалет
2021-07-13 07:50:11 нет связей - 5870  Ходунки на 2-х колесах не складные
2021-07-13 07:50:11 нет связей - 5868  Костыль локтевой с регулируемой высотой
2021-07-13 07:50:11 нет связей - 5864  Костыль локтевой
2021-07-13 07:50:11 нет связей - 5862  Деревянный костыль (1 штука)
2021-07-13 07:50:11 нет связей - 5860  Трость 4-х опорная
2021-07-13 07:50:11 нет связей - 5858  Стальная трость
2021-07-13 07:50:11 нет связей - 5855  Трость для слепых
2021-07-13 07:50:11 нет связей - 5825  Ортопедическая стелька
2021-07-13 07:50:11 нет связей - 5705  Изогнутая ложка для пожилых
2021-07-13 07:50:11 нет связей - 5700  Дышащая игрушка собака
2021-07-13 07:50:11 нет связей - 5633  Трость стул на 4 ножках
2021-07-13 07:50:11 нет связей - 5582  Складная лопатка для обуви
2021-07-13 07:50:11 нет связей - 5578  Захват для надевания носков
2021-07-13 07:50:11 нет связей - 5569  Таблетница с напоминанием на неделю: в 2 приема
2021-07-13 07:50:11 нет связей - 5565  Таблетница с таймером на неделю
2021-07-13 07:50:11 нет связей - 5561  Таблетница с таймером на сутки
2021-07-13 07:50:11 нет связей - 5553  Контейнер для таблеток на 7 дней: утро и вечер
2021-07-13 07:50:11 нет связей - 5545  Контейнер для таблеток на неделю
2021-07-13 07:50:11 нет связей - 5538  Таблетница на день
2021-07-13 07:50:11 нет связей - 5505  Вешалка на присосках
2021-07-13 07:50:11 нет связей - 5499  Коробочка макарон
2021-07-13 07:50:11 нет связей - 5472  Электросушилка для обуви
2021-07-13 07:50:11 нет связей - 5469  Комнатные тапочки с пено-гелевой стелькой
2021-07-13 07:50:11 нет связей - 5466  Фиксатор коленного сустава
2021-07-13 07:50:11 нет связей - 5462  Компрессионные носки
2021-07-13 07:50:11 нет связей - 5459  Электрическая массажная щетка
2021-07-13 07:50:11 нет связей - 5457  Дырокол для кожи
2021-07-13 07:50:11 нет связей - 5449  Поильник для лежачих больных
2021-07-13 07:50:11 нет связей - 5443  Одеяло для людей в инвалидной коляске
2021-07-13 07:50:11 нет связей - 5441  Противоскользящая миска на присосках
2021-07-13 07:50:11 нет связей - 5435  Столовый набор для инвалидов и пожилых
2021-07-13 07:50:11 нет связей - 5432  Чашка для пожилых
2021-07-13 07:50:11 нет связей - 5428  Складное ведро
2021-07-13 07:50:11 нет связей - 5424  Приспособление для застегивания браслетов
2021-07-13 07:50:11 нет связей - 5419  Крючок для застегивания пуговиц и молний
2021-07-13 07:50:11 нет связей - 5333  Бутылка-таблетница
2021-07-13 07:50:11 нет связей - 5325  Москитная сетка
2021-07-13 07:50:11 нет связей - 5318  Силиконовые перчатки с щеткой
2021-07-13 07:50:11 нет связей - 5301  Ванночка для мытья головы
2021-07-13 07:50:11 нет связей - 5295  Фиксатор запястья
2021-07-13 07:50:11 нет связей - 5291  Перчатки от артрита
2021-07-13 07:50:11 нет связей - 5287  Наколенник
2021-07-13 07:50:11 нет связей - 5247  Щетка-массажер для ног
2021-07-13 07:50:11 нет связей - 5243  Массажер для спины
2021-07-13 07:50:11 нет связей - 5237  Ходунки для взрослых складные
2021-07-13 07:50:11 нет связей - 5232  Овощерезка Nicer Dicer Quick 5 в 1
2021-07-13 07:50:11 нет связей - 5227  Нагрудник для взрослых
2021-07-13 07:50:11 нет связей - 5184  Ручная швейная машинка
2021-07-13 07:50:11 нет связей - 5139  Каркас туалетный
2021-07-13 07:50:11 нет связей - 5132  Машинка для удаления катышков
2021-07-13 07:50:11 нет связей - 4969  Настольная регулируемая лупа с подсветкой
2021-07-13 07:50:11 нет связей - 4827  Тележка на колесиках складная
2021-07-13 07:50:11 нет связей - 4573  Резак для таблеток
2021-07-13 07:50:11 нет связей - 4354  Настольная лампа с лупой
2021-07-13 07:50:11 нет связей - 4183  Зонт наоборот
2021-07-13 07:50:11 нет связей - 4177  Круглый кухонный нож
2021-07-13 07:50:11 нет связей - 4173  Ортопедическая подушка для сидения
2021-07-13 07:50:11 нет связей - 4168  Устройство для прочистки засоров
2021-07-13 07:50:11 нет связей - 4142  Силиконовые крышки
2021-07-13 07:50:11 нет связей - 4139  Швабра с распылителем
2021-07-13 07:50:11 нет связей - 4133  Механический кухонный таймер
2021-07-13 07:50:11 нет связей - 4129  Светильник с датчиком движения
2021-07-13 07:50:11 нет связей - 4091  Кухонные ножницы
2021-07-13 07:50:11 нет связей - 4088  Овощерезка Nicer Dicer
2021-07-13 07:50:11 нет связей - 4083  Садовые перчатки
2021-07-13 07:50:11 нет связей - 4079  Складная хозяйственная сумка
2021-07-13 07:50:11 нет связей - 3924  Настольная лупа с подсветкой
2021-07-13 07:50:11 нет связей - 3920  Женские домашние тапочки
2021-07-13 07:50:11 нет связей - 3841  Сепаратор для яиц
2021-07-13 07:50:11 нет связей - 3837  Игрушка  «Дышащий кот»
2021-07-13 07:50:11 нет связей - 3832  Органайзер для таблеток со встроенным таймером
2021-07-13 07:50:11 нет связей - 3576  Хозяйственная сумка на колесах
2021-07-13 07:50:11 нет связей - 3574  Накроватный столик-подушка
2021-07-13 07:50:11 нет связей - 3572  Ручная лупа с подсветкой
2021-07-13 07:50:12 нет связей - 3569  Ручная лупа 3 в 1
2021-07-13 07:50:12 нет связей - 3534  Трехкратное увеличительное стекло
2021-07-13 07:50:12 нет связей - 3481  Стул-трость с фонариком
2021-07-13 07:50:12 нет связей - 3475  Стул-трость с четырьмя ножками
2021-07-13 07:50:12 нет связей - 3411  Плед с капюшоном Санта
2021-07-13 07:50:12 нет связей - 3410  Домашние Тапочки
2021-07-13 07:50:12 нет связей - 3405  Чесалка для спины телескопическая
2021-07-13 07:50:12 нет связей - 3321  Педикюрные ножницы с длинными ручками
2021-07-13 07:50:12 нет связей - 3122  Таймер для кухни
2021-07-13 07:50:12 нет связей - 3119  Сумка-трансформер на колесиках
2021-07-13 07:50:12 нет связей - 3091  Сумка аптечка
2021-07-13 07:50:12 нет связей - 3086  Складная трость-стул
2021-07-13 07:50:12 нет связей - 2957  Контейнер для таблеток с таймером
2021-07-13 07:50:12 нет связей - 2905  Сумка хозяйственная на колесах (кравчучка)
2021-07-13 07:50:12 нет связей - 2702  Брелок на ключи со звуковым/световым сигналом
2021-07-13 07:50:12 нет связей - 2596  Приспособление для захвата, зажима и поднятия предметов
2021-07-13 07:50:12 нет связей - 2593  Брелок-сигнализация анти-атака
2021-07-13 07:50:12 нет связей - 2591  Приспособление для захвата и поднятия предметов
2021-07-13 07:50:12 нет связей - 2588  Домашние тапочки-сапожки с новогодним рисунком
2021-07-13 07:50:12 нет связей - 2462  Лопатка для обуви телескопическая
2021-07-13 07:50:12 нет связей - 2250  Расческа с длинной ручкой
2021-07-13 07:50:12 нет связей - 2248  Палка для надевания и снятия одежды и обуви
2021-07-13 07:50:12 нет связей - 1875  Устройство для захвата и поднятия небольших предметов
2021-07-13 07:50:12 нет связей - 1870  Складной стул-унитаз
2021-07-13 07:50:12 нет связей - 1866  Приспособление для надевания носков
2021-07-13 07:50:12 нет связей - 1862  Держатель для туалетной бумаги
2021-07-13 07:50:12 нет связей - 1652  Контейнер для Таблеток на 7 Отсеков
2021-07-13 07:50:12 нет связей - 1650  Ручка на Присосках для Ванной Комнаты
2021-07-13 07:50:12 нет связей - 1645  Перчатка для Шерсти
2021-07-13 07:50:12 нет связей - 1643  Компактная Коробочка Кексик
2021-07-13 07:50:12 нет связей - 1354  Металлическая коробочка Фламинго
2021-07-13 07:50:12 нет связей - 1351  Ручка для переноса пакетов
2021-07-13 07:50:12 нет связей - 1349  Недельный органайзер для приема лекарств и витаминов
2021-07-13 07:50:12 нет связей - 1340  Ручной захват (Grab it)
2021-07-13 07:50:12 нет связей - 879  Трость-стул складная
2021-07-13 07:50:12 нет связей - 877  Таблетница с таймером
2021-07-13 07:50:12 нет связей - 875  Щетка для тела деревянная
2021-07-13 07:50:12 нет связей - 869  Контейнер для таблеток на 7 дней
2021-07-13 07:50:12 нет связей - 867  Водонепроницаемая таблетница-брелок
2021-07-13 07:50:12 нет связей - 864  Таблетница с будильником
2021-07-13 07:50:12 нет связей - 618  Трость с фонариком, звуковым сигналом и подлокотником
2021-07-13 07:50:12 нет связей - 616  Складная трость
2021-07-13 07:50:12 нет связей - 614  Массажёр для головы Антистресс
2021-07-13 07:50:12 нет связей - 480  Массажная щетка для тела
2021-07-13 07:50:12 нет связей - 475  Щетка для ванны с длинной ручкой
2021-07-13 07:50:12 нет связей - 473  Измельчитель таблеток
2021-07-13 07:50:12 нет связей - 470  Трость-стул с сиденьем
2021-07-13 07:50:12 нет связей - 468  Таблетница
2021-07-13 07:50:12 нет связей - 466  Таблетница Неделя
2021-07-13 07:50:12 нет связей - 55  Палка хваталка (ручной захват)
2021-07-13 07:50:12 нет связей - 52  Зажим для ключей (ключница)
2021-07-13 07:50:12 нет связей - 34  Устройство для надевания носков
2021-07-13 07:52:00 нет связей - 10860  AUTO-DRAFT
2021-07-13 07:52:00 нет связей - 10859  AUTO-DRAFT
2021-07-13 07:52:00 нет связей - 10841  Стеклянные баночки для специй с крышками-насадками
2021-07-13 07:52:00 нет связей - 10821  Подвесная сумка-органайзер
2021-07-13 07:52:00 нет связей - 10820  Подвесная сумка-органайзер универсальная
2021-07-13 07:52:00 нет связей - 10763  Дорожная подушка-рогалик под шею
2021-07-13 07:52:00 нет связей - 10521  кресло-кравчучка
2021-07-13 07:52:00 нет связей - 10473  Скамейка-подставка под колени
2021-07-13 07:52:00 нет связей - 10336  Треугольная подушка против пролежней
2021-07-13 07:52:00 нет связей - 10329  Шар для полива растений
2021-07-13 07:52:00 нет связей - 10328  Кравчучка-кресло с одинарным колесом
2021-07-13 07:52:00 нет связей - 10327  Кресло-кравчучка с двойным колесом
2021-07-13 07:52:00 нет связей - 10176  Pop It: Игрушка антистресс
2021-07-13 07:52:00 нет связей - 10113  Тарелка для закусок
2021-07-13 07:52:00 нет связей - 9502  Большой бокс для медикаментов
2021-07-13 07:52:00 нет связей - 9259  Столовый набор для людей с тремором или артритом
2021-07-13 07:52:00 нет связей - 9253  Вилка для людей с тремором или артритом
2021-07-13 07:52:00 нет связей - 9246  Прибор для нарезки чеснока
2021-07-13 07:52:00 нет связей - 9243  Ручной мини измельчитель
2021-07-13 07:52:00 нет связей - 9239  Ложка для людей с тремором или артритом
2021-07-13 07:52:00 нет связей - 9133  Ходунки складные алюминиевые
2021-07-13 07:52:00 нет связей - 9132  Стульчик для ванной и душа со спинкой
2021-07-13 07:52:00 нет связей - 9131  Стульчик для ванной и душа
2021-07-13 07:52:00 нет связей - 9130  Стул-туалет складной стальной
2021-07-13 07:52:00 нет связей - 9108  Бандаж для фиксации пальцев правой / левой руки
2021-07-13 07:52:00 нет связей - 9106  Бандаж на лучезапястный сустав с фиксацией пальца
2021-07-13 07:52:00 нет связей - 9105  Напульсник неопреновый
2021-07-13 07:52:00 нет связей - 9104  Бандаж для лучезапястного сустава неопреновый
2021-07-13 07:52:00 нет связей - 9103  Бандаж для голени неопреновый
2021-07-13 07:52:00 нет связей - 9102  Бандаж для голеностопного сустава жесткий
2021-07-13 07:52:00 нет связей - 9100  Бандаж противогрыжевой "паховый"
2021-07-13 07:52:00 нет связей - 9056  Чехол на гипс для кисти руки
2021-07-13 07:52:00 нет связей - 9054  Чехол на гипс до локтя широкий
2021-07-13 07:52:00 нет связей - 9053  Чехол на гипс до локтя
2021-07-13 07:52:00 нет связей - 9048  Защитный чехол на колено
2021-07-13 07:52:00 нет связей - 9027  Чехол до колена
2021-07-13 07:52:00 нет связей - 9025  Чехол до колена широкий
2021-07-13 07:52:00 нет связей - 9024  Чехол на гипс на всю ногу
2021-07-13 07:52:00 нет связей - 9020  Чехол до средины руки для детей / подростков
2021-07-13 07:52:00 нет связей - 9018  Чехол до колена для детей / подростков
2021-07-13 07:52:00 нет связей - 8817  Ленточный ручной массажер
2021-07-13 07:52:00 нет связей - 8805  Таблетница с таймером на неделю: 4 приема
2021-07-13 07:52:00 нет связей - 8798  Кухонные весы с чашей
2021-07-13 07:52:00 нет связей - 8785  Лупа с подсветкой
2021-07-13 07:52:00 нет связей - 8762  Чехол для стопы для детей / подростков
2021-07-13 07:52:00 нет связей - 8760  Защитный чехол на колено для детей / подростков
2021-07-13 07:52:00 нет связей - 8517  Бандаж для шейных позвонков
2021-07-13 07:52:00 нет связей - 8515  Бандаж для фиксации плечевых суставов
2021-07-13 07:52:00 нет связей - 8513  Бандаж для фиксации плечевого сустава
2021-07-13 07:52:00 нет связей - 8511  Бандаж для коленного сустава с открытой чашечкой
2021-07-13 07:52:00 нет связей - 8509  Бандаж для коленного сустава (тутор)
2021-07-13 07:52:00 нет связей - 8507  Бандаж на коленный сустав неопреновый
2021-07-13 07:52:00 нет связей - 8504  Бандаж для голеностопного сустава неопреновый
2021-07-13 07:52:00 нет связей - 8491  Трость с опорой при вставании
2021-07-13 07:52:00 нет связей - 8479  Батлер для надевания компрессионного трикотажа
2021-07-13 07:52:00 нет связей - 8468  Органайзер для носков и белья
2021-07-13 07:52:00 нет связей - 8422  Столик для завтрака
2021-07-13 07:52:00 нет связей - 8374  Роликовый массажер с 4-мя пальцами
2021-07-13 07:52:00 нет связей - 8364  Разделочная доска на мойку 4 в 1
2021-07-13 07:52:00 нет связей - 8358  Органайзер для документов
2021-07-13 07:52:00 нет связей - 8315  Ходунки складные шагающие
2021-07-13 07:52:00 нет связей - 8311  Пульсометр
2021-07-13 07:52:00 нет связей - 8305  Послеоперационная обувь с разгрузкой переднего отдела
2021-07-13 07:52:00 нет связей - 8297  Послеоперационная обувь
2021-07-13 07:52:00 нет связей - 8292  Костыли подмышечные деревянные (пара)
2021-07-13 07:52:00 нет связей - 7904  Бандаж фиксирующий на тазовое кольцо
2021-07-13 07:52:00 нет связей - 7863  Бандаж пористый с ребрами жесткости
2021-07-13 07:52:00 нет связей - 7853  Бандаж послеоперационный Люкс
2021-07-13 07:52:00 нет связей - 7845  Бандаж поддерживающий послеоперационный
2021-07-13 07:52:00 нет связей - 7835  Бандаж послеоперационный поддерживающий
2021-07-13 07:52:00 нет связей - 7824  Бандаж послеоперационный с отверстием для стомы
2021-07-13 07:52:00 нет связей - 7811  Бандаж на грудную клетку женский
2021-07-13 07:52:00 нет связей - 7792  Бандаж на грудную клетку мужской
2021-07-13 07:52:00 нет связей - 7788  Бандаж лучезапястного сустава
2021-07-13 07:52:00 нет связей - 7774  Бандаж - подушка для фиксации бедер
2021-07-13 07:52:00 нет связей - 7769  Бандаж для локтевого сустава
2021-07-13 07:52:00 нет связей - 7763  Бандаж для голеностопного сустава эластичный
2021-07-13 07:52:00 нет связей - 7755  Бандаж для голеностопного сустава
2021-07-13 07:52:00 нет связей - 7462  Ходунки со столиком на 4-х колесах
2021-07-13 07:52:00 нет связей - 7460  Ходунки шагающие складные
2021-07-13 07:52:00 нет связей - 7455  Ходунки не складные регулируемые
2021-07-13 07:52:00 нет связей - 7449  Ходунки базовые
2021-07-13 07:52:00 нет связей - 7070  Трость на 4 опорах
2021-07-13 07:52:00 нет связей - 7068  Ручная лупа
2021-07-13 07:52:00 нет связей - 7066  Подушка от геморроя
2021-07-13 07:52:00 нет связей - 7056  Коробка для таблеток
2021-07-13 07:52:00 нет связей - 6859  Подушка-кольцо от пролежней на пятке и руках
2021-07-13 07:52:00 нет связей - 6775  Чехол на гипс для стопы
2021-07-13 07:52:00 нет связей - 6761  Чехол на гипс на всю руку
2021-07-13 07:52:00 нет связей - 6753  Ортопедическая подушка под ногу
2021-07-13 07:52:00 нет связей - 6742  Переносной подголовник
2021-07-13 07:52:00 нет связей - 6740  Подставка к ванной
2021-07-13 07:52:00 нет связей - 6736  Ступеньки для ванной двойные
2021-07-13 07:52:00 нет связей - 6734  Ступеньки для ванной
2021-07-13 07:52:00 нет связей - 6731  Настенная опора для умывальника
2021-07-13 07:52:00 нет связей - 6726  Опоры угловые внешние
2021-07-13 07:52:00 нет связей - 6724  Опора напольная
2021-07-13 07:52:00 нет связей - 6714  Опора на стену и пол
2021-07-13 07:52:00 нет связей - 6708  Опора откидная
2021-07-13 07:52:00 нет связей - 6695  Настенные поручни для ванной
2021-07-13 07:52:00 нет связей - 6692  Консольная настенная опора
2021-07-13 07:52:00 нет связей - 6686  Поручни изогнутые
2021-07-13 07:52:00 нет связей - 6652  Поручни прямые
2021-07-13 07:52:00 нет связей - 6647  Лупа нашейная
2021-07-13 07:52:00 нет связей - 6541  Подлокотный костыль с мягкой ручкой
2021-07-13 07:52:00 нет связей - 6539  Подлокотный костыль
2021-07-13 07:52:00 нет связей - 6534  Костыль с мягкой анатомической ручкой (1 шт)
2021-07-13 07:52:00 нет связей - 6530  Костыль с механизмом против скольжения (1 шт)
2021-07-13 07:52:00 нет связей - 6527  Трость регулируемая с устройством противоскольжения
2021-07-13 07:52:00 нет связей - 6524  Трость с устройством противоскольжения
2021-07-13 07:52:00 нет связей - 6519  Трость телескопическая
2021-07-13 07:52:00 нет связей - 6517  Трость деревянная конусная
2021-07-13 07:52:00 нет связей - 6483  Трость из стеклопластика
2021-07-13 07:52:00 нет связей - 6480  Костыль металлический (1 шт)
2021-07-13 07:52:00 нет связей - 6476  Трость алюминиевая
2021-07-13 07:52:00 нет связей - 6473  Трость деревянная
2021-07-13 07:52:00 нет связей - 6468  Трость деревянная с анатомической ручкой
2021-07-13 07:52:00 нет связей - 6451  Туалетное сидение высокое
2021-07-13 07:52:00 нет связей - 6427  Запястный тонометр
2021-07-13 07:52:00 нет связей - 6420  Стул-туалет складной со спинкой
2021-07-13 07:52:00 нет связей - 6416  Ходунки двухуровневые складные
2021-07-13 07:52:00 нет связей - 6414  Алюминиевая трость на 4-х опорах с малой базой
2021-07-13 07:52:00 нет связей - 6372  Ячейки для таблеток
2021-07-13 07:52:00 нет связей - 6368  Таблетница пенал
2021-07-13 07:52:00 нет связей - 6359  Круглая таблетница брелок
2021-07-13 07:52:00 нет связей - 6357  Кейс для лекарств
2021-07-13 07:52:00 нет связей - 6355  Контейнер для таблеток Пилюля
2021-07-13 07:52:00 нет связей - 6348  Таблетница Чемодан
2021-07-13 07:52:00 нет связей - 6346  Кейс для хранения таблеток
2021-07-13 07:52:00 нет связей - 6343  Двухуровневая трость
2021-07-13 07:52:00 нет связей - 6340  Трость с изогнутой ручкой
2021-07-13 07:52:00 нет связей - 6338  Трость с регулируемой высотой
2021-07-13 07:52:00 нет связей - 6287  Трость с зонтом
2021-07-13 07:52:00 нет связей - 6283  Силиконовый коврик для массажа ног
2021-07-13 07:52:00 нет связей - 6275  Трость с опорой для руки
2021-07-13 07:52:00 нет связей - 6269  Сидячая ванночка на унитаз
2021-07-13 07:52:00 нет связей - 6266  Подушка для колен
2021-07-13 07:52:00 нет связей - 6262  Открывашка для крышек
2021-07-13 07:52:00 нет связей - 6260  Электронные кухонные весы
2021-07-13 07:52:00 нет связей - 6255  Швейная машинка 4 в 1
2021-07-13 07:52:00 нет связей - 6238  Пеленка одноразовая
2021-07-13 07:52:00 нет связей - 6236  Силиконовая щетка для спины
2021-07-13 07:52:00 нет связей - 6234  Писсуар для лежачих больных
2021-07-13 07:52:00 нет связей - 6232  Яичный сепаратор
2021-07-13 07:52:00 нет связей - 6166  Тачка сумка с металлическими колесами
2021-07-13 07:52:00 нет связей - 6146  Тачка кравчучка с сиденьем
2021-07-13 07:52:00 нет связей - 6132  Сумка с колесиками
2021-07-13 07:52:00 нет связей - 6125  Тачка сумка с колесиками
2021-07-13 07:52:00 нет связей - 6116  Кравчучка с тройным колесом
2021-07-13 07:52:00 нет связей - 6114  Ложка весы
2021-07-13 07:52:00 нет связей - 6112  Отпариватель
2021-07-13 07:52:00 нет связей - 6099  Ходунки на 2-х колесах складные
2021-07-13 07:52:00 нет связей - 6096  Алюминиевая трость на 4-х опорах
2021-07-13 07:52:00 нет связей - 6085  Костыли алюминиевые (пара)
2021-07-13 07:52:00 нет связей - 6083  Туалетное сиденье с поручнями
2021-07-13 07:52:00 нет связей - 6075  Туалетное сидение
2021-07-13 07:52:00 нет связей - 6066  Ирригатор
2021-07-13 07:52:00 нет связей - 6064  Инфракрасный термометр
2021-07-13 07:52:00 нет связей - 6061  Термометр инфракрасный
2021-07-13 07:52:00 нет связей - 6058  Электронный термометр
2021-07-13 07:52:00 нет связей - 6056  Компрессорный небулайзер
2021-07-13 07:52:00 нет связей - 6053  Автоматический тонометр
2021-07-13 07:52:00 нет связей - 5982  Бандаж для лучезапястного сустава
2021-07-13 07:52:00 нет связей - 5973  Бандаж для шейных позвонков
2021-07-13 07:52:00 нет связей - 5970  Бандаж для плечевого сустава
2021-07-13 07:52:00 нет связей - 5969  Бандаж для фиксации пальцев
2021-07-13 07:52:00 нет связей - 5966  Бандаж на палец
2021-07-13 07:52:00 нет связей - 5965  Бандаж на большой палец
2021-07-13 07:52:00 нет связей - 5961  Бандаж для руки
2021-07-13 07:52:00 нет связей - 5947  Бандаж на колено
2021-07-13 07:52:00 нет связей - 5943  Бандаж голено-стопного сустава
2021-07-13 07:52:00 нет связей - 5933  Бандаж для пупочной грыжи
2021-07-13 07:52:00 нет связей - 5927  Бандаж для паховой грыжи
2021-07-13 07:52:00 нет связей - 5922  Бандаж для тазобедренного сустава
2021-07-13 07:52:00 нет связей - 5886  Послеоперационный бандаж
2021-07-13 07:52:01 нет связей - 5875  Сидение для ванны
2021-07-13 07:52:01 нет связей - 5873  Стул-туалет
2021-07-13 07:52:01 нет связей - 5870  Ходунки на 2-х колесах не складные
2021-07-13 07:52:01 нет связей - 5868  Костыль локтевой с регулируемой высотой
2021-07-13 07:52:01 нет связей - 5864  Костыль локтевой
2021-07-13 07:52:01 нет связей - 5862  Деревянный костыль (1 штука)
2021-07-13 07:52:01 нет связей - 5860  Трость 4-х опорная
2021-07-13 07:52:01 нет связей - 5858  Стальная трость
2021-07-13 07:52:01 нет связей - 5855  Трость для слепых
2021-07-13 07:52:01 нет связей - 5825  Ортопедическая стелька
2021-07-13 07:52:01 нет связей - 5705  Изогнутая ложка для пожилых
2021-07-13 07:52:01 нет связей - 5700  Дышащая игрушка собака
2021-07-13 07:52:01 нет связей - 5633  Трость стул на 4 ножках
2021-07-13 07:52:01 нет связей - 5582  Складная лопатка для обуви
2021-07-13 07:52:01 нет связей - 5578  Захват для надевания носков
2021-07-13 07:52:01 нет связей - 5569  Таблетница с напоминанием на неделю: в 2 приема
2021-07-13 07:52:01 нет связей - 5565  Таблетница с таймером на неделю
2021-07-13 07:52:01 нет связей - 5561  Таблетница с таймером на сутки
2021-07-13 07:52:01 нет связей - 5553  Контейнер для таблеток на 7 дней: утро и вечер
2021-07-13 07:52:01 нет связей - 5545  Контейнер для таблеток на неделю
2021-07-13 07:52:01 нет связей - 5538  Таблетница на день
2021-07-13 07:52:01 нет связей - 5505  Вешалка на присосках
2021-07-13 07:52:01 нет связей - 5499  Коробочка макарон
2021-07-13 07:52:01 нет связей - 5472  Электросушилка для обуви
2021-07-13 07:52:01 нет связей - 5469  Комнатные тапочки с пено-гелевой стелькой
2021-07-13 07:52:01 нет связей - 5466  Фиксатор коленного сустава
2021-07-13 07:52:01 нет связей - 5462  Компрессионные носки
2021-07-13 07:52:01 нет связей - 5459  Электрическая массажная щетка
2021-07-13 07:52:01 нет связей - 5457  Дырокол для кожи
2021-07-13 07:52:01 нет связей - 5449  Поильник для лежачих больных
2021-07-13 07:52:01 нет связей - 5443  Одеяло для людей в инвалидной коляске
2021-07-13 07:52:01 нет связей - 5441  Противоскользящая миска на присосках
2021-07-13 07:52:01 нет связей - 5435  Столовый набор для инвалидов и пожилых
2021-07-13 07:52:01 нет связей - 5432  Чашка для пожилых
2021-07-13 07:52:01 нет связей - 5428  Складное ведро
2021-07-13 07:52:01 нет связей - 5424  Приспособление для застегивания браслетов
2021-07-13 07:52:01 нет связей - 5419  Крючок для застегивания пуговиц и молний
2021-07-13 07:52:01 нет связей - 5333  Бутылка-таблетница
2021-07-13 07:52:01 нет связей - 5325  Москитная сетка
2021-07-13 07:52:01 нет связей - 5318  Силиконовые перчатки с щеткой
2021-07-13 07:52:01 нет связей - 5301  Ванночка для мытья головы
2021-07-13 07:52:01 нет связей - 5295  Фиксатор запястья
2021-07-13 07:52:01 нет связей - 5291  Перчатки от артрита
2021-07-13 07:52:01 нет связей - 5287  Наколенник
2021-07-13 07:52:01 нет связей - 5247  Щетка-массажер для ног
2021-07-13 07:52:01 нет связей - 5243  Массажер для спины
2021-07-13 07:52:01 нет связей - 5237  Ходунки для взрослых складные
2021-07-13 07:52:01 нет связей - 5232  Овощерезка Nicer Dicer Quick 5 в 1
2021-07-13 07:52:01 нет связей - 5227  Нагрудник для взрослых
2021-07-13 07:52:01 нет связей - 5184  Ручная швейная машинка
2021-07-13 07:52:01 нет связей - 5139  Каркас туалетный
2021-07-13 07:52:01 нет связей - 5132  Машинка для удаления катышков
2021-07-13 07:52:01 нет связей - 4969  Настольная регулируемая лупа с подсветкой
2021-07-13 07:52:01 нет связей - 4827  Тележка на колесиках складная
2021-07-13 07:52:01 нет связей - 4573  Резак для таблеток
2021-07-13 07:52:01 нет связей - 4354  Настольная лампа с лупой
2021-07-13 07:52:01 нет связей - 4183  Зонт наоборот
2021-07-13 07:52:01 нет связей - 4177  Круглый кухонный нож
2021-07-13 07:52:01 нет связей - 4173  Ортопедическая подушка для сидения
2021-07-13 07:52:01 нет связей - 4168  Устройство для прочистки засоров
2021-07-13 07:52:01 нет связей - 4142  Силиконовые крышки
2021-07-13 07:52:01 нет связей - 4139  Швабра с распылителем
2021-07-13 07:52:01 нет связей - 4133  Механический кухонный таймер
2021-07-13 07:52:01 нет связей - 4129  Светильник с датчиком движения
2021-07-13 07:52:01 нет связей - 4091  Кухонные ножницы
2021-07-13 07:52:01 нет связей - 4088  Овощерезка Nicer Dicer
2021-07-13 07:52:01 нет связей - 4083  Садовые перчатки
2021-07-13 07:52:01 нет связей - 4079  Складная хозяйственная сумка
2021-07-13 07:52:01 нет связей - 3924  Настольная лупа с подсветкой
2021-07-13 07:52:01 нет связей - 3920  Женские домашние тапочки
2021-07-13 07:52:01 нет связей - 3841  Сепаратор для яиц
2021-07-13 07:52:01 нет связей - 3837  Игрушка  «Дышащий кот»
2021-07-13 07:52:01 нет связей - 3832  Органайзер для таблеток со встроенным таймером
2021-07-13 07:52:01 нет связей - 3576  Хозяйственная сумка на колесах
2021-07-13 07:52:01 нет связей - 3574  Накроватный столик-подушка
2021-07-13 07:52:01 нет связей - 3572  Ручная лупа с подсветкой
2021-07-13 07:52:01 нет связей - 3569  Ручная лупа 3 в 1
2021-07-13 07:52:01 нет связей - 3534  Трехкратное увеличительное стекло
2021-07-13 07:52:01 нет связей - 3481  Стул-трость с фонариком
2021-07-13 07:52:01 нет связей - 3475  Стул-трость с четырьмя ножками
2021-07-13 07:52:01 нет связей - 3411  Плед с капюшоном Санта
2021-07-13 07:52:01 нет связей - 3410  Домашние Тапочки
2021-07-13 07:52:01 нет связей - 3405  Чесалка для спины телескопическая
2021-07-13 07:52:01 нет связей - 3321  Педикюрные ножницы с длинными ручками
2021-07-13 07:52:01 нет связей - 3122  Таймер для кухни
2021-07-13 07:52:01 нет связей - 3119  Сумка-трансформер на колесиках
2021-07-13 07:52:01 нет связей - 3091  Сумка аптечка
2021-07-13 07:52:01 нет связей - 3086  Складная трость-стул
2021-07-13 07:52:01 нет связей - 2957  Контейнер для таблеток с таймером
2021-07-13 07:52:01 нет связей - 2905  Сумка хозяйственная на колесах (кравчучка)
2021-07-13 07:52:01 нет связей - 2702  Брелок на ключи со звуковым/световым сигналом
2021-07-13 07:52:01 нет связей - 2596  Приспособление для захвата, зажима и поднятия предметов
2021-07-13 07:52:01 нет связей - 2593  Брелок-сигнализация анти-атака
2021-07-13 07:52:01 нет связей - 2591  Приспособление для захвата и поднятия предметов
2021-07-13 07:52:01 нет связей - 2588  Домашние тапочки-сапожки с новогодним рисунком
2021-07-13 07:52:01 нет связей - 2462  Лопатка для обуви телескопическая
2021-07-13 07:52:01 нет связей - 2250  Расческа с длинной ручкой
2021-07-13 07:52:01 нет связей - 2248  Палка для надевания и снятия одежды и обуви
2021-07-13 07:52:01 нет связей - 1875  Устройство для захвата и поднятия небольших предметов
2021-07-13 07:52:01 нет связей - 1870  Складной стул-унитаз
2021-07-13 07:52:01 нет связей - 1866  Приспособление для надевания носков
2021-07-13 07:52:01 нет связей - 1862  Держатель для туалетной бумаги
2021-07-13 07:52:01 нет связей - 1652  Контейнер для Таблеток на 7 Отсеков
2021-07-13 07:52:01 нет связей - 1650  Ручка на Присосках для Ванной Комнаты
2021-07-13 07:52:01 нет связей - 1645  Перчатка для Шерсти
2021-07-13 07:52:01 нет связей - 1643  Компактная Коробочка Кексик
2021-07-13 07:52:01 нет связей - 1354  Металлическая коробочка Фламинго
2021-07-13 07:52:01 нет связей - 1351  Ручка для переноса пакетов
2021-07-13 07:52:01 нет связей - 1349  Недельный органайзер для приема лекарств и витаминов
2021-07-13 07:52:01 нет связей - 1340  Ручной захват (Grab it)
2021-07-13 07:52:01 нет связей - 879  Трость-стул складная
2021-07-13 07:52:01 нет связей - 877  Таблетница с таймером
2021-07-13 07:52:01 нет связей - 875  Щетка для тела деревянная
2021-07-13 07:52:01 нет связей - 869  Контейнер для таблеток на 7 дней
2021-07-13 07:52:01 нет связей - 867  Водонепроницаемая таблетница-брелок
2021-07-13 07:52:01 нет связей - 864  Таблетница с будильником
2021-07-13 07:52:01 нет связей - 618  Трость с фонариком, звуковым сигналом и подлокотником
2021-07-13 07:52:01 нет связей - 616  Складная трость
2021-07-13 07:52:01 нет связей - 614  Массажёр для головы Антистресс
2021-07-13 07:52:01 нет связей - 480  Массажная щетка для тела
2021-07-13 07:52:01 нет связей - 475  Щетка для ванны с длинной ручкой
2021-07-13 07:52:01 нет связей - 473  Измельчитель таблеток
2021-07-13 07:52:01 нет связей - 470  Трость-стул с сиденьем
2021-07-13 07:52:01 нет связей - 468  Таблетница
2021-07-13 07:52:01 нет связей - 466  Таблетница Неделя
2021-07-13 07:52:01 нет связей - 55  Палка хваталка (ручной захват)
2021-07-13 07:52:01 нет связей - 52  Зажим для ключей (ключница)
2021-07-13 07:52:01 нет связей - 34  Устройство для надевания носков
2021-07-13 07:52:08 нет связей - 10860  AUTO-DRAFT
2021-07-14 00:47:49 нет связей - 10860  AUTO-DRAFT
2021-07-14 00:47:49 нет связей - 10859  AUTO-DRAFT
2021-07-14 00:48:48 нет связей - 10860  AUTO-DRAFT
2021-07-14 00:48:48 нет связей - 10859  AUTO-DRAFT
2021-07-14 05:28:34 нет связей - 10860  AUTO-DRAFT
2021-07-14 05:28:35 нет связей - 10859  AUTO-DRAFT
2021-07-14 05:48:14 нет связей - 10860  AUTO-DRAFT
2021-07-14 05:48:15 нет связей - 10859  AUTO-DRAFT
2021-07-14 05:49:14 нет связей - 10860  AUTO-DRAFT
2021-07-14 05:49:15 нет связей - 10859  AUTO-DRAFT
2021-07-14 05:54:26 нет связей - 10860  AUTO-DRAFT
2021-07-14 05:54:27 нет связей - 10859  AUTO-DRAFT
2021-07-14 05:58:36 нет связей - 10860  AUTO-DRAFT
2021-07-14 05:58:37 нет связей - 10859  AUTO-DRAFT
2021-07-14 05:58:40 нет связей - 10860  AUTO-DRAFT
2021-07-14 05:58:41 нет связей - 10859  AUTO-DRAFT
2021-07-15 00:25:02 нет SKU - 10852  Стеклянные баночки для специй с крышками-насадками - Черный
2021-07-15 00:29:59 нет SKU - 10852  Стеклянные баночки для специй с крышками-насадками - Черный
2021-07-15 00:30:01 нет SKU - 10852  Стеклянные баночки для специй с крышками-насадками - Черный
2021-07-15 00:47:47 нет SKU - 10852  Стеклянные баночки для специй с крышками-насадками - Черный
2021-07-15 00:47:47 нет Price - 10852  Стеклянные баночки для специй с крышками-насадками - Черный
2021-07-15 01:01:21 нет SKU - 10852  Стеклянные баночки для специй с крышками-насадками - Черный
2021-07-15 01:01:21 нет Price - 10852  Стеклянные баночки для специй с крышками-насадками - Черный
2021-07-15 01:01:54 нет SKU - 10852  Стеклянные баночки для специй с крышками-насадками - Черный
2021-07-15 01:01:54 нет Price - 10852  Стеклянные баночки для специй с крышками-насадками - Черный
2021-07-15 01:02:20 нет SKU - 10852  Стеклянные баночки для специй с крышками-насадками - Черный
2021-07-15 01:02:20 нет Price - 10852  Стеклянные баночки для специй с крышками-насадками - Черный
2021-07-15 01:02:38 нет SKU - 10852  Стеклянные баночки для специй с крышками-насадками - Черный
2021-07-15 01:02:38 нет Price - 10852  Стеклянные баночки для специй с крышками-насадками - Черный
2021-07-15 01:03:24 нет SKU - 10852  Стеклянные баночки для специй с крышками-насадками - Черный
2021-07-15 01:03:24 нет Price - 10852  Стеклянные баночки для специй с крышками-насадками - Черный
2021-07-15 01:04:08 нет SKU - 10852  Стеклянные баночки для специй с крышками-насадками - Черный
2021-07-15 01:04:08 нет Price - 10852  Стеклянные баночки для специй с крышками-насадками - Черный
2021-07-15 01:06:27 нет SKU - 10852  Стеклянные баночки для специй с крышками-насадками - Черный
2021-07-15 01:06:27 нет Price - 10852  Стеклянные баночки для специй с крышками-насадками - Черный
2021-07-15 01:06:46 нет SKU - 10852  Стеклянные баночки для специй с крышками-насадками - Черный
2021-07-15 01:06:46 нет Price - 10852  Стеклянные баночки для специй с крышками-насадками - Черный
2021-07-15 01:07:13 нет SKU - 10852  Стеклянные баночки для специй с крышками-насадками - Черный
2021-07-15 01:07:13 нет Price - 10852  Стеклянные баночки для специй с крышками-насадками - Черный
2021-07-15 01:07:49 нет SKU - 10852  Стеклянные баночки для специй с крышками-насадками - Черный
2021-07-15 01:07:49 нет Price - 10852  Стеклянные баночки для специй с крышками-насадками - Черный
2021-07-15 01:46:51 нет SKU - 10852  Стеклянные баночки для специй с крышками-насадками - Черный
2021-07-15 01:46:51 нет Price - 10852  Стеклянные баночки для специй с крышками-насадками - Черный
2021-07-15 01:47:06 нет SKU - 10852  Стеклянные баночки для специй с крышками-насадками - Черный
2021-07-15 01:47:06 нет Price - 10852  Стеклянные баночки для специй с крышками-насадками - Черный
2021-07-15 01:47:09 нет SKU - 10852  Стеклянные баночки для специй с крышками-насадками - Черный
2021-07-15 01:47:09 нет Price - 10852  Стеклянные баночки для специй с крышками-насадками - Черный
2021-07-15 01:48:05 нет SKU - 10852  Стеклянные баночки для специй с крышками-насадками - Черный
2021-07-15 01:48:05 нет Price - 10852  Стеклянные баночки для специй с крышками-насадками - Черный
2021-07-15 01:48:23 нет SKU - 10852  Стеклянные баночки для специй с крышками-насадками - Черный
2021-07-15 01:48:23 нет Price - 10852  Стеклянные баночки для специй с крышками-насадками - Черный
2021-07-15 01:48:53 нет SKU - 10852  Стеклянные баночки для специй с крышками-насадками - Черный
2021-07-15 01:48:53 нет Price - 10852  Стеклянные баночки для специй с крышками-насадками - Черный
2021-07-15 01:49:17 нет SKU - 10852  Стеклянные баночки для специй с крышками-насадками - Черный
2021-07-15 01:49:17 нет Price - 10852  Стеклянные баночки для специй с крышками-насадками - Черный
2021-07-15 01:49:21 нет SKU - 10852  Стеклянные баночки для специй с крышками-насадками - Черный
2021-07-15 01:49:21 нет Price - 10852  Стеклянные баночки для специй с крышками-насадками - Черный
2021-07-15 01:51:08 нет SKU - 10852  Стеклянные баночки для специй с крышками-насадками - Черный
2021-07-15 01:51:08 нет Price - 10852  Стеклянные баночки для специй с крышками-насадками - Черный
2021-07-15 01:51:11 нет SKU - 10852  Стеклянные баночки для специй с крышками-насадками - Черный
2021-07-15 01:51:11 нет Price - 10852  Стеклянные баночки для специй с крышками-насадками - Черный
2021-07-15 01:51:39 нет SKU - 10852  Стеклянные баночки для специй с крышками-насадками - Черный
2021-07-15 01:51:39 нет Price - 10852  Стеклянные баночки для специй с крышками-насадками - Черный
2021-07-15 01:52:02 нет SKU - 10852  Стеклянные баночки для специй с крышками-насадками - Черный
2021-07-15 01:52:02 нет Price - 10852  Стеклянные баночки для специй с крышками-насадками - Черный
2021-07-15 01:52:26 нет SKU - 10852  Стеклянные баночки для специй с крышками-насадками - Черный
2021-07-15 01:52:26 нет Price - 10852  Стеклянные баночки для специй с крышками-насадками - Черный
2021-07-15 01:54:33 нет SKU - 10852  Стеклянные баночки для специй с крышками-насадками - Черный
2021-07-15 01:54:33 нет Price - 10852  Стеклянные баночки для специй с крышками-насадками - Черный
2021-07-15 01:54:34 ошибка получения id товара - Ошибка фильтрации: Ошибка разбора фильтра 'article0313'; Отсутствует оператор 10852  Стеклянные баночки для специй с крышками-насадками - Черный
2021-07-15 01:55:58 нет SKU - 10852  Стеклянные баночки для специй с крышками-насадками - Черный
2021-07-15 01:55:58 нет Price - 10852  Стеклянные баночки для специй с крышками-насадками - Черный
2021-07-15 01:55:58 ошибка получения id товара - Ошибка фильтрации: Ошибка разбора фильтра 'article0313'; Отсутствует оператор id-10852 name- Стеклянные баночки для специй с крышками-насадками - Черный
2021-07-15 01:56:37 нет SKU - 10852  Стеклянные баночки для специй с крышками-насадками - Черный
2021-07-15 01:56:37 нет Price - 10852  Стеклянные баночки для специй с крышками-насадками - Черный
2021-07-15 01:57:27 нет SKU - 10852  Стеклянные баночки для специй с крышками-насадками - Черный
2021-07-15 01:57:27 нет Price - 10852  Стеклянные баночки для специй с крышками-насадками - Черный
2021-07-15 01:59:19 нет SKU - 10852  Стеклянные баночки для специй с крышками-насадками - Черный
2021-07-15 01:59:19 нет Price - 10852  Стеклянные баночки для специй с крышками-насадками - Черный
2021-07-15 02:26:53 нет SKU - 10852  Стеклянные баночки для специй с крышками-насадками - Черный
2021-07-15 02:26:53 нет Price - 10852  Стеклянные баночки для специй с крышками-насадками - Черный
2021-07-15 02:26:54 нет SKU - 10851  Стеклянные баночки для специй с крышками-насадками - Синий
2021-07-15 02:26:54 нет Price - 10851  Стеклянные баночки для специй с крышками-насадками - Синий
2021-07-15 02:26:54 нет SKU - 10827  Подвесная сумка-органайзер - 6
2021-07-15 02:26:54 нет Price - 10827  Подвесная сумка-органайзер - 6
2021-07-15 02:26:55 нет SKU - 10826  Подвесная сумка-органайзер - 5
2021-07-15 02:26:55 нет Price - 10826  Подвесная сумка-органайзер - 5
2021-07-15 02:26:56 нет SKU - 10825  Подвесная сумка-органайзер - 4
2021-07-15 02:26:56 нет Price - 10825  Подвесная сумка-органайзер - 4
2021-07-15 02:26:56 нет SKU - 10824  Подвесная сумка-органайзер - 3
2021-07-15 02:26:56 нет Price - 10824  Подвесная сумка-органайзер - 3
2021-07-15 02:26:57 нет SKU - 10823  Подвесная сумка-органайзер - 2
2021-07-15 02:26:57 нет Price - 10823  Подвесная сумка-органайзер - 2
2021-07-15 02:26:57 нет SKU - 10822  Подвесная сумка-органайзер - 1
2021-07-15 02:26:57 нет Price - 10822  Подвесная сумка-органайзер - 1
2021-07-15 02:26:59 нет SKU - 10766  Дорожная подушка-рогалик под шею - Черный
2021-07-15 02:26:59 нет Price - 10766  Дорожная подушка-рогалик под шею - Черный
2021-07-15 02:26:59 нет SKU - 10765  Дорожная подушка-рогалик под шею - Синий
2021-07-15 02:26:59 нет Price - 10765  Дорожная подушка-рогалик под шею - Синий
2021-07-15 02:27:34 нет Price - 9486  Сумка-трансформер на колесиках - 9
2021-07-15 02:27:39 нет Price - 9478  Сумка-трансформер на колесиках - 11
2021-07-15 02:27:40 нет Price - 9477  Сумка-трансформер на колесиках - 10
2021-07-15 02:28:45 нет Price - 8552  Контейнер для таблеток с таймером - Сиреневый
2021-07-15 02:29:54 нет SKU - 7050  Контейнер для таблеток на 7 дней - Розовый (Незначительные царапины, либо нарушено механизм)
2021-07-15 02:30:04 нет SKU - 6719  Опора на стену и пол - 90 х 90 см
2021-07-15 02:30:04 нет SKU - 6718  Опора на стену и пол - 78 х 78 см
2021-07-15 02:30:26 нет SKU - 6471  Трость деревянная с анатомической ручкой - Правая
2021-07-15 02:30:27 нет SKU - 6470  Трость деревянная с анатомической ручкой - Левая
2021-07-15 02:30:27 нет SKU - 6366  Круглая таблетница брелок - Сиреневый
2021-07-15 02:30:28 нет SKU - 6365  Круглая таблетница брелок - Салатовый
2021-07-15 02:30:29 нет SKU - 6364  Круглая таблетница брелок - Розовый
2021-07-15 02:30:30 нет SKU - 6363  Круглая таблетница брелок - Оранжевый
2021-07-15 02:30:31 нет SKU - 6362  Круглая таблетница брелок - Желтый
2021-07-15 02:30:31 нет SKU - 6361  Круглая таблетница брелок - Голубой
2021-07-15 02:30:32 нет SKU - 6360  Круглая таблетница брелок - Белый
2021-07-15 02:30:36 нет SKU - 6336  Пеленка одноразовая - 60х90, упаковка (30 штук)
2021-07-15 02:31:24 нет SKU - 5938  Бандаж для пупочной грыжи - 4 / 111-120
2021-07-15 02:31:24 нет SKU - 5937  Бандаж для пупочной грыжи - 3 / 101-110
2021-07-15 02:31:25 нет SKU - 5936  Бандаж для пупочной грыжи - 2 / 91-100
2021-07-15 02:31:26 нет SKU - 5935  Бандаж для пупочной грыжи - 1 / 80-90
2021-07-15 02:31:51 нет SKU - 5704  Дышащая игрушка собака - Рыжий
2021-07-15 02:34:46 нет SKU - 10852  Стеклянные баночки для специй с крышками-насадками - Черный
2021-07-15 02:34:46 нет Price - 10852  Стеклянные баночки для специй с крышками-насадками - Черный
2021-07-15 02:34:47 нет SKU - 10851  Стеклянные баночки для специй с крышками-насадками - Синий
2021-07-15 02:34:47 нет Price - 10851  Стеклянные баночки для специй с крышками-насадками - Синий
2021-07-15 02:34:47 нет SKU - 10827  Подвесная сумка-органайзер - 6
2021-07-15 02:34:47 нет Price - 10827  Подвесная сумка-органайзер - 6
2021-07-15 02:34:48 нет SKU - 10826  Подвесная сумка-органайзер - 5
2021-07-15 02:34:48 нет Price - 10826  Подвесная сумка-органайзер - 5
2021-07-15 02:34:49 нет SKU - 10825  Подвесная сумка-органайзер - 4
2021-07-15 02:34:49 нет Price - 10825  Подвесная сумка-органайзер - 4
2021-07-15 02:34:49 нет SKU - 10824  Подвесная сумка-органайзер - 3
2021-07-15 02:34:49 нет Price - 10824  Подвесная сумка-органайзер - 3
2021-07-15 02:34:50 нет SKU - 10823  Подвесная сумка-органайзер - 2
2021-07-15 02:34:50 нет Price - 10823  Подвесная сумка-органайзер - 2
2021-07-15 02:34:50 нет SKU - 10822  Подвесная сумка-органайзер - 1
2021-07-15 02:34:50 нет Price - 10822  Подвесная сумка-органайзер - 1
2021-07-15 02:34:52 нет SKU - 10766  Дорожная подушка-рогалик под шею - Черный
2021-07-15 02:34:52 нет Price - 10766  Дорожная подушка-рогалик под шею - Черный
2021-07-15 02:34:52 нет SKU - 10765  Дорожная подушка-рогалик под шею - Синий
2021-07-15 02:34:52 нет Price - 10765  Дорожная подушка-рогалик под шею - Синий
2021-07-15 02:35:12 нет SKU - 10852  Стеклянные баночки для специй с крышками-насадками - Черный
2021-07-15 02:35:12 нет Price - 10852  Стеклянные баночки для специй с крышками-насадками - Черный
2021-07-15 02:35:23 нет Price - 9486  Сумка-трансформер на колесиках - 9
2021-07-15 02:35:30 нет Price - 9478  Сумка-трансформер на колесиках - 11
2021-07-15 02:35:31 нет Price - 9477  Сумка-трансформер на колесиках - 10
2021-07-15 02:36:12 нет SKU - 10852  Стеклянные баночки для специй с крышками-насадками - Черный
2021-07-15 02:36:12 нет Price - 10852  Стеклянные баночки для специй с крышками-насадками - Черный
2021-07-15 02:36:47 нет SKU - 10852  Стеклянные баночки для специй с крышками-насадками - Черный
2021-07-15 02:36:47 нет Price - 10852  Стеклянные баночки для специй с крышками-насадками - Черный
2021-07-15 02:37:52 нет SKU - 10852  Стеклянные баночки для специй с крышками-насадками - Черный
2021-07-15 02:37:52 нет Price - 10852  Стеклянные баночки для специй с крышками-насадками - Черный
2021-07-15 02:43:30 нет SKU - 10852  Стеклянные баночки для специй с крышками-насадками - Черный
2021-07-15 02:43:30 нет Price - 10852  Стеклянные баночки для специй с крышками-насадками - Черный
2021-07-15 02:43:31 ошибка создания модификации - Ошибка сохранения модификации: модификация с данным набором характеристик уже существует для данного товара id-10852 name- Стеклянные баночки для специй с крышками-насадками - Черный
2021-07-15 02:43:31 нет SKU - 10851  Стеклянные баночки для специй с крышками-насадками - Синий
2021-07-15 02:43:31 нет Price - 10851  Стеклянные баночки для специй с крышками-насадками - Синий
2021-07-15 02:43:32 ошибка создания модификации - Ошибка сохранения объекта: нарушено ограничение уникальности параметра 'code' id-10851 name- Стеклянные баночки для специй с крышками-насадками - Синий
2021-07-15 02:43:32 нет SKU - 10827  Подвесная сумка-органайзер - 6
2021-07-15 02:43:32 нет Price - 10827  Подвесная сумка-органайзер - 6
2021-07-15 02:43:33 ошибка создания модификации - Ошибка сохранения объекта: нарушено ограничение уникальности параметра 'code' id-10827 name- Подвесная сумка-органайзер - 6
2021-07-15 02:43:33 нет SKU - 10826  Подвесная сумка-органайзер - 5
2021-07-15 02:43:33 нет Price - 10826  Подвесная сумка-органайзер - 5
2021-07-15 02:43:35 ошибка создания модификации - Ошибка сохранения объекта: нарушено ограничение уникальности параметра 'code' id-10826 name- Подвесная сумка-органайзер - 5
2021-07-15 02:43:35 нет SKU - 10825  Подвесная сумка-органайзер - 4
2021-07-15 02:43:35 нет Price - 10825  Подвесная сумка-органайзер - 4
2021-07-15 02:43:36 ошибка создания модификации - Ошибка сохранения объекта: нарушено ограничение уникальности параметра 'code' id-10825 name- Подвесная сумка-органайзер - 4
2021-07-15 02:43:36 нет SKU - 10824  Подвесная сумка-органайзер - 3
2021-07-15 02:43:36 нет Price - 10824  Подвесная сумка-органайзер - 3
2021-07-15 02:43:37 ошибка создания модификации - Ошибка сохранения объекта: нарушено ограничение уникальности параметра 'code' id-10824 name- Подвесная сумка-органайзер - 3
2021-07-15 02:43:37 нет SKU - 10823  Подвесная сумка-органайзер - 2
2021-07-15 02:43:37 нет Price - 10823  Подвесная сумка-органайзер - 2
2021-07-15 02:43:38 ошибка создания модификации - Ошибка сохранения объекта: нарушено ограничение уникальности параметра 'code' id-10823 name- Подвесная сумка-органайзер - 2
2021-07-15 02:43:38 нет SKU - 10822  Подвесная сумка-органайзер - 1
2021-07-15 02:43:38 нет Price - 10822  Подвесная сумка-органайзер - 1
2021-07-15 02:43:40 ошибка создания модификации - Ошибка сохранения объекта: нарушено ограничение уникальности параметра 'code' id-10822 name- Подвесная сумка-органайзер - 1
2021-07-15 02:43:41 нет SKU - 10766  Дорожная подушка-рогалик под шею - Черный
2021-07-15 02:43:41 нет Price - 10766  Дорожная подушка-рогалик под шею - Черный
2021-07-15 02:43:42 ошибка создания модификации - Ошибка сохранения объекта: нарушено ограничение уникальности параметра 'code' id-10766 name- Дорожная подушка-рогалик под шею - Черный
2021-07-15 02:43:42 нет SKU - 10765  Дорожная подушка-рогалик под шею - Синий
2021-07-15 02:43:42 нет Price - 10765  Дорожная подушка-рогалик под шею - Синий
2021-07-15 02:43:43 ошибка создания модификации - Ошибка сохранения объекта: нарушено ограничение уникальности параметра 'code' id-10765 name- Дорожная подушка-рогалик под шею - Синий
2021-07-15 02:44:46 нет Price - 9486  Сумка-трансформер на колесиках - 9
2021-07-15 02:44:56 нет Price - 9478  Сумка-трансформер на колесиках - 11
2021-07-15 02:44:57 нет Price - 9477  Сумка-трансформер на колесиках - 10
2021-07-15 02:45:19 ошибка создания модификации - Ошибка сохранения модификации: модификация с данным набором характеристик уже существует для данного товара id-9346 name- Бандаж для фиксации пальцев правой / левой руки - Правая, 2
2021-07-15 02:45:20 ошибка создания модификации - Ошибка сохранения модификации: модификация с данным набором характеристик уже существует для данного товара id-9345 name- Бандаж для фиксации пальцев правой / левой руки - Правая, 1
2021-07-15 02:45:23 ошибка создания модификации - Ошибка сохранения модификации: модификация с данным набором характеристик уже существует для данного товара id-9343 name- Бандаж для фиксации пальцев правой / левой руки - Левая, 2
2021-07-15 02:45:24 ошибка создания модификации - Ошибка сохранения модификации: модификация с данным набором характеристик уже существует для данного товара id-9342 name- Бандаж для фиксации пальцев правой / левой руки - Левая, 1
2021-07-15 02:45:27 ошибка создания модификации - Ошибка сохранения модификации: модификация с данным набором характеристик уже существует для данного товара id-9335 name- Бандаж на лучезапястный сустав с фиксацией пальца - Правая, 2
2021-07-15 02:45:28 ошибка создания модификации - Ошибка сохранения модификации: модификация с данным набором характеристик уже существует для данного товара id-9334 name- Бандаж на лучезапястный сустав с фиксацией пальца - Правая, 1
2021-07-15 02:45:30 ошибка создания модификации - Ошибка сохранения модификации: модификация с данным набором характеристик уже существует для данного товара id-9332 name- Бандаж на лучезапястный сустав с фиксацией пальца - Левая, 2
2021-07-15 02:45:32 ошибка создания модификации - Ошибка сохранения модификации: модификация с данным набором характеристик уже существует для данного товара id-9331 name- Бандаж на лучезапястный сустав с фиксацией пальца - Левая, 1
2021-07-15 02:45:48 ошибка создания модификации - Ошибка сохранения модификации: модификация с данным набором характеристик уже существует для данного товара id-9290 name- Бандаж противогрыжевой "паховый" - Правая, 3
2021-07-15 02:45:49 ошибка создания модификации - Ошибка сохранения модификации: модификация с данным набором характеристик уже существует для данного товара id-9289 name- Бандаж противогрыжевой "паховый" - Правая, 2
2021-07-15 02:45:50 ошибка создания модификации - Ошибка сохранения модификации: модификация с данным набором характеристик уже существует для данного товара id-9288 name- Бандаж противогрыжевой "паховый" - Правая, 1
2021-07-15 02:45:53 ошибка создания модификации - Ошибка сохранения модификации: модификация с данным набором характеристик уже существует для данного товара id-9286 name- Бандаж противогрыжевой "паховый" - Левая, 3
2021-07-15 02:45:54 ошибка создания модификации - Ошибка сохранения модификации: модификация с данным набором характеристик уже существует для данного товара id-9285 name- Бандаж противогрыжевой "паховый" - Левая, 2
2021-07-15 02:45:55 ошибка создания модификации - Ошибка сохранения модификации: модификация с данным набором характеристик уже существует для данного товара id-9284 name- Бандаж противогрыжевой "паховый" - Левая, 1
2021-07-15 02:46:33 ошибка создания модификации - Ошибка сохранения модификации: модификация с данным набором характеристик уже существует для данного товара id-8670 name- Бандаж для фиксации плечевого сустава - Правая, 5
2021-07-15 02:46:34 ошибка создания модификации - Ошибка сохранения модификации: модификация с данным набором характеристик уже существует для данного товара id-8669 name- Бандаж для фиксации плечевого сустава - Правая, 4
2021-07-15 02:46:35 ошибка создания модификации - Ошибка сохранения модификации: модификация с данным набором характеристик уже существует для данного товара id-8668 name- Бандаж для фиксации плечевого сустава - Правая, 3
2021-07-15 02:46:36 ошибка создания модификации - Ошибка сохранения модификации: модификация с данным набором характеристик уже существует для данного товара id-8667 name- Бандаж для фиксации плечевого сустава - Правая, 2
2021-07-15 02:46:38 ошибка создания модификации - Ошибка сохранения модификации: модификация с данным набором характеристик уже существует для данного товара id-8666 name- Бандаж для фиксации плечевого сустава - Правая, 1
2021-07-15 02:46:41 ошибка создания модификации - Ошибка сохранения модификации: модификация с данным набором характеристик уже существует для данного товара id-8664 name- Бандаж для фиксации плечевого сустава - Левая, 5
2021-07-15 02:46:43 ошибка создания модификации - Ошибка сохранения модификации: модификация с данным набором характеристик уже существует для данного товара id-8663 name- Бандаж для фиксации плечевого сустава - Левая, 4
2021-07-15 02:46:44 ошибка создания модификации - Ошибка сохранения модификации: модификация с данным набором характеристик уже существует для данного товара id-8662 name- Бандаж для фиксации плечевого сустава - Левая, 3
2021-07-15 02:46:45 ошибка создания модификации - Ошибка сохранения модификации: модификация с данным набором характеристик уже существует для данного товара id-8661 name- Бандаж для фиксации плечевого сустава - Левая, 2
2021-07-15 02:46:46 ошибка создания модификации - Ошибка сохранения модификации: модификация с данным набором характеристик уже существует для данного товара id-8660 name- Бандаж для фиксации плечевого сустава - Левая, 1
2021-07-15 02:47:18 нет Price - 8552  Контейнер для таблеток с таймером - Сиреневый
2021-07-15 02:49:47 нет SKU - 7050  Контейнер для таблеток на 7 дней - Розовый (Незначительные царапины, либо нарушено механизм)
2021-07-15 02:49:48 ошибка создания модификации - Ошибка сохранения объекта: нарушено ограничение уникальности параметра 'code' id-7050 name- Контейнер для таблеток на 7 дней - Розовый (Незначительные царапины, либо нарушено механизм)
2021-07-15 02:50:03 нет SKU - 6719  Опора на стену и пол - 90 х 90 см
2021-07-15 02:50:05 ошибка создания модификации - Ошибка сохранения объекта: нарушено ограничение уникальности параметра 'code' id-6719 name- Опора на стену и пол - 90 х 90 см
2021-07-15 02:50:05 нет SKU - 6718  Опора на стену и пол - 78 х 78 см
2021-07-15 02:50:06 ошибка создания модификации - Ошибка сохранения объекта: нарушено ограничение уникальности параметра 'code' id-6718 name- Опора на стену и пол - 78 х 78 см
2021-07-15 02:50:42 ошибка создания модификации - Ошибка сохранения модификации: модификация с данным набором характеристик уже существует для данного товара id-6538 name- Костыль с мягкой анатомической ручкой (1 шт) - Правая, Серый
2021-07-15 02:50:44 ошибка создания модификации - Ошибка сохранения модификации: модификация с данным набором характеристик уже существует для данного товара id-6537 name- Костыль с мягкой анатомической ручкой (1 шт) - Левая, Серый
2021-07-15 02:50:44 нет SKU - 6471  Трость деревянная с анатомической ручкой - Правая
2021-07-15 02:50:45 ошибка создания модификации - Ошибка сохранения объекта: нарушено ограничение уникальности параметра 'code' id-6471 name- Трость деревянная с анатомической ручкой - Правая
2021-07-15 02:50:45 нет SKU - 6470  Трость деревянная с анатомической ручкой - Левая
2021-07-15 02:50:46 ошибка создания модификации - Ошибка сохранения объекта: нарушено ограничение уникальности параметра 'code' id-6470 name- Трость деревянная с анатомической ручкой - Левая
2021-07-15 02:50:46 нет SKU - 6366  Круглая таблетница брелок - Сиреневый
2021-07-15 02:50:47 ошибка создания модификации - Ошибка сохранения объекта: нарушено ограничение уникальности параметра 'code' id-6366 name- Круглая таблетница брелок - Сиреневый
2021-07-15 02:50:47 нет SKU - 6365  Круглая таблетница брелок - Салатовый
2021-07-15 02:50:49 ошибка создания модификации - Ошибка сохранения объекта: нарушено ограничение уникальности параметра 'code' id-6365 name- Круглая таблетница брелок - Салатовый
2021-07-15 02:50:49 нет SKU - 6364  Круглая таблетница брелок - Розовый
2021-07-15 02:50:50 ошибка создания модификации - Ошибка сохранения объекта: нарушено ограничение уникальности параметра 'code' id-6364 name- Круглая таблетница брелок - Розовый
2021-07-15 02:50:50 нет SKU - 6363  Круглая таблетница брелок - Оранжевый
2021-07-15 02:50:51 ошибка создания модификации - Ошибка сохранения объекта: нарушено ограничение уникальности параметра 'code' id-6363 name- Круглая таблетница брелок - Оранжевый
2021-07-15 02:50:51 нет SKU - 6362  Круглая таблетница брелок - Желтый
2021-07-15 02:50:52 ошибка создания модификации - Ошибка сохранения объекта: нарушено ограничение уникальности параметра 'code' id-6362 name- Круглая таблетница брелок - Желтый
2021-07-15 02:50:52 нет SKU - 6361  Круглая таблетница брелок - Голубой
2021-07-15 02:50:54 ошибка создания модификации - Ошибка сохранения объекта: нарушено ограничение уникальности параметра 'code' id-6361 name- Круглая таблетница брелок - Голубой
2021-07-15 02:50:54 нет SKU - 6360  Круглая таблетница брелок - Белый
2021-07-15 02:50:55 ошибка создания модификации - Ошибка сохранения объекта: нарушено ограничение уникальности параметра 'code' id-6360 name- Круглая таблетница брелок - Белый
2021-07-15 02:51:01 нет SKU - 6336  Пеленка одноразовая - 60х90, упаковка (30 штук)
2021-07-15 02:51:02 ошибка создания модификации - Ошибка сохранения объекта: нарушено ограничение уникальности параметра 'code' id-6336 name- Пеленка одноразовая - 60х90, упаковка (30 штук)
2021-07-15 02:52:34 нет SKU - 5938  Бандаж для пупочной грыжи - 4 / 111-120
2021-07-15 02:52:35 ошибка создания модификации - Ошибка сохранения объекта: нарушено ограничение уникальности параметра 'code' id-5938 name- Бандаж для пупочной грыжи - 4 / 111-120
2021-07-15 02:52:35 нет SKU - 5937  Бандаж для пупочной грыжи - 3 / 101-110
2021-07-15 02:52:36 ошибка создания модификации - Ошибка сохранения объекта: нарушено ограничение уникальности параметра 'code' id-5937 name- Бандаж для пупочной грыжи - 3 / 101-110
2021-07-15 02:52:36 нет SKU - 5936  Бандаж для пупочной грыжи - 2 / 91-100
2021-07-15 02:52:38 ошибка создания модификации - Ошибка сохранения объекта: нарушено ограничение уникальности параметра 'code' id-5936 name- Бандаж для пупочной грыжи - 2 / 91-100
2021-07-15 02:52:38 нет SKU - 5935  Бандаж для пупочной грыжи - 1 / 80-90
2021-07-15 02:52:39 ошибка создания модификации - Ошибка сохранения объекта: нарушено ограничение уникальности параметра 'code' id-5935 name- Бандаж для пупочной грыжи - 1 / 80-90
2021-07-15 02:52:47 ошибка создания модификации - Ошибка сохранения модификации: модификация с данным набором характеристик уже существует для данного товара id-5925 name- Бандаж для тазобедренного сустава
2021-07-15 02:52:49 ошибка создания модификации - Ошибка сохранения модификации: модификация с данным набором характеристик уже существует для данного товара id-5923 name- Бандаж для тазобедренного сустава
2021-07-15 02:53:26 нет SKU - 5704  Дышащая игрушка собака - Рыжий
2021-07-15 02:53:28 ошибка создания модификации - Ошибка сохранения объекта: нарушено ограничение уникальности параметра 'code' id-5704 name- Дышащая игрушка собака - Рыжий
2021-07-15 02:54:00 нет SKU - 5498  Механический кухонный таймер - Белый
2021-07-15 02:54:01 ошибка создания модификации - Ошибка сохранения объекта: нарушено ограничение уникальности параметра 'code' id-5498 name- Механический кухонный таймер - Белый
2021-07-15 02:54:01 нет SKU - 5497  Механический кухонный таймер - Голубой
2021-07-15 02:54:02 ошибка создания модификации - Ошибка сохранения объекта: нарушено ограничение уникальности параметра 'code' id-5497 name- Механический кухонный таймер - Голубой
2021-07-15 02:54:02 нет SKU - 5496  Механический кухонный таймер - Желтый
2021-07-15 02:54:03 ошибка создания модификации - Ошибка сохранения объекта: нарушено ограничение уникальности параметра 'code' id-5496 name- Механический кухонный таймер - Желтый
2021-07-15 05:55:06 нет связей - 10860  AUTO-DRAFT
2021-07-15 05:55:08 нет связей - 10859  AUTO-DRAFT
2021-07-15 16:30:40 уже существует заказ - 10907
2021-07-15 16:30:40 уже существует заказ - 10906
2021-07-15 08:02:24 нет Price - 10827  Подвесная сумка-органайзер - 6
2021-07-15 08:04:42 нет Price - 10852  Стеклянные баночки для специй с крышками-насадками - Черный
2021-07-15 08:04:43 ошибка создания модификации - Ошибка сохранения модификации: модификация с данным набором характеристик уже существует для данного товара id-10852 name- Стеклянные баночки для специй с крышками-насадками - Черный
2021-07-15 08:06:37 нет Price - 10852  Стеклянные баночки для специй с крышками-насадками - Черный
2021-07-15 12:18:46 нет Price - 10851  Стеклянные баночки для специй с крышками-насадками - Синий
2021-07-15 12:20:31 нет Price - 10826  Подвесная сумка-органайзер - 5
2021-07-15 12:21:21 нет Price - 10825  Подвесная сумка-органайзер - 4
2021-07-15 12:23:06 нет Price - 10824  Подвесная сумка-органайзер - 3
2021-07-15 12:23:23 нет Price - 10823  Подвесная сумка-органайзер - 2
2021-07-15 12:23:37 нет Price - 10822  Подвесная сумка-органайзер - 1
2021-07-15 12:24:18 нет Price - 10766  Дорожная подушка-рогалик под шею - Черный
2021-07-15 12:24:41 нет Price - 10765  Дорожная подушка-рогалик под шею - Синий
2021-07-15 13:17:03 нет связей - 10860  AUTO-DRAFT
2021-07-15 13:17:05 нет связей - 10859  AUTO-DRAFT
2021-07-15 22:22:06 уже существует заказ - 10912
2021-07-15 22:22:06 уже существует заказ - 10911
2021-07-15 22:28:26 уже существует заказ - 10913
2021-07-15 22:28:26 уже существует заказ - 10912
2021-07-15 22:28:26 уже существует заказ - 10911
2021-07-15 23:12:15 уже существует заказ - 10914
2021-07-15 23:12:48 агент создан Array
2021-07-15 23:16:52 агент создан Array
2021-07-15 23:18:20 агент создан Array
2021-07-15 23:25:28 агент создан Array
2021-07-15 23:32:52 агент уже создан Array
2021-07-15 23:35:03 агент уже создан https://online.moysklad.ru/api/remap/1.2/entity/counterparty/cb1c100d-e5aa-11eb-0a80-083200034aff
